{"contracts\\base\\MonstropolyDeployer.sol":{"l":{"19":161,"20":161,"21":161,"22":161,"26":184,"27":184,"28":184,"30":184,"34":19,"35":19,"37":19,"41":295,"42":295,"46":295,"48":295,"49":5,"50":5,"51":5,"53":0,"56":3,"58":290,"61":293,"65":309,"69":309,"70":309},"path":"C:\\Users\\Guillermo\\Documents\\_monstropolis\\monstropoly-contracts\\contracts\\base\\MonstropolyDeployer.sol","s":{"1":161,"2":161,"3":161,"4":161,"5":184,"6":184,"7":184,"8":184,"9":19,"10":19,"11":19,"12":295,"13":295,"14":295,"15":5,"16":5,"17":5,"18":0,"19":3,"20":290,"21":293,"22":309,"23":309,"24":309},"b":{"1":[184,0],"2":[19,0],"3":[5,290],"4":[5,0]},"f":{"1":161,"2":184,"3":19,"4":295,"5":309},"fnMap":{"1":{"name":"constructor","line":18,"loc":{"start":{"line":18,"column":4},"end":{"line":23,"column":4}}},"2":{"name":"setId","line":25,"loc":{"start":{"line":25,"column":4},"end":{"line":31,"column":4}}},"3":{"name":"deployProxyWithImplementation","line":33,"loc":{"start":{"line":33,"column":4},"end":{"line":38,"column":4}}},"4":{"name":"deploy","line":40,"loc":{"start":{"line":40,"column":4},"end":{"line":62,"column":4}}},"5":{"name":"_deployProxy","line":64,"loc":{"start":{"line":64,"column":4},"end":{"line":71,"column":4}}}},"statementMap":{"1":{"start":{"line":19,"column":8},"end":{"line":19,"column":29}},"2":{"start":{"line":20,"column":8},"end":{"line":20,"column":49}},"3":{"start":{"line":21,"column":8},"end":{"line":21,"column":52}},"4":{"start":{"line":22,"column":8},"end":{"line":22,"column":47}},"5":{"start":{"line":26,"column":8},"end":{"line":26,"column":79}},"6":{"start":{"line":27,"column":8},"end":{"line":27,"column":21}},"7":{"start":{"line":28,"column":8},"end":{"line":28,"column":22}},"8":{"start":{"line":30,"column":8},"end":{"line":30,"column":28}},"9":{"start":{"line":34,"column":8},"end":{"line":34,"column":79}},"10":{"start":{"line":35,"column":8},"end":{"line":35,"column":59}},"11":{"start":{"line":37,"column":8},"end":{"line":37,"column":59}},"12":{"start":{"line":41,"column":8},"end":{"line":41,"column":20}},"13":{"start":{"line":46,"column":8},"end":{"line":46,"column":38}},"14":{"start":{"line":48,"column":8},"end":{"line":48,"column":1877}},"15":{"start":{"line":49,"column":12},"end":{"line":49,"column":74}},"16":{"start":{"line":50,"column":12},"end":{"line":50,"column":2005}},"17":{"start":{"line":51,"column":16},"end":{"line":51,"column":73}},"18":{"start":{"line":53,"column":16},"end":{"line":53,"column":46}},"19":{"start":{"line":56,"column":12},"end":{"line":56,"column":25}},"20":{"start":{"line":58,"column":12},"end":{"line":58,"column":63}},"21":{"start":{"line":61,"column":8},"end":{"line":61,"column":61}},"22":{"start":{"line":65,"column":8},"end":{"line":65,"column":2532}},"23":{"start":{"line":69,"column":8},"end":{"line":69,"column":31}},"24":{"start":{"line":70,"column":8},"end":{"line":70,"column":32}}},"branchMap":{"1":{"line":26,"type":"if","locations":[{"start":{"line":26,"column":8},"end":{"line":26,"column":8}},{"start":{"line":26,"column":8},"end":{"line":26,"column":8}}]},"2":{"line":34,"type":"if","locations":[{"start":{"line":34,"column":8},"end":{"line":34,"column":8}},{"start":{"line":34,"column":8},"end":{"line":34,"column":8}}]},"3":{"line":48,"type":"if","locations":[{"start":{"line":48,"column":8},"end":{"line":48,"column":8}},{"start":{"line":48,"column":8},"end":{"line":48,"column":8}}]},"4":{"line":50,"type":"if","locations":[{"start":{"line":50,"column":12},"end":{"line":50,"column":12}},{"start":{"line":50,"column":12},"end":{"line":50,"column":12}}]}}},"contracts\\defi\\MonstropolyFarming.sol":{"l":{"41":8,"42":0,"44":8,"45":8,"46":8,"47":8,"48":3,"50":8,"55":8,"56":8,"57":8,"58":8,"63":4,"65":4,"67":4,"68":4,"70":4,"71":4,"74":4,"75":4,"77":4,"79":4,"80":4,"82":4,"83":4,"86":4,"88":4,"89":4,"90":4,"95":2,"97":2,"98":2,"100":2,"102":2,"103":2,"105":2,"106":2,"107":2,"109":2,"110":2,"113":2,"115":2,"116":1,"119":2,"121":2,"122":2,"123":2,"124":2,"128":2,"129":2,"134":2,"135":2,"137":2,"138":2,"140":2,"142":2,"144":2,"145":2,"146":2,"151":1,"152":1,"156":7,"157":7,"158":7,"159":3,"160":3,"161":3,"168":0,"169":0,"170":0,"171":0,"172":0,"173":0,"174":0,"176":0,"180":26,"181":26,"182":26,"187":0,"188":0,"189":0,"190":0,"192":0,"198":0,"199":0,"200":0,"201":0,"202":0,"207":3,"208":3,"212":0,"213":0,"214":0,"217":0,"218":0,"219":0,"223":4,"227":1,"228":1,"229":1,"230":1,"231":1,"232":1,"233":1,"237":0,"238":0,"239":0,"244":1,"246":1,"247":1,"248":1,"249":1,"250":1,"251":1,"253":1,"255":0},"path":"C:\\Users\\Guillermo\\Documents\\_monstropolis\\monstropoly-contracts\\contracts\\defi\\MonstropolyFarming.sol","s":{"1":8,"2":0,"3":8,"4":8,"5":8,"6":8,"7":3,"8":8,"9":8,"10":8,"11":8,"12":8,"13":4,"14":4,"15":4,"16":4,"17":4,"18":4,"19":4,"20":4,"21":4,"22":4,"23":4,"24":4,"25":4,"26":4,"27":4,"28":4,"29":4,"30":2,"31":2,"32":2,"33":2,"34":2,"35":2,"36":2,"37":2,"38":2,"39":2,"40":2,"41":2,"42":2,"43":1,"44":2,"45":2,"46":2,"47":2,"48":2,"49":2,"50":2,"51":2,"52":2,"53":2,"54":2,"55":2,"56":2,"57":2,"58":2,"59":2,"60":1,"61":1,"62":7,"63":7,"64":7,"65":3,"66":3,"67":3,"68":0,"69":0,"70":0,"71":0,"72":0,"73":0,"74":0,"75":0,"76":26,"77":26,"78":26,"79":0,"80":0,"81":0,"82":0,"83":0,"84":0,"85":0,"86":0,"87":0,"88":0,"89":3,"90":3,"91":0,"92":0,"93":0,"94":0,"95":0,"96":0,"97":4,"98":1,"99":1,"100":1,"101":1,"102":1,"103":1,"104":1,"105":0,"106":0,"107":0,"108":1,"109":1,"110":1,"111":1,"112":1,"113":1,"114":1,"115":1,"116":0},"b":{"1":[0,8],"2":[3,5],"3":[4,0],"4":[4,0],"5":[4,0],"6":[4,0],"7":[4,0],"8":[4,0],"9":[2,0],"10":[2,0],"11":[2,0],"12":[1,1],"13":[2,0],"14":[2,0],"15":[3,4],"16":[0,0],"17":[0,0],"18":[0,0],"19":[0,0],"20":[1,0],"21":[1,0],"22":[1,0]},"f":{"1":8,"2":8,"3":4,"4":2,"5":2,"6":2,"7":1,"8":7,"9":0,"10":26,"11":0,"12":0,"13":3,"14":0,"15":4,"16":1,"17":0,"18":1},"fnMap":{"1":{"name":"_update","line":40,"loc":{"start":{"line":40,"column":4},"end":{"line":51,"column":4}}},"2":{"name":"_updateRewards","line":54,"loc":{"start":{"line":54,"column":4},"end":{"line":59,"column":4}}},"3":{"name":"depositFrom","line":62,"loc":{"start":{"line":62,"column":4},"end":{"line":91,"column":4}}},"4":{"name":"withdraw","line":94,"loc":{"start":{"line":94,"column":4},"end":{"line":125,"column":4}}},"5":{"name":"withdrawAll","line":127,"loc":{"start":{"line":127,"column":4},"end":{"line":130,"column":4}}},"6":{"name":"claim","line":133,"loc":{"start":{"line":133,"column":4},"end":{"line":147,"column":4}}},"7":{"name":"toggleAutoreward","line":150,"loc":{"start":{"line":150,"column":4},"end":{"line":153,"column":4}}},"8":{"name":"_reward","line":155,"loc":{"start":{"line":155,"column":4},"end":{"line":163,"column":4}}},"9":{"name":"pendingRewards","line":167,"loc":{"start":{"line":167,"column":4},"end":{"line":177,"column":4}}},"10":{"name":"initialize","line":179,"loc":{"start":{"line":179,"column":4},"end":{"line":183,"column":4}}},"11":{"name":"getTokenGap","line":186,"loc":{"start":{"line":186,"column":4},"end":{"line":194,"column":4}}},"12":{"name":"syncBalance","line":197,"loc":{"start":{"line":197,"column":4},"end":{"line":203,"column":4}}},"13":{"name":"getUserBalance","line":206,"loc":{"start":{"line":206,"column":4},"end":{"line":209,"column":4}}},"14":{"name":"migrate","line":211,"loc":{"start":{"line":211,"column":4},"end":{"line":220,"column":4}}},"15":{"name":"setLP","line":222,"loc":{"start":{"line":222,"column":4},"end":{"line":224,"column":4}}},"16":{"name":"emergencyWithdraw","line":226,"loc":{"start":{"line":226,"column":4},"end":{"line":234,"column":4}}},"17":{"name":"depositAll","line":236,"loc":{"start":{"line":236,"column":4},"end":{"line":240,"column":4}}},"18":{"name":"lastReward","line":242,"loc":{"start":{"line":242,"column":4},"end":{"line":257,"column":4}}}},"statementMap":{"1":{"start":{"line":41,"column":6},"end":{"line":41,"column":1450}},"2":{"start":{"line":42,"column":8},"end":{"line":42,"column":14}},"3":{"start":{"line":44,"column":6},"end":{"line":44,"column":142}},"4":{"start":{"line":45,"column":6},"end":{"line":45,"column":112}},"5":{"start":{"line":46,"column":6},"end":{"line":46,"column":26}},"6":{"start":{"line":47,"column":6},"end":{"line":47,"column":1807}},"7":{"start":{"line":48,"column":8},"end":{"line":48,"column":56}},"8":{"start":{"line":50,"column":6},"end":{"line":50,"column":30}},"9":{"start":{"line":55,"column":6},"end":{"line":55,"column":48}},"10":{"start":{"line":56,"column":6},"end":{"line":56,"column":57}},"11":{"start":{"line":57,"column":6},"end":{"line":57,"column":49}},"12":{"start":{"line":58,"column":6},"end":{"line":58,"column":41}},"13":{"start":{"line":63,"column":6},"end":{"line":63,"column":72}},"14":{"start":{"line":65,"column":6},"end":{"line":65,"column":48}},"15":{"start":{"line":67,"column":6},"end":{"line":67,"column":14}},"16":{"start":{"line":68,"column":6},"end":{"line":68,"column":28}},"17":{"start":{"line":70,"column":6},"end":{"line":70,"column":2559}},"18":{"start":{"line":71,"column":8},"end":{"line":71,"column":19}},"19":{"start":{"line":74,"column":6},"end":{"line":74,"column":26}},"20":{"start":{"line":75,"column":6},"end":{"line":75,"column":22}},"21":{"start":{"line":77,"column":6},"end":{"line":77,"column":62}},"22":{"start":{"line":79,"column":6},"end":{"line":79,"column":108}},"23":{"start":{"line":80,"column":6},"end":{"line":80,"column":120}},"24":{"start":{"line":82,"column":6},"end":{"line":82,"column":2986}},"25":{"start":{"line":83,"column":8},"end":{"line":83,"column":23}},"26":{"start":{"line":86,"column":6},"end":{"line":86,"column":120}},"27":{"start":{"line":88,"column":6},"end":{"line":88,"column":67}},"28":{"start":{"line":89,"column":6},"end":{"line":89,"column":81}},"29":{"start":{"line":90,"column":6},"end":{"line":90,"column":35}},"30":{"start":{"line":95,"column":6},"end":{"line":95,"column":72}},"31":{"start":{"line":97,"column":6},"end":{"line":97,"column":34}},"32":{"start":{"line":98,"column":6},"end":{"line":98,"column":48}},"33":{"start":{"line":100,"column":6},"end":{"line":100,"column":94}},"34":{"start":{"line":102,"column":6},"end":{"line":102,"column":14}},"35":{"start":{"line":103,"column":6},"end":{"line":103,"column":28}},"36":{"start":{"line":105,"column":6},"end":{"line":105,"column":41}},"37":{"start":{"line":106,"column":6},"end":{"line":106,"column":26}},"38":{"start":{"line":107,"column":6},"end":{"line":107,"column":22}},"39":{"start":{"line":109,"column":6},"end":{"line":109,"column":3916}},"40":{"start":{"line":110,"column":8},"end":{"line":110,"column":19}},"41":{"start":{"line":113,"column":6},"end":{"line":113,"column":62}},"42":{"start":{"line":115,"column":6},"end":{"line":115,"column":4047}},"43":{"start":{"line":116,"column":8},"end":{"line":116,"column":23}},"44":{"start":{"line":119,"column":6},"end":{"line":119,"column":102}},"45":{"start":{"line":121,"column":6},"end":{"line":121,"column":67}},"46":{"start":{"line":122,"column":6},"end":{"line":122,"column":81}},"47":{"start":{"line":123,"column":6},"end":{"line":123,"column":36}},"48":{"start":{"line":124,"column":6},"end":{"line":124,"column":19}},"49":{"start":{"line":128,"column":6},"end":{"line":128,"column":49}},"50":{"start":{"line":129,"column":6},"end":{"line":129,"column":29}},"51":{"start":{"line":134,"column":6},"end":{"line":134,"column":34}},"52":{"start":{"line":135,"column":6},"end":{"line":135,"column":48}},"53":{"start":{"line":137,"column":6},"end":{"line":137,"column":14}},"54":{"start":{"line":138,"column":6},"end":{"line":138,"column":28}},"55":{"start":{"line":140,"column":6},"end":{"line":140,"column":73}},"56":{"start":{"line":142,"column":6},"end":{"line":142,"column":21}},"57":{"start":{"line":144,"column":6},"end":{"line":144,"column":67}},"58":{"start":{"line":145,"column":6},"end":{"line":145,"column":81}},"59":{"start":{"line":146,"column":6},"end":{"line":146,"column":25}},"60":{"start":{"line":151,"column":6},"end":{"line":151,"column":29}},"61":{"start":{"line":152,"column":6},"end":{"line":152,"column":39}},"62":{"start":{"line":156,"column":6},"end":{"line":156,"column":142}},"63":{"start":{"line":157,"column":6},"end":{"line":157,"column":52}},"64":{"start":{"line":158,"column":6},"end":{"line":158,"column":5542}},"65":{"start":{"line":159,"column":8},"end":{"line":159,"column":40}},"66":{"start":{"line":160,"column":8},"end":{"line":160,"column":51}},"67":{"start":{"line":161,"column":8},"end":{"line":161,"column":37}},"68":{"start":{"line":168,"column":8},"end":{"line":168,"column":47}},"69":{"start":{"line":169,"column":8},"end":{"line":169,"column":41}},"70":{"start":{"line":170,"column":8},"end":{"line":170,"column":5932}},"71":{"start":{"line":171,"column":10},"end":{"line":171,"column":146}},"72":{"start":{"line":172,"column":10},"end":{"line":172,"column":116}},"73":{"start":{"line":173,"column":10},"end":{"line":173,"column":53}},"74":{"start":{"line":174,"column":10},"end":{"line":174,"column":87}},"75":{"start":{"line":176,"column":8},"end":{"line":176,"column":22}},"76":{"start":{"line":180,"column":6},"end":{"line":180,"column":50}},"77":{"start":{"line":181,"column":6},"end":{"line":181,"column":22}},"78":{"start":{"line":182,"column":6},"end":{"line":182,"column":30}},"79":{"start":{"line":187,"column":6},"end":{"line":187,"column":62}},"80":{"start":{"line":188,"column":6},"end":{"line":188,"column":68}},"81":{"start":{"line":189,"column":6},"end":{"line":189,"column":6808}},"82":{"start":{"line":190,"column":8},"end":{"line":190,"column":37}},"83":{"start":{"line":192,"column":8},"end":{"line":192,"column":16}},"84":{"start":{"line":198,"column":6},"end":{"line":198,"column":62}},"85":{"start":{"line":199,"column":6},"end":{"line":199,"column":33}},"86":{"start":{"line":200,"column":6},"end":{"line":200,"column":60}},"87":{"start":{"line":201,"column":6},"end":{"line":201,"column":42}},"88":{"start":{"line":202,"column":6},"end":{"line":202,"column":36}},"89":{"start":{"line":207,"column":6},"end":{"line":207,"column":45}},"90":{"start":{"line":208,"column":6},"end":{"line":208,"column":24}},"91":{"start":{"line":212,"column":6},"end":{"line":212,"column":34}},"92":{"start":{"line":213,"column":6},"end":{"line":213,"column":58}},"93":{"start":{"line":214,"column":6},"end":{"line":214,"column":7716}},"94":{"start":{"line":217,"column":6},"end":{"line":217,"column":61}},"95":{"start":{"line":218,"column":6},"end":{"line":218,"column":64}},"96":{"start":{"line":219,"column":6},"end":{"line":219,"column":21}},"97":{"start":{"line":223,"column":6},"end":{"line":223,"column":15}},"98":{"start":{"line":227,"column":6},"end":{"line":227,"column":49}},"99":{"start":{"line":228,"column":6},"end":{"line":228,"column":69}},"100":{"start":{"line":229,"column":6},"end":{"line":229,"column":62}},"101":{"start":{"line":230,"column":6},"end":{"line":230,"column":43}},"102":{"start":{"line":231,"column":6},"end":{"line":231,"column":22}},"103":{"start":{"line":232,"column":6},"end":{"line":232,"column":48}},"104":{"start":{"line":233,"column":6},"end":{"line":233,"column":19}},"105":{"start":{"line":237,"column":6},"end":{"line":237,"column":62}},"106":{"start":{"line":238,"column":6},"end":{"line":238,"column":56}},"107":{"start":{"line":239,"column":6},"end":{"line":239,"column":33}},"108":{"start":{"line":244,"column":6},"end":{"line":244,"column":142}},"109":{"start":{"line":246,"column":6},"end":{"line":246,"column":8986}},"110":{"start":{"line":247,"column":10},"end":{"line":247,"column":60}},"111":{"start":{"line":248,"column":10},"end":{"line":248,"column":9161}},"112":{"start":{"line":249,"column":14},"end":{"line":249,"column":121}},"113":{"start":{"line":250,"column":14},"end":{"line":250,"column":125}},"114":{"start":{"line":251,"column":14},"end":{"line":251,"column":38}},"115":{"start":{"line":253,"column":10},"end":{"line":253,"column":115}},"116":{"start":{"line":255,"column":10},"end":{"line":255,"column":18}}},"branchMap":{"1":{"line":41,"type":"if","locations":[{"start":{"line":41,"column":6},"end":{"line":41,"column":6}},{"start":{"line":41,"column":6},"end":{"line":41,"column":6}}]},"2":{"line":47,"type":"if","locations":[{"start":{"line":47,"column":6},"end":{"line":47,"column":6}},{"start":{"line":47,"column":6},"end":{"line":47,"column":6}}]},"3":{"line":63,"type":"if","locations":[{"start":{"line":63,"column":6},"end":{"line":63,"column":6}},{"start":{"line":63,"column":6},"end":{"line":63,"column":6}}]},"4":{"line":70,"type":"if","locations":[{"start":{"line":70,"column":6},"end":{"line":70,"column":6}},{"start":{"line":70,"column":6},"end":{"line":70,"column":6}}]},"5":{"line":79,"type":"if","locations":[{"start":{"line":79,"column":6},"end":{"line":79,"column":6}},{"start":{"line":79,"column":6},"end":{"line":79,"column":6}}]},"6":{"line":80,"type":"if","locations":[{"start":{"line":80,"column":6},"end":{"line":80,"column":6}},{"start":{"line":80,"column":6},"end":{"line":80,"column":6}}]},"7":{"line":82,"type":"if","locations":[{"start":{"line":82,"column":6},"end":{"line":82,"column":6}},{"start":{"line":82,"column":6},"end":{"line":82,"column":6}}]},"8":{"line":86,"type":"if","locations":[{"start":{"line":86,"column":6},"end":{"line":86,"column":6}},{"start":{"line":86,"column":6},"end":{"line":86,"column":6}}]},"9":{"line":95,"type":"if","locations":[{"start":{"line":95,"column":6},"end":{"line":95,"column":6}},{"start":{"line":95,"column":6},"end":{"line":95,"column":6}}]},"10":{"line":100,"type":"if","locations":[{"start":{"line":100,"column":6},"end":{"line":100,"column":6}},{"start":{"line":100,"column":6},"end":{"line":100,"column":6}}]},"11":{"line":109,"type":"if","locations":[{"start":{"line":109,"column":6},"end":{"line":109,"column":6}},{"start":{"line":109,"column":6},"end":{"line":109,"column":6}}]},"12":{"line":115,"type":"if","locations":[{"start":{"line":115,"column":6},"end":{"line":115,"column":6}},{"start":{"line":115,"column":6},"end":{"line":115,"column":6}}]},"13":{"line":119,"type":"if","locations":[{"start":{"line":119,"column":6},"end":{"line":119,"column":6}},{"start":{"line":119,"column":6},"end":{"line":119,"column":6}}]},"14":{"line":140,"type":"if","locations":[{"start":{"line":140,"column":6},"end":{"line":140,"column":6}},{"start":{"line":140,"column":6},"end":{"line":140,"column":6}}]},"15":{"line":158,"type":"if","locations":[{"start":{"line":158,"column":6},"end":{"line":158,"column":6}},{"start":{"line":158,"column":6},"end":{"line":158,"column":6}}]},"16":{"line":170,"type":"if","locations":[{"start":{"line":170,"column":8},"end":{"line":170,"column":8}},{"start":{"line":170,"column":8},"end":{"line":170,"column":8}}]},"17":{"line":189,"type":"if","locations":[{"start":{"line":189,"column":6},"end":{"line":189,"column":6}},{"start":{"line":189,"column":6},"end":{"line":189,"column":6}}]},"18":{"line":200,"type":"if","locations":[{"start":{"line":200,"column":6},"end":{"line":200,"column":6}},{"start":{"line":200,"column":6},"end":{"line":200,"column":6}}]},"19":{"line":217,"type":"if","locations":[{"start":{"line":217,"column":6},"end":{"line":217,"column":6}},{"start":{"line":217,"column":6},"end":{"line":217,"column":6}}]},"20":{"line":228,"type":"if","locations":[{"start":{"line":228,"column":6},"end":{"line":228,"column":6}},{"start":{"line":228,"column":6},"end":{"line":228,"column":6}}]},"21":{"line":246,"type":"if","locations":[{"start":{"line":246,"column":6},"end":{"line":246,"column":6}},{"start":{"line":246,"column":6},"end":{"line":246,"column":6}}]},"22":{"line":248,"type":"if","locations":[{"start":{"line":248,"column":10},"end":{"line":248,"column":10}},{"start":{"line":248,"column":10},"end":{"line":248,"column":10}}]}}},"contracts\\defi\\MonstropolyStaking.sol":{"l":{"50":13,"51":0,"53":13,"54":13,"55":13,"56":13,"57":7,"59":13,"64":2,"65":2,"66":2,"67":2,"68":2,"73":0,"74":0,"79":13,"80":13,"81":13,"82":13,"87":9,"89":7,"91":7,"92":7,"94":7,"95":7,"98":7,"99":7,"100":7,"101":7,"102":7,"103":7,"105":7,"107":7,"108":7,"110":7,"111":7,"114":7,"116":7,"117":7,"118":7,"123":7,"125":5,"126":5,"128":5,"130":3,"131":3,"133":3,"134":3,"135":3,"137":3,"138":3,"141":3,"143":3,"144":3,"146":3,"147":3,"149":3,"150":2,"153":3,"155":3,"156":3,"157":3,"158":3,"162":5,"163":5,"168":3,"169":3,"171":3,"172":3,"174":3,"176":3,"178":3,"179":3,"180":3,"185":0,"186":0,"190":13,"191":13,"192":13,"193":6,"194":6,"195":6,"201":3,"202":3,"203":3,"208":0,"209":0,"211":0,"217":0,"218":0,"219":0,"220":0,"221":0,"222":0,"223":0,"225":0,"229":26,"230":26,"231":26,"232":26,"233":26,"234":26,"239":0,"240":0,"241":0,"246":0,"247":0,"248":0,"249":0,"250":0,"255":6,"256":6,"260":0,"261":0,"262":0,"265":0,"266":0,"267":0,"271":1,"272":1,"273":1,"274":1,"275":1,"276":1,"277":1,"281":0,"282":0,"283":0,"288":1,"290":1,"291":1,"292":1,"293":1,"294":1,"295":1,"297":1,"299":0},"path":"C:\\Users\\Guillermo\\Documents\\_monstropolis\\monstropoly-contracts\\contracts\\defi\\MonstropolyStaking.sol","s":{"1":13,"2":0,"3":13,"4":13,"5":13,"6":13,"7":7,"8":13,"9":2,"10":2,"11":2,"12":2,"13":2,"14":0,"15":0,"16":13,"17":13,"18":13,"19":13,"20":9,"21":7,"22":7,"23":7,"24":7,"25":7,"26":7,"27":7,"28":7,"29":7,"30":7,"31":7,"32":7,"33":7,"34":7,"35":7,"36":7,"37":7,"38":7,"39":7,"40":7,"41":7,"42":5,"43":5,"44":5,"45":3,"46":3,"47":3,"48":3,"49":3,"50":3,"51":3,"52":3,"53":3,"54":3,"55":3,"56":3,"57":3,"58":2,"59":3,"60":3,"61":3,"62":3,"63":3,"64":5,"65":5,"66":3,"67":3,"68":3,"69":3,"70":3,"71":3,"72":3,"73":3,"74":3,"75":0,"76":0,"77":13,"78":13,"79":13,"80":6,"81":6,"82":6,"83":3,"84":3,"85":3,"86":0,"87":0,"88":0,"89":0,"90":0,"91":0,"92":0,"93":0,"94":0,"95":0,"96":0,"97":26,"98":26,"99":26,"100":26,"101":26,"102":26,"103":0,"104":0,"105":0,"106":0,"107":0,"108":0,"109":0,"110":0,"111":6,"112":6,"113":0,"114":0,"115":0,"116":0,"117":0,"118":0,"119":1,"120":1,"121":1,"122":1,"123":1,"124":1,"125":1,"126":0,"127":0,"128":0,"129":1,"130":1,"131":1,"132":1,"133":1,"134":1,"135":1,"136":1,"137":0},"b":{"1":[0,13],"2":[7,6],"3":[2,0],"4":[2,0],"5":[7,2],"6":[7,0],"7":[7,0],"8":[7,0],"9":[7,0],"10":[7,0],"11":[5,2],"12":[3,2],"13":[3,0],"14":[3,0],"15":[2,1],"16":[3,0],"17":[6,7],"18":[0,0],"19":[0,0],"20":[0,0],"21":[0,0],"22":[1,0],"23":[1,0],"24":[1,0]},"f":{"1":13,"2":2,"3":0,"4":13,"5":9,"6":7,"7":5,"8":3,"9":0,"10":13,"11":3,"12":0,"13":0,"14":26,"15":0,"16":0,"17":6,"18":0,"19":1,"20":0,"21":1},"fnMap":{"1":{"name":"_update","line":49,"loc":{"start":{"line":49,"column":4},"end":{"line":60,"column":4}}},"2":{"name":"setFees","line":63,"loc":{"start":{"line":63,"column":4},"end":{"line":69,"column":4}}},"3":{"name":"setFeeInterval","line":72,"loc":{"start":{"line":72,"column":4},"end":{"line":75,"column":4}}},"4":{"name":"_updateRewards","line":78,"loc":{"start":{"line":78,"column":4},"end":{"line":83,"column":4}}},"5":{"name":"depositFrom","line":86,"loc":{"start":{"line":86,"column":4},"end":{"line":119,"column":4}}},"6":{"name":"withdraw","line":122,"loc":{"start":{"line":122,"column":4},"end":{"line":159,"column":4}}},"7":{"name":"withdrawAll","line":161,"loc":{"start":{"line":161,"column":4},"end":{"line":164,"column":4}}},"8":{"name":"claim","line":167,"loc":{"start":{"line":167,"column":4},"end":{"line":181,"column":4}}},"9":{"name":"toggleAutoreward","line":184,"loc":{"start":{"line":184,"column":4},"end":{"line":187,"column":4}}},"10":{"name":"_reward","line":189,"loc":{"start":{"line":189,"column":4},"end":{"line":197,"column":4}}},"11":{"name":"getFee","line":200,"loc":{"start":{"line":200,"column":4},"end":{"line":204,"column":4}}},"12":{"name":"getBlocksLeft","line":207,"loc":{"start":{"line":207,"column":4},"end":{"line":213,"column":4}}},"13":{"name":"pendingRewards","line":216,"loc":{"start":{"line":216,"column":4},"end":{"line":226,"column":4}}},"14":{"name":"initialize","line":228,"loc":{"start":{"line":228,"column":4},"end":{"line":235,"column":4}}},"15":{"name":"getTokenGap","line":238,"loc":{"start":{"line":238,"column":4},"end":{"line":242,"column":4}}},"16":{"name":"syncBalance","line":245,"loc":{"start":{"line":245,"column":4},"end":{"line":251,"column":4}}},"17":{"name":"getUserBalance","line":254,"loc":{"start":{"line":254,"column":4},"end":{"line":257,"column":4}}},"18":{"name":"migrate","line":259,"loc":{"start":{"line":259,"column":4},"end":{"line":268,"column":4}}},"19":{"name":"emergencyWithdraw","line":270,"loc":{"start":{"line":270,"column":4},"end":{"line":278,"column":4}}},"20":{"name":"depositAll","line":280,"loc":{"start":{"line":280,"column":4},"end":{"line":284,"column":4}}},"21":{"name":"lastReward","line":286,"loc":{"start":{"line":286,"column":4},"end":{"line":301,"column":4}}}},"statementMap":{"1":{"start":{"line":50,"column":6},"end":{"line":50,"column":1705}},"2":{"start":{"line":51,"column":8},"end":{"line":51,"column":14}},"3":{"start":{"line":53,"column":6},"end":{"line":53,"column":142}},"4":{"start":{"line":54,"column":6},"end":{"line":54,"column":112}},"5":{"start":{"line":55,"column":6},"end":{"line":55,"column":26}},"6":{"start":{"line":56,"column":6},"end":{"line":56,"column":2062}},"7":{"start":{"line":57,"column":8},"end":{"line":57,"column":56}},"8":{"start":{"line":59,"column":6},"end":{"line":59,"column":30}},"9":{"start":{"line":64,"column":6},"end":{"line":64,"column":109}},"10":{"start":{"line":65,"column":6},"end":{"line":65,"column":101}},"11":{"start":{"line":66,"column":6},"end":{"line":66,"column":21}},"12":{"start":{"line":67,"column":6},"end":{"line":67,"column":21}},"13":{"start":{"line":68,"column":6},"end":{"line":68,"column":34}},"14":{"start":{"line":73,"column":6},"end":{"line":73,"column":31}},"15":{"start":{"line":74,"column":6},"end":{"line":74,"column":38}},"16":{"start":{"line":79,"column":6},"end":{"line":79,"column":48}},"17":{"start":{"line":80,"column":6},"end":{"line":80,"column":57}},"18":{"start":{"line":81,"column":6},"end":{"line":81,"column":49}},"19":{"start":{"line":82,"column":6},"end":{"line":82,"column":41}},"20":{"start":{"line":87,"column":6},"end":{"line":87,"column":72}},"21":{"start":{"line":89,"column":6},"end":{"line":89,"column":48}},"22":{"start":{"line":91,"column":6},"end":{"line":91,"column":14}},"23":{"start":{"line":92,"column":6},"end":{"line":92,"column":28}},"24":{"start":{"line":94,"column":6},"end":{"line":94,"column":3478}},"25":{"start":{"line":95,"column":8},"end":{"line":95,"column":19}},"26":{"start":{"line":98,"column":6},"end":{"line":98,"column":50}},"27":{"start":{"line":99,"column":6},"end":{"line":99,"column":25}},"28":{"start":{"line":100,"column":6},"end":{"line":100,"column":25}},"29":{"start":{"line":101,"column":6},"end":{"line":101,"column":35}},"30":{"start":{"line":102,"column":6},"end":{"line":102,"column":26}},"31":{"start":{"line":103,"column":6},"end":{"line":103,"column":22}},"32":{"start":{"line":105,"column":6},"end":{"line":105,"column":112}},"33":{"start":{"line":107,"column":6},"end":{"line":107,"column":108}},"34":{"start":{"line":108,"column":6},"end":{"line":108,"column":120}},"35":{"start":{"line":110,"column":6},"end":{"line":110,"column":4106}},"36":{"start":{"line":111,"column":8},"end":{"line":111,"column":23}},"37":{"start":{"line":114,"column":6},"end":{"line":114,"column":120}},"38":{"start":{"line":116,"column":6},"end":{"line":116,"column":67}},"39":{"start":{"line":117,"column":6},"end":{"line":117,"column":99}},"40":{"start":{"line":118,"column":6},"end":{"line":118,"column":35}},"41":{"start":{"line":123,"column":6},"end":{"line":123,"column":72}},"42":{"start":{"line":125,"column":6},"end":{"line":125,"column":34}},"43":{"start":{"line":126,"column":6},"end":{"line":126,"column":48}},"44":{"start":{"line":128,"column":6},"end":{"line":128,"column":94}},"45":{"start":{"line":130,"column":6},"end":{"line":130,"column":14}},"46":{"start":{"line":131,"column":6},"end":{"line":131,"column":28}},"47":{"start":{"line":133,"column":6},"end":{"line":133,"column":41}},"48":{"start":{"line":134,"column":6},"end":{"line":134,"column":26}},"49":{"start":{"line":135,"column":6},"end":{"line":135,"column":22}},"50":{"start":{"line":137,"column":6},"end":{"line":137,"column":5054}},"51":{"start":{"line":138,"column":8},"end":{"line":138,"column":19}},"52":{"start":{"line":141,"column":6},"end":{"line":141,"column":112}},"53":{"start":{"line":143,"column":6},"end":{"line":143,"column":54}},"54":{"start":{"line":144,"column":6},"end":{"line":144,"column":21}},"55":{"start":{"line":146,"column":6},"end":{"line":146,"column":5319}},"56":{"start":{"line":147,"column":8},"end":{"line":147,"column":23}},"57":{"start":{"line":149,"column":6},"end":{"line":149,"column":5379}},"58":{"start":{"line":150,"column":8},"end":{"line":150,"column":53}},"59":{"start":{"line":153,"column":6},"end":{"line":153,"column":45}},"60":{"start":{"line":155,"column":6},"end":{"line":155,"column":67}},"61":{"start":{"line":156,"column":6},"end":{"line":156,"column":99}},"62":{"start":{"line":157,"column":6},"end":{"line":157,"column":44}},"63":{"start":{"line":158,"column":6},"end":{"line":158,"column":19}},"64":{"start":{"line":162,"column":6},"end":{"line":162,"column":49}},"65":{"start":{"line":163,"column":6},"end":{"line":163,"column":29}},"66":{"start":{"line":168,"column":6},"end":{"line":168,"column":34}},"67":{"start":{"line":169,"column":6},"end":{"line":169,"column":48}},"68":{"start":{"line":171,"column":6},"end":{"line":171,"column":14}},"69":{"start":{"line":172,"column":6},"end":{"line":172,"column":28}},"70":{"start":{"line":174,"column":6},"end":{"line":174,"column":73}},"71":{"start":{"line":176,"column":6},"end":{"line":176,"column":21}},"72":{"start":{"line":178,"column":6},"end":{"line":178,"column":67}},"73":{"start":{"line":179,"column":6},"end":{"line":179,"column":99}},"74":{"start":{"line":180,"column":6},"end":{"line":180,"column":25}},"75":{"start":{"line":185,"column":6},"end":{"line":185,"column":29}},"76":{"start":{"line":186,"column":6},"end":{"line":186,"column":39}},"77":{"start":{"line":190,"column":6},"end":{"line":190,"column":142}},"78":{"start":{"line":191,"column":6},"end":{"line":191,"column":52}},"79":{"start":{"line":192,"column":6},"end":{"line":192,"column":6896}},"80":{"start":{"line":193,"column":8},"end":{"line":193,"column":40}},"81":{"start":{"line":194,"column":8},"end":{"line":194,"column":51}},"82":{"start":{"line":195,"column":8},"end":{"line":195,"column":37}},"83":{"start":{"line":201,"column":6},"end":{"line":201,"column":47}},"84":{"start":{"line":202,"column":6},"end":{"line":202,"column":171}},"85":{"start":{"line":203,"column":6},"end":{"line":203,"column":50}},"86":{"start":{"line":208,"column":6},"end":{"line":208,"column":7580}},"87":{"start":{"line":209,"column":8},"end":{"line":209,"column":16}},"88":{"start":{"line":211,"column":8},"end":{"line":211,"column":60}},"89":{"start":{"line":217,"column":8},"end":{"line":217,"column":47}},"90":{"start":{"line":218,"column":8},"end":{"line":218,"column":41}},"91":{"start":{"line":219,"column":8},"end":{"line":219,"column":7962}},"92":{"start":{"line":220,"column":10},"end":{"line":220,"column":146}},"93":{"start":{"line":221,"column":10},"end":{"line":221,"column":116}},"94":{"start":{"line":222,"column":10},"end":{"line":222,"column":53}},"95":{"start":{"line":223,"column":10},"end":{"line":223,"column":87}},"96":{"start":{"line":225,"column":8},"end":{"line":225,"column":22}},"97":{"start":{"line":229,"column":6},"end":{"line":229,"column":50}},"98":{"start":{"line":230,"column":6},"end":{"line":230,"column":18}},"99":{"start":{"line":231,"column":6},"end":{"line":231,"column":18}},"100":{"start":{"line":232,"column":6},"end":{"line":232,"column":26}},"101":{"start":{"line":233,"column":6},"end":{"line":233,"column":22}},"102":{"start":{"line":234,"column":6},"end":{"line":234,"column":30}},"103":{"start":{"line":239,"column":6},"end":{"line":239,"column":112}},"104":{"start":{"line":240,"column":6},"end":{"line":240,"column":68}},"105":{"start":{"line":241,"column":6},"end":{"line":241,"column":35}},"106":{"start":{"line":246,"column":6},"end":{"line":246,"column":112}},"107":{"start":{"line":247,"column":6},"end":{"line":247,"column":33}},"108":{"start":{"line":248,"column":6},"end":{"line":248,"column":60}},"109":{"start":{"line":249,"column":6},"end":{"line":249,"column":42}},"110":{"start":{"line":250,"column":6},"end":{"line":250,"column":36}},"111":{"start":{"line":255,"column":6},"end":{"line":255,"column":45}},"112":{"start":{"line":256,"column":6},"end":{"line":256,"column":24}},"113":{"start":{"line":260,"column":6},"end":{"line":260,"column":34}},"114":{"start":{"line":261,"column":6},"end":{"line":261,"column":58}},"115":{"start":{"line":262,"column":6},"end":{"line":262,"column":9835}},"116":{"start":{"line":265,"column":6},"end":{"line":265,"column":61}},"117":{"start":{"line":266,"column":6},"end":{"line":266,"column":64}},"118":{"start":{"line":267,"column":6},"end":{"line":267,"column":21}},"119":{"start":{"line":271,"column":6},"end":{"line":271,"column":49}},"120":{"start":{"line":272,"column":6},"end":{"line":272,"column":69}},"121":{"start":{"line":273,"column":6},"end":{"line":273,"column":112}},"122":{"start":{"line":274,"column":6},"end":{"line":274,"column":43}},"123":{"start":{"line":275,"column":6},"end":{"line":275,"column":22}},"124":{"start":{"line":276,"column":6},"end":{"line":276,"column":48}},"125":{"start":{"line":277,"column":6},"end":{"line":277,"column":19}},"126":{"start":{"line":281,"column":6},"end":{"line":281,"column":112}},"127":{"start":{"line":282,"column":6},"end":{"line":282,"column":56}},"128":{"start":{"line":283,"column":6},"end":{"line":283,"column":33}},"129":{"start":{"line":288,"column":6},"end":{"line":288,"column":142}},"130":{"start":{"line":290,"column":6},"end":{"line":290,"column":11104}},"131":{"start":{"line":291,"column":10},"end":{"line":291,"column":60}},"132":{"start":{"line":292,"column":10},"end":{"line":292,"column":11279}},"133":{"start":{"line":293,"column":14},"end":{"line":293,"column":121}},"134":{"start":{"line":294,"column":14},"end":{"line":294,"column":125}},"135":{"start":{"line":295,"column":14},"end":{"line":295,"column":38}},"136":{"start":{"line":297,"column":10},"end":{"line":297,"column":115}},"137":{"start":{"line":299,"column":10},"end":{"line":299,"column":18}}},"branchMap":{"1":{"line":50,"type":"if","locations":[{"start":{"line":50,"column":6},"end":{"line":50,"column":6}},{"start":{"line":50,"column":6},"end":{"line":50,"column":6}}]},"2":{"line":56,"type":"if","locations":[{"start":{"line":56,"column":6},"end":{"line":56,"column":6}},{"start":{"line":56,"column":6},"end":{"line":56,"column":6}}]},"3":{"line":64,"type":"if","locations":[{"start":{"line":64,"column":6},"end":{"line":64,"column":6}},{"start":{"line":64,"column":6},"end":{"line":64,"column":6}}]},"4":{"line":65,"type":"if","locations":[{"start":{"line":65,"column":6},"end":{"line":65,"column":6}},{"start":{"line":65,"column":6},"end":{"line":65,"column":6}}]},"5":{"line":87,"type":"if","locations":[{"start":{"line":87,"column":6},"end":{"line":87,"column":6}},{"start":{"line":87,"column":6},"end":{"line":87,"column":6}}]},"6":{"line":94,"type":"if","locations":[{"start":{"line":94,"column":6},"end":{"line":94,"column":6}},{"start":{"line":94,"column":6},"end":{"line":94,"column":6}}]},"7":{"line":107,"type":"if","locations":[{"start":{"line":107,"column":6},"end":{"line":107,"column":6}},{"start":{"line":107,"column":6},"end":{"line":107,"column":6}}]},"8":{"line":108,"type":"if","locations":[{"start":{"line":108,"column":6},"end":{"line":108,"column":6}},{"start":{"line":108,"column":6},"end":{"line":108,"column":6}}]},"9":{"line":110,"type":"if","locations":[{"start":{"line":110,"column":6},"end":{"line":110,"column":6}},{"start":{"line":110,"column":6},"end":{"line":110,"column":6}}]},"10":{"line":114,"type":"if","locations":[{"start":{"line":114,"column":6},"end":{"line":114,"column":6}},{"start":{"line":114,"column":6},"end":{"line":114,"column":6}}]},"11":{"line":123,"type":"if","locations":[{"start":{"line":123,"column":6},"end":{"line":123,"column":6}},{"start":{"line":123,"column":6},"end":{"line":123,"column":6}}]},"12":{"line":128,"type":"if","locations":[{"start":{"line":128,"column":6},"end":{"line":128,"column":6}},{"start":{"line":128,"column":6},"end":{"line":128,"column":6}}]},"13":{"line":137,"type":"if","locations":[{"start":{"line":137,"column":6},"end":{"line":137,"column":6}},{"start":{"line":137,"column":6},"end":{"line":137,"column":6}}]},"14":{"line":146,"type":"if","locations":[{"start":{"line":146,"column":6},"end":{"line":146,"column":6}},{"start":{"line":146,"column":6},"end":{"line":146,"column":6}}]},"15":{"line":149,"type":"if","locations":[{"start":{"line":149,"column":6},"end":{"line":149,"column":6}},{"start":{"line":149,"column":6},"end":{"line":149,"column":6}}]},"16":{"line":174,"type":"if","locations":[{"start":{"line":174,"column":6},"end":{"line":174,"column":6}},{"start":{"line":174,"column":6},"end":{"line":174,"column":6}}]},"17":{"line":192,"type":"if","locations":[{"start":{"line":192,"column":6},"end":{"line":192,"column":6}},{"start":{"line":192,"column":6},"end":{"line":192,"column":6}}]},"18":{"line":208,"type":"if","locations":[{"start":{"line":208,"column":6},"end":{"line":208,"column":6}},{"start":{"line":208,"column":6},"end":{"line":208,"column":6}}]},"19":{"line":219,"type":"if","locations":[{"start":{"line":219,"column":8},"end":{"line":219,"column":8}},{"start":{"line":219,"column":8},"end":{"line":219,"column":8}}]},"20":{"line":248,"type":"if","locations":[{"start":{"line":248,"column":6},"end":{"line":248,"column":6}},{"start":{"line":248,"column":6},"end":{"line":248,"column":6}}]},"21":{"line":265,"type":"if","locations":[{"start":{"line":265,"column":6},"end":{"line":265,"column":6}},{"start":{"line":265,"column":6},"end":{"line":265,"column":6}}]},"22":{"line":272,"type":"if","locations":[{"start":{"line":272,"column":6},"end":{"line":272,"column":6}},{"start":{"line":272,"column":6},"end":{"line":272,"column":6}}]},"23":{"line":290,"type":"if","locations":[{"start":{"line":290,"column":6},"end":{"line":290,"column":6}},{"start":{"line":290,"column":6},"end":{"line":290,"column":6}}]},"24":{"line":292,"type":"if","locations":[{"start":{"line":292,"column":10},"end":{"line":292,"column":10}},{"start":{"line":292,"column":10},"end":{"line":292,"column":10}}]}}},"contracts\\erc20\\MonstropolyERC20.sol":{"l":{"25":63,"26":63,"27":63,"28":63,"29":63,"30":63,"34":250,"38":0,"42":3,"46":0,"47":0,"51":0,"55":63,"56":63,"60":10,"61":10,"65":10,"66":10,"70":3,"74":2,"78":6,"79":5,"80":5,"84":0,"85":0,"89":2,"90":2,"95":1,"96":1,"105":217,"106":211,"110":217,"111":6,"112":6,"113":6},"path":"C:\\Users\\Guillermo\\Documents\\_monstropolis\\monstropoly-contracts\\contracts\\erc20\\MonstropolyERC20.sol","s":{"1":63,"2":63,"3":63,"4":63,"5":63,"6":63,"7":250,"8":0,"9":3,"10":0,"11":0,"12":0,"13":63,"14":63,"15":10,"16":10,"17":10,"18":10,"19":3,"20":2,"21":6,"22":5,"23":5,"24":0,"25":0,"26":2,"27":2,"28":1,"29":1,"30":217,"31":211,"32":217,"33":6,"34":6,"35":6},"b":{"1":[63,0],"2":[10,0],"3":[5,1],"4":[0,0],"5":[6,211],"6":[0,6]},"f":{"1":63,"2":250,"3":0,"4":3,"5":0,"6":0,"7":63,"8":10,"9":10,"10":3,"11":2,"12":6,"13":0,"14":2,"15":1,"16":217,"17":217},"fnMap":{"1":{"name":"initialize","line":24,"loc":{"start":{"line":24,"column":4},"end":{"line":31,"column":4}}},"2":{"name":"_msgSender","line":33,"loc":{"start":{"line":33,"column":4},"end":{"line":35,"column":4}}},"3":{"name":"_msgData","line":37,"loc":{"start":{"line":37,"column":4},"end":{"line":39,"column":4}}},"4":{"name":"setTrustedForwarder","line":41,"loc":{"start":{"line":41,"column":4},"end":{"line":43,"column":4}}},"5":{"name":"approveAll","line":45,"loc":{"start":{"line":45,"column":4},"end":{"line":48,"column":4}}},"6":{"name":"mint","line":50,"loc":{"start":{"line":50,"column":4},"end":{"line":52,"column":4}}},"7":{"name":"_mint","line":54,"loc":{"start":{"line":54,"column":4},"end":{"line":57,"column":4}}},"8":{"name":"_burn","line":59,"loc":{"start":{"line":59,"column":4},"end":{"line":62,"column":4}}},"9":{"name":"burnFrom","line":64,"loc":{"start":{"line":64,"column":4},"end":{"line":67,"column":4}}},"10":{"name":"snapshot","line":69,"loc":{"start":{"line":69,"column":4},"end":{"line":71,"column":4}}},"11":{"name":"stopAntiBot","line":73,"loc":{"start":{"line":73,"column":4},"end":{"line":75,"column":4}}},"12":{"name":"startAntiBot","line":77,"loc":{"start":{"line":77,"column":4},"end":{"line":81,"column":4}}},"13":{"name":"setAntiBotMaxBalance","line":83,"loc":{"start":{"line":83,"column":4},"end":{"line":86,"column":4}}},"14":{"name":"whitelist","line":88,"loc":{"start":{"line":88,"column":4},"end":{"line":92,"column":4}}},"15":{"name":"unwhitelist","line":94,"loc":{"start":{"line":94,"column":4},"end":{"line":98,"column":4}}},"16":{"name":"_beforeTokenTransfer","line":102,"loc":{"start":{"line":100,"column":4},"end":{"line":107,"column":4}}},"17":{"name":"_antiBotMaxBalance","line":109,"loc":{"start":{"line":109,"column":4},"end":{"line":115,"column":4}}}},"statementMap":{"1":{"start":{"line":25,"column":8},"end":{"line":25,"column":28}},"2":{"start":{"line":26,"column":8},"end":{"line":26,"column":43}},"3":{"start":{"line":27,"column":8},"end":{"line":27,"column":43}},"4":{"start":{"line":28,"column":8},"end":{"line":28,"column":29}},"5":{"start":{"line":29,"column":8},"end":{"line":29,"column":52}},"6":{"start":{"line":30,"column":8},"end":{"line":30,"column":84}},"7":{"start":{"line":34,"column":8},"end":{"line":34,"column":46}},"8":{"start":{"line":38,"column":8},"end":{"line":38,"column":44}},"9":{"start":{"line":42,"column":8},"end":{"line":42,"column":39}},"10":{"start":{"line":46,"column":8},"end":{"line":46,"column":47}},"11":{"start":{"line":47,"column":8},"end":{"line":47,"column":40}},"12":{"start":{"line":51,"column":8},"end":{"line":51,"column":24}},"13":{"start":{"line":55,"column":8},"end":{"line":55,"column":105}},"14":{"start":{"line":56,"column":8},"end":{"line":56,"column":35}},"15":{"start":{"line":60,"column":8},"end":{"line":60,"column":23}},"16":{"start":{"line":61,"column":8},"end":{"line":61,"column":35}},"17":{"start":{"line":65,"column":8},"end":{"line":65,"column":131}},"18":{"start":{"line":66,"column":8},"end":{"line":66,"column":29}},"19":{"start":{"line":70,"column":8},"end":{"line":70,"column":18}},"20":{"start":{"line":74,"column":8},"end":{"line":74,"column":25}},"21":{"start":{"line":78,"column":8},"end":{"line":78,"column":89}},"22":{"start":{"line":79,"column":8},"end":{"line":79,"column":35}},"23":{"start":{"line":80,"column":8},"end":{"line":80,"column":24}},"24":{"start":{"line":84,"column":8},"end":{"line":84,"column":75}},"25":{"start":{"line":85,"column":8},"end":{"line":85,"column":36}},"26":{"start":{"line":89,"column":8},"end":{"line":89,"column":3482}},"27":{"start":{"line":90,"column":12},"end":{"line":90,"column":39}},"28":{"start":{"line":95,"column":8},"end":{"line":95,"column":3679}},"29":{"start":{"line":96,"column":12},"end":{"line":96,"column":40}},"30":{"start":{"line":105,"column":8},"end":{"line":105,"column":37}},"31":{"start":{"line":106,"column":8},"end":{"line":106,"column":51}},"32":{"start":{"line":110,"column":8},"end":{"line":110,"column":4164}},"33":{"start":{"line":111,"column":12},"end":{"line":111,"column":47}},"34":{"start":{"line":112,"column":12},"end":{"line":112,"column":53}},"35":{"start":{"line":113,"column":12},"end":{"line":113,"column":102}}},"branchMap":{"1":{"line":55,"type":"if","locations":[{"start":{"line":55,"column":8},"end":{"line":55,"column":8}},{"start":{"line":55,"column":8},"end":{"line":55,"column":8}}]},"2":{"line":65,"type":"if","locations":[{"start":{"line":65,"column":8},"end":{"line":65,"column":8}},{"start":{"line":65,"column":8},"end":{"line":65,"column":8}}]},"3":{"line":78,"type":"if","locations":[{"start":{"line":78,"column":8},"end":{"line":78,"column":8}},{"start":{"line":78,"column":8},"end":{"line":78,"column":8}}]},"4":{"line":84,"type":"if","locations":[{"start":{"line":84,"column":8},"end":{"line":84,"column":8}},{"start":{"line":84,"column":8},"end":{"line":84,"column":8}}]},"5":{"line":110,"type":"if","locations":[{"start":{"line":110,"column":8},"end":{"line":110,"column":8}},{"start":{"line":110,"column":8},"end":{"line":110,"column":8}}]},"6":{"line":113,"type":"if","locations":[{"start":{"line":113,"column":12},"end":{"line":113,"column":12}},{"start":{"line":113,"column":12},"end":{"line":113,"column":12}}]}}},"contracts\\erc20\\MonstropolyGLD.sol":{"l":{"17":0,"18":0,"22":0,"26":0,"30":0,"34":0,"35":0,"39":0,"43":0,"47":0,"48":0,"52":0,"53":0},"path":"C:\\Users\\Guillermo\\Documents\\_monstropolis\\monstropoly-contracts\\contracts\\erc20\\MonstropolyGLD.sol","s":{"1":0,"2":0,"3":0,"4":0,"5":0,"6":0,"7":0,"8":0,"9":0,"10":0,"11":0,"12":0,"13":0},"b":{"1":[0,0]},"f":{"1":0,"2":0,"3":0,"4":0,"5":0,"6":0,"7":0,"8":0,"9":0},"fnMap":{"1":{"name":"initialize","line":16,"loc":{"start":{"line":16,"column":4},"end":{"line":19,"column":4}}},"2":{"name":"_msgSender","line":21,"loc":{"start":{"line":21,"column":4},"end":{"line":23,"column":4}}},"3":{"name":"_msgData","line":25,"loc":{"start":{"line":25,"column":4},"end":{"line":27,"column":4}}},"4":{"name":"setTrustedForwarder","line":29,"loc":{"start":{"line":29,"column":4},"end":{"line":31,"column":4}}},"5":{"name":"approveAll","line":33,"loc":{"start":{"line":33,"column":4},"end":{"line":36,"column":4}}},"6":{"name":"mint","line":38,"loc":{"start":{"line":38,"column":4},"end":{"line":40,"column":4}}},"7":{"name":"_mint","line":42,"loc":{"start":{"line":42,"column":4},"end":{"line":44,"column":4}}},"8":{"name":"_burn","line":46,"loc":{"start":{"line":46,"column":4},"end":{"line":49,"column":4}}},"9":{"name":"burnFrom","line":51,"loc":{"start":{"line":51,"column":4},"end":{"line":54,"column":4}}}},"statementMap":{"1":{"start":{"line":17,"column":8},"end":{"line":17,"column":42}},"2":{"start":{"line":18,"column":8},"end":{"line":18,"column":52}},"3":{"start":{"line":22,"column":8},"end":{"line":22,"column":46}},"4":{"start":{"line":26,"column":8},"end":{"line":26,"column":44}},"5":{"start":{"line":30,"column":8},"end":{"line":30,"column":39}},"6":{"start":{"line":34,"column":8},"end":{"line":34,"column":47}},"7":{"start":{"line":35,"column":8},"end":{"line":35,"column":40}},"8":{"start":{"line":39,"column":8},"end":{"line":39,"column":24}},"9":{"start":{"line":43,"column":8},"end":{"line":43,"column":35}},"10":{"start":{"line":47,"column":8},"end":{"line":47,"column":23}},"11":{"start":{"line":48,"column":8},"end":{"line":48,"column":35}},"12":{"start":{"line":52,"column":8},"end":{"line":52,"column":131}},"13":{"start":{"line":53,"column":8},"end":{"line":53,"column":29}}},"branchMap":{"1":{"line":52,"type":"if","locations":[{"start":{"line":52,"column":8},"end":{"line":52,"column":8}},{"start":{"line":52,"column":8},"end":{"line":52,"column":8}}]}}},"contracts\\erc721\\MonstropolyFactory.sol":{"l":{"77":46,"81":46,"82":46,"83":46,"87":0,"91":0,"92":0,"96":0,"97":0,"100":0,"115":61,"116":61,"117":61,"118":61,"119":60,"122":60,"123":60,"125":60,"126":60,"127":60,"128":60,"131":74,"134":0,"138":91,"139":91,"143":152,"147":0,"148":0,"149":0,"152":0,"159":21,"160":21,"166":21,"167":21,"168":21,"171":21,"172":21,"173":21},"path":"C:\\Users\\Guillermo\\Documents\\_monstropolis\\monstropoly-contracts\\contracts\\erc721\\MonstropolyFactory.sol","s":{"1":46,"2":46,"3":46,"4":46,"5":0,"6":0,"7":0,"8":0,"9":0,"10":61,"11":61,"12":61,"13":61,"14":60,"15":60,"16":60,"17":60,"18":60,"19":60,"20":60,"21":74,"22":0,"23":91,"24":91,"25":152,"26":0,"27":0,"28":0,"29":0,"30":21,"31":21,"32":21,"33":21,"34":21,"35":21,"36":21,"37":21},"b":{"1":[0,0],"2":[0,0],"3":[61,0],"4":[60,1],"5":[0,0],"6":[21,0],"7":[21,0]},"f":{"1":46,"2":46,"3":0,"4":0,"5":0,"6":0,"7":61,"8":74,"9":0,"10":91,"11":152,"12":0,"13":0,"14":21,"15":21,"16":21},"fnMap":{"1":{"name":"initialize","line":76,"loc":{"start":{"line":76,"column":4},"end":{"line":78,"column":4}}},"2":{"name":"_init","line":80,"loc":{"start":{"line":80,"column":4},"end":{"line":84,"column":4}}},"3":{"name":"_baseURI","line":86,"loc":{"start":{"line":86,"column":4},"end":{"line":88,"column":4}}},"4":{"name":"lockHero","line":90,"loc":{"start":{"line":90,"column":4},"end":{"line":93,"column":4}}},"5":{"name":"unlockHero","line":95,"loc":{"start":{"line":95,"column":4},"end":{"line":98,"column":4}}},"6":{"name":"isLocked","line":99,"loc":{"start":{"line":99,"column":4},"end":{"line":101,"column":4}}},"7":{"name":"mint","line":114,"loc":{"start":{"line":114,"column":4},"end":{"line":129,"column":4}}},"8":{"name":"heroeOfId","line":130,"loc":{"start":{"line":130,"column":4},"end":{"line":132,"column":4}}},"9":{"name":"heroesId","line":133,"loc":{"start":{"line":133,"column":4},"end":{"line":135,"column":4}}},"10":{"name":"freeGen","line":137,"loc":{"start":{"line":137,"column":4},"end":{"line":140,"column":4}}},"11":{"name":"_hashGen","line":142,"loc":{"start":{"line":142,"column":4},"end":{"line":144,"column":4}}},"12":{"name":"tokenURI","line":146,"loc":{"start":{"line":146,"column":4},"end":{"line":150,"column":4}}},"13":{"name":"isApproved","line":151,"loc":{"start":{"line":151,"column":4},"end":{"line":153,"column":4}}},"14":{"name":"transferFrom","line":154,"loc":{"start":{"line":154,"column":4},"end":{"line":161,"column":4}}},"15":{"name":"transferTo","line":162,"loc":{"start":{"line":162,"column":4},"end":{"line":169,"column":4}}},"16":{"name":"_transferHero","line":170,"loc":{"start":{"line":170,"column":4},"end":{"line":176,"column":4}}}},"statementMap":{"1":{"start":{"line":77,"column":8},"end":{"line":77,"column":14}},"2":{"start":{"line":81,"column":8},"end":{"line":81,"column":49}},"3":{"start":{"line":82,"column":8},"end":{"line":82,"column":52}},"4":{"start":{"line":83,"column":8},"end":{"line":83,"column":34}},"5":{"start":{"line":87,"column":8},"end":{"line":87,"column":28}},"6":{"start":{"line":91,"column":8},"end":{"line":91,"column":70}},"7":{"start":{"line":92,"column":8},"end":{"line":92,"column":49}},"8":{"start":{"line":96,"column":8},"end":{"line":96,"column":70}},"9":{"start":{"line":100,"column":8},"end":{"line":100,"column":51}},"10":{"start":{"line":115,"column":8},"end":{"line":115,"column":48}},"11":{"start":{"line":116,"column":8},"end":{"line":116,"column":66}},"12":{"start":{"line":117,"column":8},"end":{"line":117,"column":40}},"13":{"start":{"line":118,"column":8},"end":{"line":118,"column":71}},"14":{"start":{"line":119,"column":8},"end":{"line":119,"column":26}},"15":{"start":{"line":122,"column":8},"end":{"line":122,"column":25}},"16":{"start":{"line":123,"column":8},"end":{"line":123,"column":74}},"17":{"start":{"line":125,"column":8},"end":{"line":125,"column":33}},"18":{"start":{"line":126,"column":8},"end":{"line":126,"column":30}},"19":{"start":{"line":127,"column":8},"end":{"line":127,"column":34}},"20":{"start":{"line":128,"column":8},"end":{"line":128,"column":22}},"21":{"start":{"line":131,"column":8},"end":{"line":131,"column":34}},"22":{"start":{"line":134,"column":8},"end":{"line":134,"column":24}},"23":{"start":{"line":138,"column":8},"end":{"line":138,"column":38}},"24":{"start":{"line":139,"column":8},"end":{"line":139,"column":28}},"25":{"start":{"line":143,"column":8},"end":{"line":143,"column":97}},"26":{"start":{"line":147,"column":8},"end":{"line":147,"column":83}},"27":{"start":{"line":148,"column":8},"end":{"line":148,"column":42}},"28":{"start":{"line":149,"column":8},"end":{"line":149,"column":90}},"29":{"start":{"line":152,"column":8},"end":{"line":152,"column":46}},"30":{"start":{"line":159,"column":8},"end":{"line":159,"column":110}},"31":{"start":{"line":160,"column":8},"end":{"line":160,"column":36}},"32":{"start":{"line":166,"column":8},"end":{"line":166,"column":98}},"33":{"start":{"line":167,"column":8},"end":{"line":167,"column":39}},"34":{"start":{"line":168,"column":8},"end":{"line":168,"column":43}},"35":{"start":{"line":171,"column":8},"end":{"line":171,"column":50}},"36":{"start":{"line":172,"column":8},"end":{"line":172,"column":79}},"37":{"start":{"line":173,"column":8},"end":{"line":173,"column":37}}},"branchMap":{"1":{"line":91,"type":"if","locations":[{"start":{"line":91,"column":8},"end":{"line":91,"column":8}},{"start":{"line":91,"column":8},"end":{"line":91,"column":8}}]},"2":{"line":96,"type":"if","locations":[{"start":{"line":96,"column":8},"end":{"line":96,"column":8}},{"start":{"line":96,"column":8},"end":{"line":96,"column":8}}]},"3":{"line":116,"type":"if","locations":[{"start":{"line":116,"column":8},"end":{"line":116,"column":8}},{"start":{"line":116,"column":8},"end":{"line":116,"column":8}}]},"4":{"line":118,"type":"if","locations":[{"start":{"line":118,"column":8},"end":{"line":118,"column":8}},{"start":{"line":118,"column":8},"end":{"line":118,"column":8}}]},"5":{"line":147,"type":"if","locations":[{"start":{"line":147,"column":8},"end":{"line":147,"column":8}},{"start":{"line":147,"column":8},"end":{"line":147,"column":8}}]},"6":{"line":159,"type":"if","locations":[{"start":{"line":159,"column":8},"end":{"line":159,"column":8}},{"start":{"line":159,"column":8},"end":{"line":159,"column":8}}]},"7":{"line":166,"type":"if","locations":[{"start":{"line":166,"column":8},"end":{"line":166,"column":8}},{"start":{"line":166,"column":8},"end":{"line":166,"column":8}}]}}},"contracts\\erc721\\utils\\MonstropolyData.sol":{"l":{"88":46,"90":46,"91":46,"93":46,"94":46,"95":46,"96":46,"97":46,"98":46,"100":46,"101":46,"102":46,"103":46,"104":46,"105":46,"107":46,"108":46,"110":46,"111":46,"115":102,"119":0,"123":46,"124":46,"126":46,"127":46,"128":46,"132":0,"134":0,"135":0,"140":0,"144":92,"145":92,"149":0,"153":77,"154":76,"155":76,"156":456,"157":456,"158":76,"161":76,"165":7,"166":7,"167":7,"168":42,"169":42,"170":8,"173":7,"177":77,"178":77,"182":7,"183":7,"188":45,"189":45,"190":45,"192":45,"193":45,"194":45,"198":85,"202":100,"206":8,"210":11,"214":1,"215":1,"216":1,"217":1,"218":1,"219":1,"220":1,"221":1,"222":1,"223":1,"227":10,"228":10,"229":10,"230":9,"231":9,"232":7,"236":204,"237":204,"238":204,"240":204,"241":204,"242":204,"246":0,"250":46,"251":46,"252":46,"254":46,"255":46,"256":46,"260":192,"261":192,"262":192,"263":192,"264":192,"265":192,"266":192,"267":192,"270":192,"271":192,"272":192,"273":192,"276":192,"277":192,"278":192,"279":192,"282":192,"283":192,"284":192,"285":192,"289":192,"290":192,"291":768,"292":768,"293":768,"298":192,"299":192,"300":2496,"301":2496,"302":2496,"306":192,"310":284,"317":0,"318":0,"319":0,"320":0,"321":0,"322":0,"323":0,"326":0,"330":7967,"331":7967,"332":7967,"333":47802,"334":44179,"336":3383,"338":12,"341":7967,"349":8380,"350":8380,"402":8380,"406":7,"408":7,"409":0,"411":0,"412":0,"416":7,"420":0,"421":0,"423":0,"424":0,"425":0,"426":0,"427":0,"429":0,"430":0,"431":0,"432":0,"433":0,"434":0,"435":0,"436":0,"438":0,"442":7,"443":7,"444":7,"445":7,"446":42,"447":42,"449":7,"450":7,"451":7,"452":7,"453":42,"454":42,"457":42,"459":7,"463":0,"467":3131,"471":0,"472":0,"476":0,"477":0,"481":152,"487":152,"488":608,"491":152,"492":1976,"495":152,"499":152},"path":"C:\\Users\\Guillermo\\Documents\\_monstropolis\\monstropoly-contracts\\contracts\\erc721\\utils\\MonstropolyData.sol","s":{"1":46,"2":46,"3":46,"4":46,"5":46,"6":46,"7":46,"8":46,"9":46,"10":46,"11":46,"12":46,"13":46,"14":46,"15":46,"16":46,"17":46,"18":46,"19":46,"20":102,"21":0,"22":46,"23":46,"24":46,"25":46,"26":0,"27":0,"28":0,"29":0,"30":92,"31":92,"32":0,"33":77,"34":76,"35":76,"36":456,"37":456,"38":76,"39":76,"40":7,"41":7,"42":7,"43":42,"44":42,"45":8,"46":7,"47":77,"48":77,"49":7,"50":7,"51":45,"52":45,"53":45,"54":45,"55":45,"56":45,"57":85,"58":100,"59":8,"60":11,"61":1,"62":1,"63":1,"64":1,"65":1,"66":1,"67":1,"68":1,"69":1,"70":1,"71":10,"72":10,"73":10,"74":9,"75":9,"76":7,"77":204,"78":204,"79":204,"80":204,"81":204,"82":204,"83":0,"84":46,"85":46,"86":46,"87":46,"88":46,"89":46,"90":192,"91":192,"92":192,"93":192,"94":192,"95":192,"96":192,"97":192,"98":192,"99":192,"100":192,"101":192,"102":192,"103":192,"104":192,"105":192,"106":192,"107":192,"108":768,"109":768,"110":768,"111":192,"112":2496,"113":2496,"114":2496,"115":192,"116":284,"117":0,"118":0,"119":0,"120":0,"121":0,"122":0,"123":0,"124":0,"125":0,"126":0,"127":7967,"128":7967,"129":7967,"130":47802,"131":44179,"132":3623,"133":3383,"134":240,"135":12,"136":7967,"137":8380,"138":8380,"139":7,"140":7,"141":0,"142":0,"143":0,"144":7,"145":0,"146":0,"147":0,"148":0,"149":0,"150":0,"151":0,"152":0,"153":0,"154":0,"155":0,"156":0,"157":0,"158":0,"159":0,"160":7,"161":0,"162":7,"163":7,"164":7,"165":42,"166":7,"167":7,"168":7,"169":7,"170":42,"171":42,"172":42,"173":7,"174":0,"175":3131,"176":0,"177":0,"178":0,"179":0,"180":152,"181":152,"182":608,"183":152,"184":1976,"185":152,"186":152},"b":{"1":[0,0],"2":[92,0],"3":[76,1],"4":[76,380],"5":[7,0],"6":[8,34],"7":[9,1],"8":[7,2],"9":[192,0],"10":[0,0],"11":[0,0],"12":[44179,3623],"13":[3383,240],"14":[12,228],"15":[0,7],"16":[0,0],"17":[0,7]},"f":{"1":46,"2":102,"3":0,"4":46,"5":0,"6":0,"7":92,"8":0,"9":77,"10":7,"11":77,"12":7,"13":45,"14":85,"15":100,"16":8,"17":11,"18":1,"19":10,"20":204,"21":0,"22":46,"23":192,"24":284,"25":0,"26":7967,"27":8380,"28":7,"29":0,"30":7,"31":0,"32":3131,"33":0,"34":0,"35":152,"36":152},"fnMap":{"1":{"name":"initialize","line":87,"loc":{"start":{"line":87,"column":4},"end":{"line":112,"column":4}}},"2":{"name":"getLengths","line":114,"loc":{"start":{"line":114,"column":4},"end":{"line":116,"column":4}}},"3":{"name":"updateLengths","line":118,"loc":{"start":{"line":118,"column":4},"end":{"line":120,"column":4}}},"4":{"name":"_updateLengths","line":122,"loc":{"start":{"line":122,"column":4},"end":{"line":129,"column":4}}},"5":{"name":"setModules","line":131,"loc":{"start":{"line":131,"column":4},"end":{"line":137,"column":4}}},"6":{"name":"setModulesByAsset","line":139,"loc":{"start":{"line":139,"column":4},"end":{"line":141,"column":4}}},"7":{"name":"_setModulesByAsset","line":143,"loc":{"start":{"line":143,"column":4},"end":{"line":146,"column":4}}},"8":{"name":"getRarity","line":148,"loc":{"start":{"line":148,"column":4},"end":{"line":150,"column":4}}},"9":{"name":"getRarityByRange","line":152,"loc":{"start":{"line":152,"column":4},"end":{"line":162,"column":4}}},"10":{"name":"getRarityByRangeVIP","line":164,"loc":{"start":{"line":164,"column":4},"end":{"line":174,"column":4}}},"11":{"name":"getRarityByRange","line":176,"loc":{"start":{"line":176,"column":4},"end":{"line":179,"column":4}}},"12":{"name":"getRarityByRangeVIP","line":181,"loc":{"start":{"line":181,"column":4},"end":{"line":184,"column":4}}},"13":{"name":"getRarityByGen","line":187,"loc":{"start":{"line":187,"column":4},"end":{"line":195,"column":4}}},"14":{"name":"setAssetInGen","line":197,"loc":{"start":{"line":197,"column":4},"end":{"line":199,"column":4}}},"15":{"name":"setRarityInGen","line":201,"loc":{"start":{"line":201,"column":4},"end":{"line":203,"column":4}}},"16":{"name":"setTypeInGen","line":205,"loc":{"start":{"line":205,"column":4},"end":{"line":207,"column":4}}},"17":{"name":"setStatInGen","line":209,"loc":{"start":{"line":209,"column":4},"end":{"line":211,"column":4}}},"18":{"name":"cloneAttributesFrom","line":213,"loc":{"start":{"line":213,"column":4},"end":{"line":224,"column":4}}},"19":{"name":"incrementStatInGen","line":226,"loc":{"start":{"line":226,"column":4},"end":{"line":233,"column":4}}},"20":{"name":"_replaceInString","line":235,"loc":{"start":{"line":235,"column":4},"end":{"line":243,"column":4}}},"21":{"name":"getAssetType","line":245,"loc":{"start":{"line":245,"column":4},"end":{"line":247,"column":4}}},"22":{"name":"getAssetTypeByGen","line":249,"loc":{"start":{"line":249,"column":4},"end":{"line":257,"column":4}}},"23":{"name":"deconstructGen","line":259,"loc":{"start":{"line":259,"column":4},"end":{"line":307,"column":4}}},"24":{"name":"_getStringsLength","line":309,"loc":{"start":{"line":309,"column":4},"end":{"line":311,"column":4}}},"25":{"name":"parseInt","line":313,"loc":{"start":{"line":313,"column":4},"end":{"line":327,"column":4}}},"26":{"name":"hex2Dec","line":329,"loc":{"start":{"line":329,"column":4},"end":{"line":342,"column":4}}},"27":{"name":"slice","line":344,"loc":{"start":{"line":344,"column":4},"end":{"line":403,"column":4}}},"28":{"name":"_padLeft","line":405,"loc":{"start":{"line":405,"column":4},"end":{"line":417,"column":4}}},"29":{"name":"uint2str","line":419,"loc":{"start":{"line":419,"column":4},"end":{"line":439,"column":4}}},"30":{"name":"uint2hexstr","line":441,"loc":{"start":{"line":441,"column":4},"end":{"line":460,"column":4}}},"31":{"name":"_append","line":462,"loc":{"start":{"line":462,"column":4},"end":{"line":464,"column":4}}},"32":{"name":"getValue","line":466,"loc":{"start":{"line":466,"column":4},"end":{"line":468,"column":4}}},"33":{"name":"genExists","line":470,"loc":{"start":{"line":470,"column":4},"end":{"line":473,"column":4}}},"34":{"name":"genExists","line":475,"loc":{"start":{"line":475,"column":4},"end":{"line":478,"column":4}}},"35":{"name":"hashGen","line":480,"loc":{"start":{"line":480,"column":4},"end":{"line":496,"column":4}}},"36":{"name":"hashGen","line":498,"loc":{"start":{"line":498,"column":4},"end":{"line":500,"column":4}}}},"statementMap":{"1":{"start":{"line":88,"column":8},"end":{"line":88,"column":52}},"2":{"start":{"line":90,"column":8},"end":{"line":90,"column":21}},"3":{"start":{"line":91,"column":8},"end":{"line":91,"column":28}},"4":{"start":{"line":93,"column":8},"end":{"line":93,"column":65}},"5":{"start":{"line":94,"column":8},"end":{"line":94,"column":71}},"6":{"start":{"line":95,"column":8},"end":{"line":95,"column":69}},"7":{"start":{"line":96,"column":8},"end":{"line":96,"column":63}},"8":{"start":{"line":97,"column":8},"end":{"line":97,"column":67}},"9":{"start":{"line":98,"column":8},"end":{"line":98,"column":73}},"10":{"start":{"line":100,"column":8},"end":{"line":100,"column":63}},"11":{"start":{"line":101,"column":8},"end":{"line":101,"column":72}},"12":{"start":{"line":102,"column":8},"end":{"line":102,"column":72}},"13":{"start":{"line":103,"column":8},"end":{"line":103,"column":66}},"14":{"start":{"line":104,"column":8},"end":{"line":104,"column":70}},"15":{"start":{"line":105,"column":8},"end":{"line":105,"column":76}},"16":{"start":{"line":107,"column":8},"end":{"line":107,"column":63}},"17":{"start":{"line":108,"column":8},"end":{"line":108,"column":57}},"18":{"start":{"line":110,"column":8},"end":{"line":110,"column":152}},"19":{"start":{"line":111,"column":8},"end":{"line":111,"column":152}},"20":{"start":{"line":115,"column":8},"end":{"line":115,"column":48}},"21":{"start":{"line":119,"column":8},"end":{"line":119,"column":44}},"22":{"start":{"line":123,"column":8},"end":{"line":123,"column":23}},"23":{"start":{"line":124,"column":8},"end":{"line":124,"column":33}},"24":{"start":{"line":126,"column":8},"end":{"line":126,"column":62}},"25":{"start":{"line":128,"column":8},"end":{"line":128,"column":73}},"26":{"start":{"line":132,"column":8},"end":{"line":132,"column":90}},"27":{"start":{"line":134,"column":8},"end":{"line":134,"column":4375}},"28":{"start":{"line":135,"column":12},"end":{"line":135,"column":54}},"29":{"start":{"line":140,"column":8},"end":{"line":140,"column":43}},"30":{"start":{"line":144,"column":8},"end":{"line":144,"column":96}},"31":{"start":{"line":145,"column":8},"end":{"line":145,"column":39}},"32":{"start":{"line":149,"column":8},"end":{"line":149,"column":38}},"33":{"start":{"line":153,"column":8},"end":{"line":153,"column":65}},"34":{"start":{"line":154,"column":8},"end":{"line":154,"column":19}},"35":{"start":{"line":155,"column":8},"end":{"line":155,"column":5201}},"36":{"start":{"line":156,"column":12},"end":{"line":156,"column":47}},"37":{"start":{"line":157,"column":12},"end":{"line":157,"column":5331}},"38":{"start":{"line":158,"column":16},"end":{"line":158,"column":22}},"39":{"start":{"line":161,"column":8},"end":{"line":161,"column":18}},"40":{"start":{"line":165,"column":8},"end":{"line":165,"column":65}},"41":{"start":{"line":166,"column":8},"end":{"line":166,"column":19}},"42":{"start":{"line":167,"column":8},"end":{"line":167,"column":5640}},"43":{"start":{"line":168,"column":12},"end":{"line":168,"column":50}},"44":{"start":{"line":169,"column":12},"end":{"line":169,"column":5776}},"45":{"start":{"line":170,"column":16},"end":{"line":170,"column":22}},"46":{"start":{"line":173,"column":8},"end":{"line":173,"column":18}},"47":{"start":{"line":177,"column":8},"end":{"line":177,"column":40}},"48":{"start":{"line":178,"column":8},"end":{"line":178,"column":81}},"49":{"start":{"line":182,"column":8},"end":{"line":182,"column":40}},"50":{"start":{"line":183,"column":8},"end":{"line":183,"column":84}},"51":{"start":{"line":188,"column":8},"end":{"line":188,"column":29}},"52":{"start":{"line":189,"column":8},"end":{"line":189,"column":30}},"53":{"start":{"line":190,"column":8},"end":{"line":190,"column":40}},"54":{"start":{"line":192,"column":8},"end":{"line":192,"column":58}},"55":{"start":{"line":193,"column":8},"end":{"line":193,"column":60}},"56":{"start":{"line":194,"column":8},"end":{"line":194,"column":67}},"57":{"start":{"line":198,"column":8},"end":{"line":198,"column":47}},"58":{"start":{"line":202,"column":8},"end":{"line":202,"column":59}},"59":{"start":{"line":206,"column":8},"end":{"line":206,"column":55}},"60":{"start":{"line":210,"column":8},"end":{"line":210,"column":70}},"61":{"start":{"line":214,"column":8},"end":{"line":214,"column":41}},"62":{"start":{"line":215,"column":8},"end":{"line":215,"column":47}},"63":{"start":{"line":216,"column":8},"end":{"line":216,"column":111}},"64":{"start":{"line":217,"column":8},"end":{"line":217,"column":126}},"65":{"start":{"line":218,"column":8},"end":{"line":218,"column":82}},"66":{"start":{"line":219,"column":8},"end":{"line":219,"column":130}},"67":{"start":{"line":220,"column":8},"end":{"line":220,"column":104}},"68":{"start":{"line":221,"column":8},"end":{"line":221,"column":163}},"69":{"start":{"line":222,"column":8},"end":{"line":222,"column":103}},"70":{"start":{"line":223,"column":8},"end":{"line":223,"column":86}},"71":{"start":{"line":227,"column":8},"end":{"line":227,"column":40}},"72":{"start":{"line":228,"column":8},"end":{"line":228,"column":84}},"73":{"start":{"line":229,"column":8},"end":{"line":229,"column":80}},"74":{"start":{"line":230,"column":8},"end":{"line":230,"column":110}},"75":{"start":{"line":231,"column":8},"end":{"line":231,"column":109}},"76":{"start":{"line":232,"column":8},"end":{"line":232,"column":85}},"77":{"start":{"line":236,"column":8},"end":{"line":236,"column":46}},"78":{"start":{"line":237,"column":8},"end":{"line":237,"column":50}},"79":{"start":{"line":238,"column":8},"end":{"line":238,"column":45}},"80":{"start":{"line":240,"column":8},"end":{"line":240,"column":55}},"81":{"start":{"line":241,"column":8},"end":{"line":241,"column":102}},"82":{"start":{"line":242,"column":8},"end":{"line":242,"column":62}},"83":{"start":{"line":246,"column":8},"end":{"line":246,"column":40}},"84":{"start":{"line":250,"column":8},"end":{"line":250,"column":29}},"85":{"start":{"line":251,"column":8},"end":{"line":251,"column":30}},"86":{"start":{"line":252,"column":8},"end":{"line":252,"column":40}},"87":{"start":{"line":254,"column":8},"end":{"line":254,"column":47}},"88":{"start":{"line":255,"column":8},"end":{"line":255,"column":59}},"89":{"start":{"line":256,"column":8},"end":{"line":256,"column":67}},"90":{"start":{"line":260,"column":8},"end":{"line":260,"column":39}},"91":{"start":{"line":261,"column":8},"end":{"line":261,"column":73}},"92":{"start":{"line":262,"column":8},"end":{"line":262,"column":29}},"93":{"start":{"line":263,"column":8},"end":{"line":263,"column":30}},"94":{"start":{"line":264,"column":8},"end":{"line":264,"column":40}},"95":{"start":{"line":265,"column":8},"end":{"line":265,"column":38}},"96":{"start":{"line":266,"column":8},"end":{"line":266,"column":42}},"97":{"start":{"line":267,"column":8},"end":{"line":267,"column":52}},"98":{"start":{"line":271,"column":12},"end":{"line":271,"column":51}},"99":{"start":{"line":272,"column":12},"end":{"line":272,"column":64}},"100":{"start":{"line":273,"column":12},"end":{"line":273,"column":69}},"101":{"start":{"line":277,"column":12},"end":{"line":277,"column":60}},"102":{"start":{"line":278,"column":12},"end":{"line":278,"column":79}},"103":{"start":{"line":279,"column":12},"end":{"line":279,"column":68}},"104":{"start":{"line":283,"column":12},"end":{"line":283,"column":62}},"105":{"start":{"line":284,"column":12},"end":{"line":284,"column":81}},"106":{"start":{"line":285,"column":12},"end":{"line":285,"column":70}},"107":{"start":{"line":290,"column":12},"end":{"line":290,"column":11734}},"108":{"start":{"line":291,"column":16},"end":{"line":291,"column":74}},"109":{"start":{"line":292,"column":16},"end":{"line":292,"column":89}},"110":{"start":{"line":293,"column":16},"end":{"line":293,"column":76}},"111":{"start":{"line":299,"column":12},"end":{"line":299,"column":12101}},"112":{"start":{"line":300,"column":16},"end":{"line":300,"column":81}},"113":{"start":{"line":301,"column":16},"end":{"line":301,"column":98}},"114":{"start":{"line":302,"column":16},"end":{"line":302,"column":81}},"115":{"start":{"line":306,"column":8},"end":{"line":306,"column":21}},"116":{"start":{"line":310,"column":8},"end":{"line":310,"column":54}},"117":{"start":{"line":317,"column":8},"end":{"line":317,"column":40}},"118":{"start":{"line":318,"column":8},"end":{"line":318,"column":21}},"119":{"start":{"line":319,"column":8},"end":{"line":319,"column":29}},"120":{"start":{"line":320,"column":8},"end":{"line":320,"column":12806}},"121":{"start":{"line":321,"column":12},"end":{"line":321,"column":12913}},"122":{"start":{"line":322,"column":16},"end":{"line":322,"column":25}},"123":{"start":{"line":323,"column":16},"end":{"line":323,"column":51}},"124":{"start":{"line":324,"column":19},"end":{"line":324,"column":63}},"125":{"start":{"line":324,"column":48},"end":{"line":324,"column":62}},"126":{"start":{"line":326,"column":8},"end":{"line":326,"column":19}},"127":{"start":{"line":330,"column":8},"end":{"line":330,"column":41}},"128":{"start":{"line":331,"column":8},"end":{"line":331,"column":22}},"129":{"start":{"line":332,"column":8},"end":{"line":332,"column":13273}},"130":{"start":{"line":333,"column":12},"end":{"line":333,"column":13328}},"131":{"start":{"line":334,"column":16},"end":{"line":334,"column":83}},"132":{"start":{"line":335,"column":19},"end":{"line":335,"column":13508}},"133":{"start":{"line":336,"column":16},"end":{"line":336,"column":83}},"134":{"start":{"line":337,"column":19},"end":{"line":337,"column":13673}},"135":{"start":{"line":338,"column":16},"end":{"line":338,"column":83}},"136":{"start":{"line":341,"column":8},"end":{"line":341,"column":20}},"137":{"start":{"line":349,"column":8},"end":{"line":349,"column":30}},"138":{"start":{"line":402,"column":8},"end":{"line":402,"column":32}},"139":{"start":{"line":406,"column":8},"end":{"line":406,"column":52}},"140":{"start":{"line":408,"column":8},"end":{"line":408,"column":16764}},"141":{"start":{"line":409,"column":12},"end":{"line":409,"column":61}},"142":{"start":{"line":411,"column":12},"end":{"line":411,"column":16891}},"143":{"start":{"line":412,"column":16},"end":{"line":412,"column":46}},"144":{"start":{"line":416,"column":8},"end":{"line":416,"column":22}},"145":{"start":{"line":420,"column":8},"end":{"line":420,"column":17128}},"146":{"start":{"line":421,"column":12},"end":{"line":421,"column":22}},"147":{"start":{"line":423,"column":8},"end":{"line":423,"column":19}},"148":{"start":{"line":424,"column":8},"end":{"line":424,"column":16}},"149":{"start":{"line":425,"column":8},"end":{"line":425,"column":17229}},"150":{"start":{"line":427,"column":12},"end":{"line":427,"column":18}},"151":{"start":{"line":429,"column":8},"end":{"line":429,"column":42}},"152":{"start":{"line":430,"column":8},"end":{"line":430,"column":20}},"153":{"start":{"line":431,"column":8},"end":{"line":431,"column":17376}},"154":{"start":{"line":432,"column":12},"end":{"line":432,"column":18}},"155":{"start":{"line":433,"column":12},"end":{"line":433,"column":56}},"156":{"start":{"line":434,"column":12},"end":{"line":434,"column":36}},"157":{"start":{"line":435,"column":12},"end":{"line":435,"column":23}},"158":{"start":{"line":436,"column":12},"end":{"line":436,"column":19}},"159":{"start":{"line":438,"column":8},"end":{"line":438,"column":27}},"160":{"start":{"line":442,"column":8},"end":{"line":442,"column":30}},"161":{"start":{"line":442,"column":20},"end":{"line":442,"column":30}},"162":{"start":{"line":443,"column":8},"end":{"line":443,"column":18}},"163":{"start":{"line":444,"column":8},"end":{"line":444,"column":19}},"164":{"start":{"line":445,"column":8},"end":{"line":445,"column":17771}},"165":{"start":{"line":447,"column":12},"end":{"line":447,"column":21}},"166":{"start":{"line":449,"column":8},"end":{"line":449,"column":22}},"167":{"start":{"line":450,"column":8},"end":{"line":450,"column":45}},"168":{"start":{"line":451,"column":8},"end":{"line":451,"column":23}},"169":{"start":{"line":452,"column":8},"end":{"line":452,"column":17955}},"170":{"start":{"line":453,"column":12},"end":{"line":453,"column":34}},"171":{"start":{"line":454,"column":12},"end":{"line":454,"column":18053}},"172":{"start":{"line":457,"column":12},"end":{"line":457,"column":21}},"173":{"start":{"line":459,"column":8},"end":{"line":459,"column":27}},"174":{"start":{"line":463,"column":8},"end":{"line":463,"column":45}},"175":{"start":{"line":467,"column":8},"end":{"line":467,"column":66}},"176":{"start":{"line":471,"column":8},"end":{"line":471,"column":114}},"177":{"start":{"line":472,"column":8},"end":{"line":472,"column":42}},"178":{"start":{"line":476,"column":8},"end":{"line":476,"column":114}},"179":{"start":{"line":477,"column":8},"end":{"line":477,"column":42}},"180":{"start":{"line":481,"column":8},"end":{"line":481,"column":19114}},"181":{"start":{"line":487,"column":8},"end":{"line":487,"column":19280}},"182":{"start":{"line":488,"column":12},"end":{"line":488,"column":69}},"183":{"start":{"line":491,"column":8},"end":{"line":491,"column":19422}},"184":{"start":{"line":492,"column":12},"end":{"line":492,"column":74}},"185":{"start":{"line":495,"column":8},"end":{"line":495,"column":32}},"186":{"start":{"line":499,"column":8},"end":{"line":499,"column":43}}},"branchMap":{"1":{"line":132,"type":"if","locations":[{"start":{"line":132,"column":8},"end":{"line":132,"column":8}},{"start":{"line":132,"column":8},"end":{"line":132,"column":8}}]},"2":{"line":144,"type":"if","locations":[{"start":{"line":144,"column":8},"end":{"line":144,"column":8}},{"start":{"line":144,"column":8},"end":{"line":144,"column":8}}]},"3":{"line":153,"type":"if","locations":[{"start":{"line":153,"column":8},"end":{"line":153,"column":8}},{"start":{"line":153,"column":8},"end":{"line":153,"column":8}}]},"4":{"line":157,"type":"if","locations":[{"start":{"line":157,"column":12},"end":{"line":157,"column":12}},{"start":{"line":157,"column":12},"end":{"line":157,"column":12}}]},"5":{"line":165,"type":"if","locations":[{"start":{"line":165,"column":8},"end":{"line":165,"column":8}},{"start":{"line":165,"column":8},"end":{"line":165,"column":8}}]},"6":{"line":169,"type":"if","locations":[{"start":{"line":169,"column":12},"end":{"line":169,"column":12}},{"start":{"line":169,"column":12},"end":{"line":169,"column":12}}]},"7":{"line":229,"type":"if","locations":[{"start":{"line":229,"column":8},"end":{"line":229,"column":8}},{"start":{"line":229,"column":8},"end":{"line":229,"column":8}}]},"8":{"line":231,"type":"if","locations":[{"start":{"line":231,"column":8},"end":{"line":231,"column":8}},{"start":{"line":231,"column":8},"end":{"line":231,"column":8}}]},"9":{"line":261,"type":"if","locations":[{"start":{"line":261,"column":8},"end":{"line":261,"column":8}},{"start":{"line":261,"column":8},"end":{"line":261,"column":8}}]},"10":{"line":321,"type":"if","locations":[{"start":{"line":321,"column":12},"end":{"line":321,"column":12}},{"start":{"line":321,"column":12},"end":{"line":321,"column":12}}]},"11":{"line":324,"type":"if","locations":[{"start":{"line":324,"column":19},"end":{"line":324,"column":19}},{"start":{"line":324,"column":19},"end":{"line":324,"column":19}}]},"12":{"line":333,"type":"if","locations":[{"start":{"line":333,"column":12},"end":{"line":333,"column":12}},{"start":{"line":333,"column":12},"end":{"line":333,"column":12}}]},"13":{"line":335,"type":"if","locations":[{"start":{"line":335,"column":19},"end":{"line":335,"column":19}},{"start":{"line":335,"column":19},"end":{"line":335,"column":19}}]},"14":{"line":337,"type":"if","locations":[{"start":{"line":337,"column":19},"end":{"line":337,"column":19}},{"start":{"line":337,"column":19},"end":{"line":337,"column":19}}]},"15":{"line":408,"type":"if","locations":[{"start":{"line":408,"column":8},"end":{"line":408,"column":8}},{"start":{"line":408,"column":8},"end":{"line":408,"column":8}}]},"16":{"line":420,"type":"if","locations":[{"start":{"line":420,"column":8},"end":{"line":420,"column":8}},{"start":{"line":420,"column":8},"end":{"line":420,"column":8}}]},"17":{"line":442,"type":"if","locations":[{"start":{"line":442,"column":8},"end":{"line":442,"column":8}},{"start":{"line":442,"column":8},"end":{"line":442,"column":8}}]}}},"contracts\\erc721\\utils\\MonstropolyGenScience.sol":{"l":{"18":11,"19":11,"23":46,"27":8,"31":76,"32":75,"36":86,"37":86,"38":85,"39":85,"43":0,"44":0,"49":2,"50":2,"51":2,"55":0,"56":0,"60":2,"61":2,"62":2,"66":3,"70":12,"71":12,"75":15,"76":15,"77":15,"81":91,"85":85,"86":85,"90":100,"91":100,"95":84,"96":84,"97":83,"101":8,"102":8,"106":86,"107":86,"108":86,"112":86,"113":86,"114":86,"115":86,"119":16,"120":16,"121":16,"122":16,"126":102,"127":102,"134":279,"135":279,"137":279,"138":1395,"141":279,"145":0,"146":0,"148":0,"149":0,"150":0,"151":0,"152":0,"154":0,"155":0,"156":0,"157":0,"158":0,"159":0,"160":0,"161":0,"163":0,"167":279,"168":133,"169":133,"170":133,"171":133,"172":133,"174":133,"175":133,"176":133,"177":133,"178":133,"179":133,"182":133,"184":133,"188":1395},"path":"C:\\Users\\Guillermo\\Documents\\_monstropolis\\monstropoly-contracts\\contracts\\erc721\\utils\\MonstropolyGenScience.sol","s":{"1":11,"2":46,"3":8,"4":76,"5":75,"6":86,"7":86,"8":84,"9":85,"10":85,"11":0,"12":0,"13":2,"14":2,"15":2,"16":0,"17":0,"18":2,"19":2,"20":2,"21":3,"22":12,"23":12,"24":15,"25":15,"26":6,"27":15,"28":15,"29":91,"30":85,"31":85,"32":100,"33":100,"34":84,"35":84,"36":83,"37":8,"38":8,"39":86,"40":86,"41":86,"42":86,"43":86,"44":86,"45":86,"46":16,"47":16,"48":16,"49":16,"50":102,"51":102,"52":279,"53":279,"54":279,"55":1395,"56":279,"57":0,"58":0,"59":0,"60":0,"61":0,"62":0,"63":0,"64":0,"65":0,"66":0,"67":0,"68":0,"69":0,"70":0,"71":0,"72":279,"73":146,"74":133,"75":133,"76":133,"77":133,"78":133,"79":133,"80":133,"81":133,"82":133,"83":133,"84":133,"85":133,"86":1395},"b":{"1":[11,0],"2":[84,2],"3":[6,9],"4":[15,0],"5":[86,0],"6":[16,0],"7":[0,0],"8":[146,133]},"f":{"1":11,"2":46,"3":8,"4":76,"5":86,"6":0,"7":2,"8":0,"9":2,"10":3,"11":12,"12":15,"13":91,"14":85,"15":100,"16":84,"17":8,"18":86,"19":86,"20":16,"21":102,"22":279,"23":0,"24":279,"25":1395},"fnMap":{"1":{"name":"newRandom","line":17,"loc":{"start":{"line":17,"column":4},"end":{"line":20,"column":4}}},"2":{"name":"initialize","line":22,"loc":{"start":{"line":22,"column":4},"end":{"line":24,"column":4}}},"3":{"name":"generateAsset","line":26,"loc":{"start":{"line":26,"column":4},"end":{"line":28,"column":4}}},"4":{"name":"generateAssetView","line":30,"loc":{"start":{"line":30,"column":4},"end":{"line":33,"column":4}}},"5":{"name":"_generateAssetView","line":35,"loc":{"start":{"line":35,"column":4},"end":{"line":40,"column":4}}},"6":{"name":"generateType","line":42,"loc":{"start":{"line":42,"column":4},"end":{"line":45,"colu
[...]
n":162}},"10":{"start":{"line":61,"column":8},"end":{"line":61,"column":66}},"11":{"start":{"line":64,"column":8},"end":{"line":64,"column":37}},"12":{"start":{"line":68,"column":8},"end":{"line":68,"column":14}},"13":{"start":{"line":72,"column":8},"end":{"line":72,"column":52}},"14":{"start":{"line":74,"column":8},"end":{"line":74,"column":61}},"15":{"start":{"line":75,"column":8},"end":{"line":75,"column":56}},"16":{"start":{"line":79,"column":8},"end":{"line":79,"column":39}},"17":{"start":{"line":83,"column":8},"end":{"line":83,"column":45}},"18":{"start":{"line":84,"column":8},"end":{"line":84,"column":52}},"19":{"start":{"line":88,"column":8},"end":{"line":88,"column":46}},"20":{"start":{"line":92,"column":8},"end":{"line":92,"column":31}},"21":{"start":{"line":93,"column":8},"end":{"line":93,"column":21}},"22":{"start":{"line":97,"column":8},"end":{"line":97,"column":36}},"23":{"start":{"line":98,"column":8},"end":{"line":98,"column":46}},"24":{"start":{"line":100,"column":8},"end":{"line":100,"column":71}},"25":{"start":{"line":102,"column":8},"end":{"line":102,"column":105}},"26":{"start":{"line":103,"column":8},"end":{"line":103,"column":37}},"27":{"start":{"line":105,"column":8},"end":{"line":105,"column":4254}},"28":{"start":{"line":106,"column":12},"end":{"line":106,"column":70}},"29":{"start":{"line":109,"column":8},"end":{"line":109,"column":51}},"30":{"start":{"line":113,"column":8},"end":{"line":113,"column":38}},"31":{"start":{"line":114,"column":8},"end":{"line":114,"column":103}},"32":{"start":{"line":116,"column":8},"end":{"line":116,"column":122}},"33":{"start":{"line":117,"column":8},"end":{"line":117,"column":113}},"34":{"start":{"line":118,"column":8},"end":{"line":118,"column":64}},"35":{"start":{"line":119,"column":8},"end":{"line":119,"column":52}},"36":{"start":{"line":120,"column":8},"end":{"line":120,"column":57}}},"branchMap":{"1":{"line":100,"type":"if","locations":[{"start":{"line":100,"column":8},"end":{"line":100,"column":8}},{"start":{"line":100,"column":8},"end":{"line":100,"column":8}}]},"2":{"line":114,"type":"if","locations":[{"start":{"line":114,"column":8},"end":{"line":114,"column":8}},{"start":{"line":114,"column":8},"end":{"line":114,"column":8}}]}}},"contracts\\utils\\AccessControlProxyPausable.sol":{"l":{"16":218,"17":213,"25":279,"29":309,"30":309,"34":309,"35":309,"39":2,"43":0,"47":0,"51":0},"path":"C:\\Users\\Guillermo\\Documents\\_monstropolis\\monstropoly-contracts\\contracts\\utils\\AccessControlProxyPausable.sol","s":{"1":213,"2":279,"3":309,"4":309,"5":309,"6":2,"7":0,"8":0,"9":0,"10":0},"b":{"1":[279,0]},"f":{"1":218,"2":279,"3":309,"4":2,"5":0,"6":0,"7":0},"fnMap":{"1":{"name":"onlyRole","line":15,"loc":{"start":{"line":15,"column":4},"end":{"line":26,"column":4}}},"2":{"name":"hasRole","line":28,"loc":{"start":{"line":28,"column":4},"end":{"line":31,"column":4}}},"3":{"name":"__AccessControlProxyPausable_init","line":33,"loc":{"start":{"line":33,"column":4},"end":{"line":36,"column":4}}},"4":{"name":"__AccessControlProxyPausable_init_unchained","line":38,"loc":{"start":{"line":38,"column":4},"end":{"line":40,"column":4}}},"5":{"name":"pause","line":42,"loc":{"start":{"line":42,"column":4},"end":{"line":44,"column":4}}},"6":{"name":"unpause","line":46,"loc":{"start":{"line":46,"column":4},"end":{"line":48,"column":4}}},"7":{"name":"updateManager","line":50,"loc":{"start":{"line":50,"column":4},"end":{"line":52,"column":4}}}},"statementMap":{"1":{"start":{"line":16,"column":8},"end":{"line":16,"column":36}},"2":{"start":{"line":17,"column":8},"end":{"line":17,"column":642}},"3":{"start":{"line":29,"column":8},"end":{"line":29,"column":77}},"4":{"start":{"line":30,"column":8},"end":{"line":30,"column":45}},"5":{"start":{"line":34,"column":8},"end":{"line":34,"column":24}},"6":{"start":{"line":35,"column":8},"end":{"line":35,"column":59}},"7":{"start":{"line":39,"column":8},"end":{"line":39,"column":23}},"8":{"start":{"line":43,"column":8},"end":{"line":43,"column":15}},"9":{"start":{"line":47,"column":8},"end":{"line":47,"column":17}},"10":{"start":{"line":51,"column":8},"end":{"line":51,"column":23}}},"branchMap":{"1":{"line":17,"type":"if","locations":[{"start":{"line":17,"column":8},"end":{"line":17,"column":8}},{"start":{"line":17,"column":8},"end":{"line":17,"column":8}}]}}},"contracts\\utils\\Token.sol":{"l":{"11":36,"12":2,"13":2,"17":2,"18":0,"22":0},"path":"C:\\Users\\Guillermo\\Documents\\_monstropolis\\monstropoly-contracts\\contracts\\utils\\Token.sol","s":{"1":36,"2":2,"3":2,"4":0,"5":0,"6":0},"b":{"1":[0,2]},"f":{"1":36,"2":2,"3":0},"fnMap":{"1":{"name":"constructor","line":10,"loc":{"start":{"line":10,"column":4},"end":{"line":14,"column":4}}},"2":{"name":"mint","line":16,"loc":{"start":{"line":16,"column":4},"end":{"line":19,"column":4}}},"3":{"name":"burn","line":21,"loc":{"start":{"line":21,"column":4},"end":{"line":23,"column":4}}}},"statementMap":{"1":{"start":{"line":11,"column":8},"end":{"line":11,"column":35}},"2":{"start":{"line":12,"column":8},"end":{"line":12,"column":25}},"3":{"start":{"line":13,"column":8},"end":{"line":13,"column":25}},"4":{"start":{"line":17,"column":8},"end":{"line":17,"column":65}},"5":{"start":{"line":18,"column":8},"end":{"line":18,"column":29}},"6":{"start":{"line":22,"column":8},"end":{"line":22,"column":32}}},"branchMap":{"1":{"line":17,"type":"if","locations":[{"start":{"line":17,"column":8},"end":{"line":17,"column":8}},{"start":{"line":17,"column":8},"end":{"line":17,"column":8}}]}}},"contracts\\utils\\UUPSNotUpgradeable.sol":{"l":{"25":0,"29":0},"path":"C:\\Users\\Guillermo\\Documents\\_monstropolis\\monstropoly-contracts\\contracts\\utils\\UUPSNotUpgradeable.sol","s":{"1":0,"2":0},"b":{"1":[0,0]},"f":{"1":3,"2":0},"fnMap":{"1":{"name":"_authorizeUpgrade","line":21,"loc":{"start":{"line":19,"column":4},"end":{"line":26,"column":4}}},"2":{"name":"implementation","line":28,"loc":{"start":{"line":28,"column":8},"end":{"line":30,"column":4}}}},"statementMap":{"1":{"start":{"line":25,"column":8},"end":{"line":25,"column":154}},"2":{"start":{"line":29,"column":8},"end":{"line":29,"column":35}}},"branchMap":{"1":{"line":25,"type":"if","locations":[{"start":{"line":25,"column":8},"end":{"line":25,"column":8}},{"start":{"line":25,"column":8},"end":{"line":25,"column":8}}]}}},"contracts\\utils\\UUPSUpgradeableByRole.sol":{"l":{},"path":"C:\\Users\\Guillermo\\Documents\\_monstropolis\\monstropoly-contracts\\contracts\\utils\\UUPSUpgradeableByRole.sol","s":{},"b":{},"f":{"1":0},"fnMap":{"1":{"name":"_authorizeUpgrade","line":13,"loc":{"start":{"line":11,"column":4},"end":{"line":15,"column":5}}}},"statementMap":{},"branchMap":{}},"contracts\\vaults\\MonstropolyDistributionVault.sol":{"l":{"22":36,"26":34,"30":34,"31":34,"32":68,"33":68,"37":66,"38":68,"39":68,"43":68,"44":68,"45":68,"46":2,"47":2,"51":2,"52":2,"54":2,"55":2,"56":2,"58":2,"60":2,"62":1,"63":1,"65":26,"68":26,"82":26,"83":26,"84":26,"85":26,"87":26,"91":26,"92":0,"93":0},"path":"C:\\Users\\Guillermo\\Documents\\_monstropolis\\monstropoly-contracts\\contracts\\vaults\\MonstropolyDistributionVault.sol","s":{"1":34,"2":34,"3":34,"4":34,"5":68,"6":68,"7":66,"8":68,"9":68,"10":68,"11":68,"12":68,"13":2,"14":2,"15":2,"16":2,"17":2,"18":2,"19":2,"20":2,"21":1,"22":1,"23":2,"24":26,"25":26,"26":26,"27":26,"28":26,"29":26,"30":26,"31":0,"32":0},"b":{"1":[34,0],"2":[66,0],"3":[1,1],"4":[1,2],"5":[26,0]},"f":{"1":36,"2":34,"3":34,"4":66,"5":68,"6":2,"7":26},"fnMap":{"1":{"name":"initialize","line":20,"loc":{"start":{"line":20,"column":4},"end":{"line":23,"column":4}}},"2":{"name":"available","line":25,"loc":{"start":{"line":25,"column":4},"end":{"line":27,"column":4}}},"3":{"name":"distribute","line":29,"loc":{"start":{"line":29,"column":4},"end":{"line":34,"column":4}}},"4":{"name":"createDistributor","line":36,"loc":{"start":{"line":36,"column":4},"end":{"line":40,"column":4}}},"5":{"name":"_createDistributor","line":42,"loc":{"start":{"line":42,"column":4},"end":{"line":48,"column":4}}},"6":{"name":"migrateDistributor","line":50,"loc":{"start":{"line":50,"column":4},"end":{"line":70,"column":4}}},"7":{"name":"createRewards","line":81,"loc":{"start":{"line":81,"column":4},"end":{"line":94,"column":4}}}},"statementMap":{"1":{"start":{"line":22,"column":6},"end":{"line":22,"column":50}},"2":{"start":{"line":26,"column":8},"end":{"line":26,"column":56}},"3":{"start":{"line":30,"column":8},"end":{"line":30,"column":100}},"4":{"start":{"line":31,"column":8},"end":{"line":31,"column":40}},"5":{"start":{"line":32,"column":8},"end":{"line":32,"column":104}},"6":{"start":{"line":33,"column":8},"end":{"line":33,"column":58}},"7":{"start":{"line":37,"column":8},"end":{"line":37,"column":170}},"8":{"start":{"line":38,"column":8},"end":{"line":38,"column":24}},"9":{"start":{"line":39,"column":8},"end":{"line":39,"column":91}},"10":{"start":{"line":43,"column":8},"end":{"line":43,"column":133}},"11":{"start":{"line":44,"column":8},"end":{"line":44,"column":57}},"12":{"start":{"line":45,"column":8},"end":{"line":45,"column":65}},"13":{"start":{"line":46,"column":8},"end":{"line":46,"column":44}},"14":{"start":{"line":47,"column":8},"end":{"line":47,"column":45}},"15":{"start":{"line":51,"column":8},"end":{"line":51,"column":67}},"16":{"start":{"line":52,"column":8},"end":{"line":52,"column":78}},"17":{"start":{"line":54,"column":8},"end":{"line":54,"column":46}},"18":{"start":{"line":55,"column":8},"end":{"line":55,"column":61}},"19":{"start":{"line":56,"column":8},"end":{"line":56,"column":41}},"20":{"start":{"line":58,"column":8},"end":{"line":58,"column":75}},"21":{"start":{"line":60,"column":8},"end":{"line":60,"column":121}},"22":{"start":{"line":62,"column":8},"end":{"line":62,"column":3018}},"23":{"start":{"line":63,"column":12},"end":{"line":63,"column":134}},"24":{"start":{"line":65,"column":12},"end":{"line":65,"column":104}},"25":{"start":{"line":68,"column":8},"end":{"line":68,"column":24}},"26":{"start":{"line":82,"column":8},"end":{"line":82,"column":182}},"27":{"start":{"line":83,"column":8},"end":{"line":83,"column":36}},"28":{"start":{"line":84,"column":8},"end":{"line":84,"column":30}},"29":{"start":{"line":85,"column":8},"end":{"line":85,"column":115}},"30":{"start":{"line":91,"column":8},"end":{"line":91,"column":79}},"31":{"start":{"line":92,"column":8},"end":{"line":92,"column":52}},"32":{"start":{"line":93,"column":8},"end":{"line":93,"column":59}}},"branchMap":{"1":{"line":30,"type":"if","locations":[{"start":{"line":30,"column":8},"end":{"line":30,"column":8}},{"start":{"line":30,"column":8},"end":{"line":30,"column":8}}]},"2":{"line":37,"type":"if","locations":[{"start":{"line":37,"column":8},"end":{"line":37,"column":8}},{"start":{"line":37,"column":8},"end":{"line":37,"column":8}}]},"3":{"line":60,"type":"if","locations":[{"start":{"line":60,"column":8},"end":{"line":60,"column":8}},{"start":{"line":60,"column":8},"end":{"line":60,"column":8}}]},"4":{"line":62,"type":"if","locations":[{"start":{"line":62,"column":8},"end":{"line":62,"column":8}},{"start":{"line":62,"column":8},"end":{"line":62,"column":8}}]},"5":{"line":82,"type":"if","locations":[{"start":{"line":82,"column":8},"end":{"line":82,"column":8}},{"start":{"line":82,"column":8},"end":{"line":82,"column":8}}]}}},"contracts\\vaults\\MonstropolyDistributor.sol":{"l":{"29":41,"30":40,"32":40,"33":41,"36":37,"37":30,"38":7,"40":41,"44":31,"48":31,"49":31,"51":25,"55":25,"56":23,"57":23,"58":23,"59":2,"60":2,"64":2,"65":2,"66":68,"67":68,"72":68,"74":68,"75":68,"76":68,"77":68,"79":68,"80":68,"82":68,"83":0,"85":0},"path":"C:\\Users\\Guillermo\\Documents\\_monstropolis\\monstropoly-contracts\\contracts\\vaults\\MonstropolyDistributor.sol","s":{"1":41,"2":40,"3":1,"4":37,"5":30,"6":7,"7":4,"8":31,"9":31,"10":31,"11":25,"12":25,"13":23,"14":23,"15":23,"16":23,"17":2,"18":2,"19":2,"20":2,"21":68,"22":68,"23":68,"24":68,"25":68,"26":68,"27":68,"28":68,"29":68,"30":68,"31":0,"32":0},"b":{"1":[41,37],"2":[30,31],"3":[7,41],"4":[25,6],"5":[23,0],"6":[2,0],"7":[68,0]},"f":{"1":41,"2":31,"3":25,"4":2,"5":68},"fnMap":{"1":{"name":"released","line":28,"loc":{"start":{"line":28,"column":4},"end":{"line":45,"column":4}}},"2":{"name":"pending","line":47,"loc":{"start":{"line":47,"column":4},"end":{"line":52,"column":4}}},"3":{"name":"claim","line":54,"loc":{"start":{"line":54,"column":4},"end":{"line":61,"column":4}}},"4":{"name":"finish","line":63,"loc":{"start":{"line":63,"column":4},"end":{"line":68,"column":4}}},"5":{"name":"constructor","line":70,"loc":{"start":{"line":70,"column":4},"end":{"line":86,"column":4}}}},"statementMap":{"1":{"start":{"line":29,"column":8},"end":{"line":29,"column":26}},"2":{"start":{"line":30,"column":8},"end":{"line":30,"column":35}},"3":{"start":{"line":32,"column":8},"end":{"line":32,"column":890}},"4":{"start":{"line":33,"column":12},"end":{"line":33,"column":28}},"5":{"start":{"line":36,"column":8},"end":{"line":36,"column":972}},"6":{"start":{"line":37,"column":12},"end":{"line":37,"column":1025}},"7":{"start":{"line":38,"column":16},"end":{"line":38,"column":67}},"8":{"start":{"line":40,"column":16},"end":{"line":40,"column":66}},"9":{"start":{"line":44,"column":8},"end":{"line":44,"column":21}},"10":{"start":{"line":48,"column":8},"end":{"line":48,"column":74}},"11":{"start":{"line":49,"column":8},"end":{"line":49,"column":118}},"12":{"start":{"line":51,"column":8},"end":{"line":51,"column":67}},"13":{"start":{"line":55,"column":8},"end":{"line":55,"column":71}},"14":{"start":{"line":56,"column":8},"end":{"line":56,"column":72}},"15":{"start":{"line":57,"column":8},"end":{"line":57,"column":35}},"16":{"start":{"line":58,"column":8},"end":{"line":58,"column":30}},"17":{"start":{"line":59,"column":8},"end":{"line":59,"column":73}},"18":{"start":{"line":60,"column":8},"end":{"line":60,"column":37}},"19":{"start":{"line":64,"column":8},"end":{"line":64,"column":35}},"20":{"start":{"line":65,"column":8},"end":{"line":65,"column":27}},"21":{"start":{"line":66,"column":8},"end":{"line":66,"column":28}},"22":{"start":{"line":67,"column":8},"end":{"line":67,"column":16}},"23":{"start":{"line":72,"column":8},"end":{"line":72,"column":25}},"24":{"start":{"line":74,"column":8},"end":{"line":74,"column":98}},"25":{"start":{"line":75,"column":8},"end":{"line":75,"column":31}},"26":{"start":{"line":76,"column":8},"end":{"line":76,"column":27}},"27":{"start":{"line":77,"column":8},"end":{"line":77,"column":21}},"28":{"start":{"line":79,"column":8},"end":{"line":79,"column":25}},"29":{"start":{"line":80,"column":8},"end":{"line":80,"column":71}},"30":{"start":{"line":82,"column":8},"end":{"line":82,"column":31}},"31":{"start":{"line":83,"column":8},"end":{"line":83,"column":17}},"32":{"start":{"line":85,"column":8},"end":{"line":85,"column":82}}},"branchMap":{"1":{"line":32,"type":"if","locations":[{"start":{"line":32,"column":8},"end":{"line":32,"column":8}},{"start":{"line":32,"column":8},"end":{"line":32,"column":8}}]},"2":{"line":36,"type":"if","locations":[{"start":{"line":36,"column":8},"end":{"line":36,"column":8}},{"start":{"line":36,"column":8},"end":{"line":36,"column":8}}]},"3":{"line":37,"type":"if","locations":[{"start":{"line":37,"column":12},"end":{"line":37,"column":12}},{"start":{"line":37,"column":12},"end":{"line":37,"column":12}}]},"4":{"line":49,"type":"if","locations":[{"start":{"line":49,"column":8},"end":{"line":49,"column":8}},{"start":{"line":49,"column":8},"end":{"line":49,"column":8}}]},"5":{"line":56,"type":"if","locations":[{"start":{"line":56,"column":8},"end":{"line":56,"column":8}},{"start":{"line":56,"column":8},"end":{"line":56,"column":8}}]},"6":{"line":64,"type":"if","locations":[{"start":{"line":64,"column":8},"end":{"line":64,"column":8}},{"start":{"line":64,"column":8},"end":{"line":64,"column":8}}]},"7":{"line":74,"type":"if","locations":[{"start":{"line":74,"column":8},"end":{"line":74,"column":8}},{"start":{"line":74,"column":8},"end":{"line":74,"column":8}}]}}},"contracts\\vaults\\MonstropolyRewardsDistributor.sol":{"l":{"25":43,"27":43,"28":1,"29":42,"30":42,"32":11,"33":11,"34":0,"38":5,"41":5,"45":38,"49":12,"53":11,"57":11,"58":11,"59":11,"60":26,"61":26,"66":26,"67":26,"68":26,"69":26,"71":26,"72":26,"74":26,"75":26,"76":26,"77":0,"79":0},"path":"C:\\Users\\Guillermo\\Documents\\_monstropolis\\monstropoly-contracts\\contracts\\vaults\\MonstropolyRewardsDistributor.sol","s":{"1":43,"2":1,"3":1,"4":42,"5":42,"6":11,"7":31,"8":0,"9":5,"10":38,"11":12,"12":11,"13":11,"14":11,"15":11,"16":11,"17":26,"18":26,"19":26,"20":26,"21":26,"22":26,"23":26,"24":26,"25":26,"26":26,"27":26,"28":0,"29":0},"b":{"1":[1,43],"2":[1,42],"3":[0,43],"4":[11,0]},"f":{"1":43,"2":38,"3":12,"4":11,"5":11,"6":26},"fnMap":{"1":{"name":"_released","line":23,"loc":{"start":{"line":23,"column":4},"end":{"line":42,"column":4}}},"2":{"name":"released","line":44,"loc":{"start":{"line":44,"column":4},"end":{"line":46,"column":4}}},"3":{"name":"released","line":48,"loc":{"start":{"line":48,"column":4},"end":{"line":50,"column":4}}},"4":{"name":"available","line":52,"loc":{"start":{"line":52,"column":4},"end":{"line":54,"column":4}}},"5":{"name":"distribute","line":56,"loc":{"start":{"line":56,"column":4},"end":{"line":62,"column":4}}},"6":{"name":"constructor","line":64,"loc":{"start":{"line":64,"column":4},"end":{"line":80,"column":4}}}},"statementMap":{"1":{"start":{"line":25,"column":8},"end":{"line":25,"column":26}},"2":{"start":{"line":27,"column":8},"end":{"line":27,"column":804}},"3":{"start":{"line":28,"column":12},"end":{"line":28,"column":853}},"4":{"start":{"line":29,"column":16},"end":{"line":29,"column":65}},"5":{"start":{"line":30,"column":16},"end":{"line":30,"column":74}},"6":{"start":{"line":32,"column":16},"end":{"line":32,"column":69}},"7":{"start":{"line":33,"column":16},"end":{"line":33,"column":1146}},"8":{"start":{"line":34,"column":20},"end":{"line":34,"column":82}},"9":{"start":{"line":38,"column":12},"end":{"line":38,"column":20}},"10":{"start":{"line":41,"column":8},"end":{"line":41,"column":21}},"11":{"start":{"line":45,"column":8},"end":{"line":45,"column":26}},"12":{"start":{"line":49,"column":8},"end":{"line":49,"column":59}},"13":{"start":{"line":53,"column":6},"end":{"line":53,"column":43}},"14":{"start":{"line":57,"column":8},"end":{"line":57,"column":105}},"15":{"start":{"line":58,"column":8},"end":{"line":58,"column":98}},"16":{"start":{"line":59,"column":8},"end":{"line":59,"column":32}},"17":{"start":{"line":60,"column":8},"end":{"line":60,"column":170}},"18":{"start":{"line":61,"column":8},"end":{"line":61,"column":58}},"19":{"start":{"line":66,"column":8},"end":{"line":66,"column":25}},"20":{"start":{"line":67,"column":8},"end":{"line":67,"column":31}},"21":{"start":{"line":68,"column":8},"end":{"line":68,"column":27}},"22":{"start":{"line":69,"column":8},"end":{"line":69,"column":33}},"23":{"start":{"line":71,"column":8},"end":{"line":71,"column":57}},"24":{"start":{"line":72,"column":8},"end":{"line":72,"column":66}},"25":{"start":{"line":74,"column":8},"end":{"line":74,"column":50}},"26":{"start":{"line":75,"column":8},"end":{"line":75,"column":50}},"27":{"start":{"line":76,"column":8},"end":{"line":76,"column":54}},"28":{"start":{"line":77,"column":8},"end":{"line":77,"column":46}},"29":{"start":{"line":79,"column":8},"end":{"line":79,"column":79}}},"branchMap":{"1":{"line":27,"type":"if","locations":[{"start":{"line":27,"column":8},"end":{"line":27,"column":8}},{"start":{"line":27,"column":8},"end":{"line":27,"column":8}}]},"2":{"line":28,"type":"if","locations":[{"start":{"line":28,"column":12},"end":{"line":28,"column":12}},{"start":{"line":28,"column":12},"end":{"line":28,"column":12}}]},"3":{"line":33,"type":"if","locations":[{"start":{"line":33,"column":16},"end":{"line":33,"column":16}},{"start":{"line":33,"column":16},"end":{"line":33,"column":16}}]},"4":{"line":58,"type":"if","locations":[{"start":{"line":58,"column":8},"end":{"line":58,"column":8}},{"start":{"line":58,"column":8},"end":{"line":58,"column":8}}]}}}}