{"contracts\\base\\MonstropolyDeployer.sol":{"l":{"19":164,"20":164,"21":164,"22":164,"26":190,"27":190,"28":190,"30":190,"34":38,"35":38,"37":38,"41":285,"42":285,"46":285,"48":285,"49":5,"50":5,"51":5,"53":0,"56":3,"58":280,"61":283,"65":318,"69":318,"70":318},"path":"C:\\Users\\Guillermo\\Documents\\_monstropolis\\monstropoly-contracts\\contracts\\base\\MonstropolyDeployer.sol","s":{"1":164,"2":164,"3":164,"4":164,"5":190,"6":190,"7":190,"8":190,"9":38,"10":38,"11":38,"12":285,"13":285,"14":285,"15":5,"16":5,"17":5,"18":0,"19":3,"20":280,"21":283,"22":318,"23":318,"24":318},"b":{"1":[190,0],"2":[38,0],"3":[5,280],"4":[5,0]},"f":{"1":164,"2":190,"3":38,"4":285,"5":318},"fnMap":{"1":{"name":"constructor","line":18,"loc":{"start":{"line":18,"column":4},"end":{"line":23,"column":4}}},"2":{"name":"setId","line":25,"loc":{"start":{"line":25,"column":4},"end":{"line":31,"column":4}}},"3":{"name":"deployProxyWithImplementation","line":33,"loc":{"start":{"line":33,"column":4},"end":{"line":38,"column":4}}},"4":{"name":"deploy","line":40,"loc":{"start":{"line":40,"column":4},"end":{"line":62,"column":4}}},"5":{"name":"_deployProxy","line":64,"loc":{"start":{"line":64,"column":4},"end":{"line":71,"column":4}}}},"statementMap":{"1":{"start":{"line":19,"column":8},"end":{"line":19,"column":29}},"2":{"start":{"line":20,"column":8},"end":{"line":20,"column":49}},"3":{"start":{"line":21,"column":8},"end":{"line":21,"column":52}},"4":{"start":{"line":22,"column":8},"end":{"line":22,"column":47}},"5":{"start":{"line":26,"column":8},"end":{"line":26,"column":79}},"6":{"start":{"line":27,"column":8},"end":{"line":27,"column":21}},"7":{"start":{"line":28,"column":8},"end":{"line":28,"column":22}},"8":{"start":{"line":30,"column":8},"end":{"line":30,"column":28}},"9":{"start":{"line":34,"column":8},"end":{"line":34,"column":79}},"10":{"start":{"line":35,"column":8},"end":{"line":35,"column":59}},"11":{"start":{"line":37,"column":8},"end":{"line":37,"column":59}},"12":{"start":{"line":41,"column":8},"end":{"line":41,"column":20}},"13":{"start":{"line":46,"column":8},"end":{"line":46,"column":38}},"14":{"start":{"line":48,"column":8},"end":{"line":48,"column":1877}},"15":{"start":{"line":49,"column":12},"end":{"line":49,"column":74}},"16":{"start":{"line":50,"column":12},"end":{"line":50,"column":2005}},"17":{"start":{"line":51,"column":16},"end":{"line":51,"column":73}},"18":{"start":{"line":53,"column":16},"end":{"line":53,"column":46}},"19":{"start":{"line":56,"column":12},"end":{"line":56,"column":25}},"20":{"start":{"line":58,"column":12},"end":{"line":58,"column":63}},"21":{"start":{"line":61,"column":8},"end":{"line":61,"column":61}},"22":{"start":{"line":65,"column":8},"end":{"line":65,"column":2532}},"23":{"start":{"line":69,"column":8},"end":{"line":69,"column":31}},"24":{"start":{"line":70,"column":8},"end":{"line":70,"column":32}}},"branchMap":{"1":{"line":26,"type":"if","locations":[{"start":{"line":26,"column":8},"end":{"line":26,"column":8}},{"start":{"line":26,"column":8},"end":{"line":26,"column":8}}]},"2":{"line":34,"type":"if","locations":[{"start":{"line":34,"column":8},"end":{"line":34,"column":8}},{"start":{"line":34,"column":8},"end":{"line":34,"column":8}}]},"3":{"line":48,"type":"if","locations":[{"start":{"line":48,"column":8},"end":{"line":48,"column":8}},{"start":{"line":48,"column":8},"end":{"line":48,"column":8}}]},"4":{"line":50,"type":"if","locations":[{"start":{"line":50,"column":12},"end":{"line":50,"column":12}},{"start":{"line":50,"column":12},"end":{"line":50,"column":12}}]}}},"contracts\\defi\\MonstropolyFarming.sol":{"l":{"41":8,"42":0,"44":8,"45":8,"46":8,"47":8,"48":3,"50":8,"55":8,"56":8,"57":8,"58":8,"63":4,"65":4,"67":4,"68":4,"70":4,"71":4,"74":4,"75":4,"77":4,"79":4,"80":4,"82":4,"83":4,"86":4,"88":4,"89":4,"90":4,"95":2,"97":2,"98":2,"100":2,"102":2,"103":2,"105":2,"106":2,"107":2,"109":2,"110":2,"113":2,"115":2,"116":1,"119":2,"121":2,"122":2,"123":2,"124":2,"128":2,"129":2,"134":2,"135":2,"137":2,"138":2,"140":2,"142":2,"144":2,"145":2,"146":2,"151":1,"152":1,"156":7,"157":7,"158":7,"159":3,"160":3,"161":3,"168":0,"169":0,"170":0,"171":0,"172":0,"173":0,"174":0,"176":0,"180":26,"181":26,"182":26,"187":0,"188":0,"189":0,"190":0,"192":0,"198":0,"199":0,"200":0,"201":0,"202":0,"207":3,"208":3,"212":0,"213":0,"214":0,"217":0,"218":0,"219":0,"223":4,"227":1,"228":1,"229":1,"230":1,"231":1,"232":1,"233":1,"237":0,"238":0,"239":0,"244":1,"246":1,"247":1,"248":1,"249":1,"250":1,"251":1,"253":1,"255":0},"path":"C:\\Users\\Guillermo\\Documents\\_monstropolis\\monstropoly-contracts\\contracts\\defi\\MonstropolyFarming.sol","s":{"1":8,"2":0,"3":8,"4":8,"5":8,"6":8,"7":3,"8":8,"9":8,"10":8,"11":8,"12":8,"13":4,"14":4,"15":4,"16":4,"17":4,"18":4,"19":4,"20":4,"21":4,"22":4,"23":4,"24":4,"25":4,"26":4,"27":4,"28":4,"29":4,"30":2,"31":2,"32":2,"33":2,"34":2,"35":2,"36":2,"37":2,"38":2,"39":2,"40":2,"41":2,"42":2,"43":1,"44":2,"45":2,"46":2,"47":2,"48":2,"49":2,"50":2,"51":2,"52":2,"53":2,"54":2,"55":2,"56":2,"57":2,"58":2,"59":2,"60":1,"61":1,"62":7,"63":7,"64":7,"65":3,"66":3,"67":3,"68":0,"69":0,"70":0,"71":0,"72":0,"73":0,"74":0,"75":0,"76":26,"77":26,"78":26,"79":0,"80":0,"81":0,"82":0,"83":0,"84":0,"85":0,"86":0,"87":0,"88":0,"89":3,"90":3,"91":0,"92":0,"93":0,"94":0,"95":0,"96":0,"97":4,"98":1,"99":1,"100":1,"101":1,"102":1,"103":1,"104":1,"105":0,"106":0,"107":0,"108":1,"109":1,"110":1,"111":1,"112":1,"113":1,"114":1,"115":1,"116":0},"b":{"1":[0,8],"2":[3,5],"3":[4,0],"4":[4,0],"5":[4,0],"6":[4,0],"7":[4,0],"8":[4,0],"9":[2,0],"10":[2,0],"11":[2,0],"12":[1,1],"13":[2,0],"14":[2,0],"15":[3,4],"16":[0,0],"17":[0,0],"18":[0,0],"19":[0,0],"20":[1,0],"21":[1,0],"22":[1,0]},"f":{"1":8,"2":8,"3":4,"4":2,"5":2,"6":2,"7":1,"8":7,"9":0,"10":26,"11":0,"12":0,"13":3,"14":0,"15":4,"16":1,"17":0,"18":1},"fnMap":{"1":{"name":"_update","line":40,"loc":{"start":{"line":40,"column":4},"end":{"line":51,"column":4}}},"2":{"name":"_updateRewards","line":54,"loc":{"start":{"line":54,"column":4},"end":{"line":59,"column":4}}},"3":{"name":"depositFrom","line":62,"loc":{"start":{"line":62,"column":4},"end":{"line":91,"column":4}}},"4":{"name":"withdraw","line":94,"loc":{"start":{"line":94,"column":4},"end":{"line":125,"column":4}}},"5":{"name":"withdrawAll","line":127,"loc":{"start":{"line":127,"column":4},"end":{"line":130,"column":4}}},"6":{"name":"claim","line":133,"loc":{"start":{"line":133,"column":4},"end":{"line":147,"column":4}}},"7":{"name":"toggleAutoreward","line":150,"loc":{"start":{"line":150,"column":4},"end":{"line":153,"column":4}}},"8":{"name":"_reward","line":155,"loc":{"start":{"line":155,"column":4},"end":{"line":163,"column":4}}},"9":{"name":"pendingRewards","line":167,"loc":{"start":{"line":167,"column":4},"end":{"line":177,"column":4}}},"10":{"name":"initialize","line":179,"loc":{"start":{"line":179,"column":4},"end":{"line":183,"column":4}}},"11":{"name":"getTokenGap","line":186,"loc":{"start":{"line":186,"column":4},"end":{"line":194,"column":4}}},"12":{"name":"syncBalance","line":197,"loc":{"start":{"line":197,"column":4},"end":{"line":203,"column":4}}},"13":{"name":"getUserBalance","line":206,"loc":{"start":{"line":206,"column":4},"end":{"line":209,"column":4}}},"14":{"name":"migrate","line":211,"loc":{"start":{"line":211,"column":4},"end":{"line":220,"column":4}}},"15":{"name":"setLP","line":222,"loc":{"start":{"line":222,"column":4},"end":{"line":224,"column":4}}},"16":{"name":"emergencyWithdraw","line":226,"loc":{"start":{"line":226,"column":4},"end":{"line":234,"column":4}}},"17":{"name":"depositAll","line":236,"loc":{"start":{"line":236,"column":4},"end":{"line":240,"column":4}}},"18":{"name":"lastReward","line":242,"loc":{"start":{"line":242,"column":4},"end":{"line":257,"column":4}}}},"statementMap":{"1":{"start":{"line":41,"column":6},"end":{"line":41,"column":1450}},"2":{"start":{"line":42,"column":8},"end":{"line":42,"column":14}},"3":{"start":{"line":44,"column":6},"end":{"line":44,"column":142}},"4":{"start":{"line":45,"column":6},"end":{"line":45,"column":112}},"5":{"start":{"line":46,"column":6},"end":{"line":46,"column":26}},"6":{"start":{"line":47,"column":6},"end":{"line":47,"column":1807}},"7":{"start":{"line":48,"column":8},"end":{"line":48,"column":56}},"8":{"start":{"line":50,"column":6},"end":{"line":50,"column":30}},"9":{"start":{"line":55,"column":6},"end":{"line":55,"column":48}},"10":{"start":{"line":56,"column":6},"end":{"line":56,"column":57}},"11":{"start":{"line":57,"column":6},"end":{"line":57,"column":49}},"12":{"start":{"line":58,"column":6},"end":{"line":58,"column":41}},"13":{"start":{"line":63,"column":6},"end":{"line":63,"column":72}},"14":{"start":{"line":65,"column":6},"end":{"line":65,"column":48}},"15":{"start":{"line":67,"column":6},"end":{"line":67,"column":14}},"16":{"start":{"line":68,"column":6},"end":{"line":68,"column":28}},"17":{"start":{"line":70,"column":6},"end":{"line":70,"column":2559}},"18":{"start":{"line":71,"column":8},"end":{"line":71,"column":19}},"19":{"start":{"line":74,"column":6},"end":{"line":74,"column":26}},"20":{"start":{"line":75,"column":6},"end":{"line":75,"column":22}},"21":{"start":{"line":77,"column":6},"end":{"line":77,"column":62}},"22":{"start":{"line":79,"column":6},"end":{"line":79,"column":108}},"23":{"start":{"line":80,"column":6},"end":{"line":80,"column":120}},"24":{"start":{"line":82,"column":6},"end":{"line":82,"column":2986}},"25":{"start":{"line":83,"column":8},"end":{"line":83,"column":23}},"26":{"start":{"line":86,"column":6},"end":{"line":86,"column":120}},"27":{"start":{"line":88,"column":6},"end":{"line":88,"column":67}},"28":{"start":{"line":89,"column":6},"end":{"line":89,"column":81}},"29":{"start":{"line":90,"column":6},"end":{"line":90,"column":35}},"30":{"start":{"line":95,"column":6},"end":{"line":95,"column":72}},"31":{"start":{"line":97,"column":6},"end":{"line":97,"column":34}},"32":{"start":{"line":98,"column":6},"end":{"line":98,"column":48}},"33":{"start":{"line":100,"column":6},"end":{"line":100,"column":94}},"34":{"start":{"line":102,"column":6},"end":{"line":102,"column":14}},"35":{"start":{"line":103,"column":6},"end":{"line":103,"column":28}},"36":{"start":{"line":105,"column":6},"end":{"line":105,"column":41}},"37":{"start":{"line":106,"column":6},"end":{"line":106,"column":26}},"38":{"start":{"line":107,"column":6},"end":{"line":107,"column":22}},"39":{"start":{"line":109,"column":6},"end":{"line":109,"column":3916}},"40":{"start":{"line":110,"column":8},"end":{"line":110,"column":19}},"41":{"start":{"line":113,"column":6},"end":{"line":113,"column":62}},"42":{"start":{"line":115,"column":6},"end":{"line":115,"column":4047}},"43":{"start":{"line":116,"column":8},"end":{"line":116,"column":23}},"44":{"start":{"line":119,"column":6},"end":{"line":119,"column":102}},"45":{"start":{"line":121,"column":6},"end":{"line":121,"column":67}},"46":{"start":{"line":122,"column":6},"end":{"line":122,"column":81}},"47":{"start":{"line":123,"column":6},"end":{"line":123,"column":36}},"48":{"start":{"line":124,"column":6},"end":{"line":124,"column":19}},"49":{"start":{"line":128,"column":6},"end":{"line":128,"column":49}},"50":{"start":{"line":129,"column":6},"end":{"line":129,"column":29}},"51":{"start":{"line":134,"column":6},"end":{"line":134,"column":34}},"52":{"start":{"line":135,"column":6},"end":{"line":135,"column":48}},"53":{"start":{"line":137,"column":6},"end":{"line":137,"column":14}},"54":{"start":{"line":138,"column":6},"end":{"line":138,"column":28}},"55":{"start":{"line":140,"column":6},"end":{"line":140,"column":73}},"56":{"start":{"line":142,"column":6},"end":{"line":142,"column":21}},"57":{"start":{"line":144,"column":6},"end":{"line":144,"column":67}},"58":{"start":{"line":145,"column":6},"end":{"line":145,"column":81}},"59":{"start":{"line":146,"column":6},"end":{"line":146,"column":25}},"60":{"start":{"line":151,"column":6},"end":{"line":151,"column":29}},"61":{"start":{"line":152,"column":6},"end":{"line":152,"column":39}},"62":{"start":{"line":156,"column":6},"end":{"line":156,"column":142}},"63":{"start":{"line":157,"column":6},"end":{"line":157,"column":52}},"64":{"start":{"line":158,"column":6},"end":{"line":158,"column":5542}},"65":{"start":{"line":159,"column":8},"end":{"line":159,"column":40}},"66":{"start":{"line":160,"column":8},"end":{"line":160,"column":51}},"67":{"start":{"line":161,"column":8},"end":{"line":161,"column":37}},"68":{"start":{"line":168,"column":8},"end":{"line":168,"column":47}},"69":{"start":{"line":169,"column":8},"end":{"line":169,"column":41}},"70":{"start":{"line":170,"column":8},"end":{"line":170,"column":5932}},"71":{"start":{"line":171,"column":10},"end":{"line":171,"column":146}},"72":{"start":{"line":172,"column":10},"end":{"line":172,"column":116}},"73":{"start":{"line":173,"column":10},"end":{"line":173,"column":53}},"74":{"start":{"line":174,"column":10},"end":{"line":174,"column":87}},"75":{"start":{"line":176,"column":8},"end":{"line":176,"column":22}},"76":{"start":{"line":180,"column":6},"end":{"line":180,"column":50}},"77":{"start":{"line":181,"column":6},"end":{"line":181,"column":22}},"78":{"start":{"line":182,"column":6},"end":{"line":182,"column":30}},"79":{"start":{"line":187,"column":6},"end":{"line":187,"column":62}},"80":{"start":{"line":188,"column":6},"end":{"line":188,"column":68}},"81":{"start":{"line":189,"column":6},"end":{"line":189,"column":6808}},"82":{"start":{"line":190,"column":8},"end":{"line":190,"column":37}},"83":{"start":{"line":192,"column":8},"end":{"line":192,"column":16}},"84":{"start":{"line":198,"column":6},"end":{"line":198,"column":62}},"85":{"start":{"line":199,"column":6},"end":{"line":199,"column":33}},"86":{"start":{"line":200,"column":6},"end":{"line":200,"column":60}},"87":{"start":{"line":201,"column":6},"end":{"line":201,"column":42}},"88":{"start":{"line":202,"column":6},"end":{"line":202,"column":36}},"89":{"start":{"line":207,"column":6},"end":{"line":207,"column":45}},"90":{"start":{"line":208,"column":6},"end":{"line":208,"column":24}},"91":{"start":{"line":212,"column":6},"end":{"line":212,"column":34}},"92":{"start":{"line":213,"column":6},"end":{"line":213,"column":58}},"93":{"start":{"line":214,"column":6},"end":{"line":214,"column":7716}},"94":{"start":{"line":217,"column":6},"end":{"line":217,"column":61}},"95":{"start":{"line":218,"column":6},"end":{"line":218,"column":64}},"96":{"start":{"line":219,"column":6},"end":{"line":219,"column":21}},"97":{"start":{"line":223,"column":6},"end":{"line":223,"column":15}},"98":{"start":{"line":227,"column":6},"end":{"line":227,"column":49}},"99":{"start":{"line":228,"column":6},"end":{"line":228,"column":69}},"100":{"start":{"line":229,"column":6},"end":{"line":229,"column":62}},"101":{"start":{"line":230,"column":6},"end":{"line":230,"column":43}},"102":{"start":{"line":231,"column":6},"end":{"line":231,"column":22}},"103":{"start":{"line":232,"column":6},"end":{"line":232,"column":48}},"104":{"start":{"line":233,"column":6},"end":{"line":233,"column":19}},"105":{"start":{"line":237,"column":6},"end":{"line":237,"column":62}},"106":{"start":{"line":238,"column":6},"end":{"line":238,"column":56}},"107":{"start":{"line":239,"column":6},"end":{"line":239,"column":33}},"108":{"start":{"line":244,"column":6},"end":{"line":244,"column":142}},"109":{"start":{"line":246,"column":6},"end":{"line":246,"column":8986}},"110":{"start":{"line":247,"column":10},"end":{"line":247,"column":60}},"111":{"start":{"line":248,"column":10},"end":{"line":248,"column":9161}},"112":{"start":{"line":249,"column":14},"end":{"line":249,"column":121}},"113":{"start":{"line":250,"column":14},"end":{"line":250,"column":125}},"114":{"start":{"line":251,"column":14},"end":{"line":251,"column":38}},"115":{"start":{"line":253,"column":10},"end":{"line":253,"column":115}},"116":{"start":{"line":255,"column":10},"end":{"line":255,"column":18}}},"branchMap":{"1":{"line":41,"type":"if","locations":[{"start":{"line":41,"column":6},"end":{"line":41,"column":6}},{"start":{"line":41,"column":6},"end":{"line":41,"column":6}}]},"2":{"line":47,"type":"if","locations":[{"start":{"line":47,"column":6},"end":{"line":47,"column":6}},{"start":{"line":47,"column":6},"end":{"line":47,"column":6}}]},"3":{"line":63,"type":"if","locations":[{"start":{"line":63,"column":6},"end":{"line":63,"column":6}},{"start":{"line":63,"column":6},"end":{"line":63,"column":6}}]},"4":{"line":70,"type":"if","locations":[{"start":{"line":70,"column":6},"end":{"line":70,"column":6}},{"start":{"line":70,"column":6},"end":{"line":70,"column":6}}]},"5":{"line":79,"type":"if","locations":[{"start":{"line":79,"column":6},"end":{"line":79,"column":6}},{"start":{"line":79,"column":6},"end":{"line":79,"column":6}}]},"6":{"line":80,"type":"if","locations":[{"start":{"line":80,"column":6},"end":{"line":80,"column":6}},{"start":{"line":80,"column":6},"end":{"line":80,"column":6}}]},"7":{"line":82,"type":"if","locations":[{"start":{"line":82,"column":6},"end":{"line":82,"column":6}},{"start":{"line":82,"column":6},"end":{"line":82,"column":6}}]},"8":{"line":86,"type":"if","locations":[{"start":{"line":86,"column":6},"end":{"line":86,"column":6}},{"start":{"line":86,"column":6},"end":{"line":86,"column":6}}]},"9":{"line":95,"type":"if","locations":[{"start":{"line":95,"column":6},"end":{"line":95,"column":6}},{"start":{"line":95,"column":6},"end":{"line":95,"column":6}}]},"10":{"line":100,"type":"if","locations":[{"start":{"line":100,"column":6},"end":{"line":100,"column":6}},{"start":{"line":100,"column":6},"end":{"line":100,"column":6}}]},"11":{"line":109,"type":"if","locations":[{"start":{"line":109,"column":6},"end":{"line":109,"column":6}},{"start":{"line":109,"column":6},"end":{"line":109,"column":6}}]},"12":{"line":115,"type":"if","locations":[{"start":{"line":115,"column":6},"end":{"line":115,"column":6}},{"start":{"line":115,"column":6},"end":{"line":115,"column":6}}]},"13":{"line":119,"type":"if","locations":[{"start":{"line":119,"column":6},"end":{"line":119,"column":6}},{"start":{"line":119,"column":6},"end":{"line":119,"column":6}}]},"14":{"line":140,"type":"if","locations":[{"start":{"line":140,"column":6},"end":{"line":140,"column":6}},{"start":{"line":140,"column":6},"end":{"line":140,"column":6}}]},"15":{"line":158,"type":"if","locations":[{"start":{"line":158,"column":6},"end":{"line":158,"column":6}},{"start":{"line":158,"column":6},"end":{"line":158,"column":6}}]},"16":{"line":170,"type":"if","locations":[{"start":{"line":170,"column":8},"end":{"line":170,"column":8}},{"start":{"line":170,"column":8},"end":{"line":170,"column":8}}]},"17":{"line":189,"type":"if","locations":[{"start":{"line":189,"column":6},"end":{"line":189,"column":6}},{"start":{"line":189,"column":6},"end":{"line":189,"column":6}}]},"18":{"line":200,"type":"if","locations":[{"start":{"line":200,"column":6},"end":{"line":200,"column":6}},{"start":{"line":200,"column":6},"end":{"line":200,"column":6}}]},"19":{"line":217,"type":"if","locations":[{"start":{"line":217,"column":6},"end":{"line":217,"column":6}},{"start":{"line":217,"column":6},"end":{"line":217,"column":6}}]},"20":{"line":228,"type":"if","locations":[{"start":{"line":228,"column":6},"end":{"line":228,"column":6}},{"start":{"line":228,"column":6},"end":{"line":228,"column":6}}]},"21":{"line":246,"type":"if","locations":[{"start":{"line":246,"column":6},"end":{"line":246,"column":6}},{"start":{"line":246,"column":6},"end":{"line":246,"column":6}}]},"22":{"line":248,"type":"if","locations":[{"start":{"line":248,"column":10},"end":{"line":248,"column":10}},{"start":{"line":248,"column":10},"end":{"line":248,"column":10}}]}}},"contracts\\defi\\MonstropolyStaking.sol":{"l":{"50":13,"51":0,"53":13,"54":13,"55":13,"56":13,"57":7,"59":13,"64":2,"65":2,"66":2,"67":2,"68":2,"73":0,"74":0,"79":13,"80":13,"81":13,"82":13,"87":9,"89":7,"91":7,"92":7,"94":7,"95":7,"98":7,"99":7,"100":7,"101":7,"102":7,"103":7,"105":7,"107":7,"108":7,"110":7,"111":7,"114":7,"116":7,"117":7,"118":7,"123":7,"125":5,"126":5,"128":5,"130":3,"131":3,"133":3,"134":3,"135":3,"137":3,"138":3,"141":3,"143":3,"144":3,"146":3,"147":3,"149":3,"150":2,"153":3,"155":3,"156":3,"157":3,"158":3,"162":5,"163":5,"168":3,"169":3,"171":3,"172":3,"174":3,"176":3,"178":3,"179":3,"180":3,"185":0,"186":0,"190":13,"191":13,"192":13,"193":6,"194":6,"195":6,"201":3,"202":3,"203":3,"208":0,"209":0,"211":0,"217":0,"218":0,"219":0,"220":0,"221":0,"222":0,"223":0,"225":0,"229":26,"230":26,"231":26,"232":26,"233":26,"234":26,"239":0,"240":0,"241":0,"246":0,"247":0,"248":0,"249":0,"250":0,"255":6,"256":6,"260":0,"261":0,"262":0,"265":0,"266":0,"267":0,"271":1,"272":1,"273":1,"274":1,"275":1,"276":1,"277":1,"281":0,"282":0,"283":0,"288":1,"290":1,"291":1,"292":1,"293":1,"294":1,"295":1,"297":1,"299":0},"path":"C:\\Users\\Guillermo\\Documents\\_monstropolis\\monstropoly-contracts\\contracts\\defi\\MonstropolyStaking.sol","s":{"1":13,"2":0,"3":13,"4":13,"5":13,"6":13,"7":7,"8":13,"9":2,"10":2,"11":2,"12":2,"13":2,"14":0,"15":0,"16":13,"17":13,"18":13,"19":13,"20":9,"21":7,"22":7,"23":7,"24":7,"25":7,"26":7,"27":7,"28":7,"29":7,"30":7,"31":7,"32":7,"33":7,"34":7,"35":7,"36":7,"37":7,"38":7,"39":7,"40":7,"41":7,"42":5,"43":5,"44":5,"45":3,"46":3,"47":3,"48":3,"49":3,"50":3,"51":3,"52":3,"53":3,"54":3,"55":3,"56":3,"57":3,"58":2,"59":3,"60":3,"61":3,"62":3,"63":3,"64":5,"65":5,"66":3,"67":3,"68":3,"69":3,"70":3,"71":3,"72":3,"73":3,"74":3,"75":0,"76":0,"77":13,"78":13,"79":13,"80":6,"81":6,"82":6,"83":3,"84":3,"85":3,"86":0,"87":0,"88":0,"89":0,"90":0,"91":0,"92":0,"93":0,"94":0,"95":0,"96":0,"97":26,"98":26,"99":26,"100":26,"101":26,"102":26,"103":0,"104":0,"105":0,"106":0,"107":0,"108":0,"109":0,"110":0,"111":6,"112":6,"113":0,"114":0,"115":0,"116":0,"117":0,"118":0,"119":1,"120":1,"121":1,"122":1,"123":1,"124":1,"125":1,"126":0,"127":0,"128":0,"129":1,"130":1,"131":1,"132":1,"133":1,"134":1,"135":1,"136":1,"137":0},"b":{"1":[0,13],"2":[7,6],"3":[2,0],"4":[2,0],"5":[7,2],"6":[7,0],"7":[7,0],"8":[7,0],"9":[7,0],"10":[7,0],"11":[5,2],"12":[3,2],"13":[3,0],"14":[3,0],"15":[2,1],"16":[3,0],"17":[6,7],"18":[0,0],"19":[0,0],"20":[0,0],"21":[0,0],"22":[1,0],"23":[1,0],"24":[1,0]},"f":{"1":13,"2":2,"3":0,"4":13,"5":9,"6":7,"7":5,"8":3,"9":0,"10":13,"11":3,"12":0,"13":0,"14":26,"15":0,"16":0,"17":6,"18":0,"19":1,"20":0,"21":1},"fnMap":{"1":{"name":"_update","line":49,"loc":{"start":{"line":49,"column":4},"end":{"line":60,"column":4}}},"2":{"name":"setFees","line":63,"loc":{"start":{"line":63,"column":4},"end":{"line":69,"column":4}}},"3":{"name":"setFeeInterval","line":72,"loc":{"start":{"line":72,"column":4},"end":{"line":75,"column":4}}},"4":{"name":"_updateRewards","line":78,"loc":{"start":{"line":78,"column":4},"end":{"line":83,"column":4}}},"5":{"name":"depositFrom","line":86,"loc":{"start":{"line":86,"column":4},"end":{"line":119,"column":4}}},"6":{"name":"withdraw","line":122,"loc":{"start":{"line":122,"column":4},"end":{"line":159,"column":4}}},"7":{"name":"withdrawAll","line":161,"loc":{"start":{"line":161,"column":4},"end":{"line":164,"column":4}}},"8":{"name":"claim","line":167,"loc":{"start":{"line":167,"column":4},"end":{"line":181,"column":4}}},"9":{"name":"toggleAutoreward","line":184,"loc":{"start":{"line":184,"column":4},"end":{"line":187,"column":4}}},"10":{"name":"_reward","line":189,"loc":{"start":{"line":189,"column":4},"end":{"line":197,"column":4}}},"11":{"name":"getFee","line":200,"loc":{"start":{"line":200,"column":4},"end":{"line":204,"column":4}}},"12":{"name":"getBlocksLeft","line":207,"loc":{"start":{"line":207,"column":4},"end":{"line":213,"column":4}}},"13":{"name":"pendingRewards","line":216,"loc":{"start":{"line":216,"column":4},"end":{"line":226,"column":4}}},"14":{"name":"initialize","line":228,"loc":{"start":{"line":228,"column":4},"end":{"line":235,"column":4}}},"15":{"name":"getTokenGap","line":238,"loc":{"start":{"line":238,"column":4},"end":{"line":242,"column":4}}},"16":{"name":"syncBalance","line":245,"loc":{"start":{"line":245,"column":4},"end":{"line":251,"column":4}}},"17":{"name":"getUserBalance","line":254,"loc":{"start":{"line":254,"column":4},"end":{"line":257,"column":4}}},"18":{"name":"migrate","line":259,"loc":{"start":{"line":259,"column":4},"end":{"line":268,"column":4}}},"19":{"name":"emergencyWithdraw","line":270,"loc":{"start":{"line":270,"column":4},"end":{"line":278,"column":4}}},"20":{"name":"depositAll","line":280,"loc":{"start":{"line":280,"column":4},"end":{"line":284,"column":4}}},"21":{"name":"lastReward","line":286,"loc":{"start":{"line":286,"column":4},"end":{"line":301,"column":4}}}},"statementMap":{"1":{"start":{"line":50,"column":6},"end":{"line":50,"column":1705}},"2":{"start":{"line":51,"column":8},"end":{"line":51,"column":14}},"3":{"start":{"line":53,"column":6},"end":{"line":53,"column":142}},"4":{"start":{"line":54,"column":6},"end":{"line":54,"column":112}},"5":{"start":{"line":55,"column":6},"end":{"line":55,"column":26}},"6":{"start":{"line":56,"column":6},"end":{"line":56,"column":2062}},"7":{"start":{"line":57,"column":8},"end":{"line":57,"column":56}},"8":{"start":{"line":59,"column":6},"end":{"line":59,"column":30}},"9":{"start":{"line":64,"column":6},"end":{"line":64,"column":109}},"10":{"start":{"line":65,"column":6},"end":{"line":65,"column":101}},"11":{"start":{"line":66,"column":6},"end":{"line":66,"column":21}},"12":{"start":{"line":67,"column":6},"end":{"line":67,"column":21}},"13":{"start":{"line":68,"column":6},"end":{"line":68,"column":34}},"14":{"start":{"line":73,"column":6},"end":{"line":73,"column":31}},"15":{"start":{"line":74,"column":6},"end":{"line":74,"column":38}},"16":{"start":{"line":79,"column":6},"end":{"line":79,"column":48}},"17":{"start":{"line":80,"column":6},"end":{"line":80,"column":57}},"18":{"start":{"line":81,"column":6},"end":{"line":81,"column":49}},"19":{"start":{"line":82,"column":6},"end":{"line":82,"column":41}},"20":{"start":{"line":87,"column":6},"end":{"line":87,"column":72}},"21":{"start":{"line":89,"column":6},"end":{"line":89,"column":48}},"22":{"start":{"line":91,"column":6},"end":{"line":91,"column":14}},"23":{"start":{"line":92,"column":6},"end":{"line":92,"column":28}},"24":{"start":{"line":94,"column":6},"end":{"line":94,"column":3478}},"25":{"start":{"line":95,"column":8},"end":{"line":95,"column":19}},"26":{"start":{"line":98,"column":6},"end":{"line":98,"column":50}},"27":{"start":{"line":99,"column":6},"end":{"line":99,"column":25}},"28":{"start":{"line":100,"column":6},"end":{"line":100,"column":25}},"29":{"start":{"line":101,"column":6},"end":{"line":101,"column":35}},"30":{"start":{"line":102,"column":6},"end":{"line":102,"column":26}},"31":{"start":{"line":103,"column":6},"end":{"line":103,"column":22}},"32":{"start":{"line":105,"column":6},"end":{"line":105,"column":112}},"33":{"start":{"line":107,"column":6},"end":{"line":107,"column":108}},"34":{"start":{"line":108,"column":6},"end":{"line":108,"column":120}},"35":{"start":{"line":110,"column":6},"end":{"line":110,"column":4106}},"36":{"start":{"line":111,"column":8},"end":{"line":111,"column":23}},"37":{"start":{"line":114,"column":6},"end":{"line":114,"column":120}},"38":{"start":{"line":116,"column":6},"end":{"line":116,"column":67}},"39":{"start":{"line":117,"column":6},"end":{"line":117,"column":99}},"40":{"start":{"line":118,"column":6},"end":{"line":118,"column":35}},"41":{"start":{"line":123,"column":6},"end":{"line":123,"column":72}},"42":{"start":{"line":125,"column":6},"end":{"line":125,"column":34}},"43":{"start":{"line":126,"column":6},"end":{"line":126,"column":48}},"44":{"start":{"line":128,"column":6},"end":{"line":128,"column":94}},"45":{"start":{"line":130,"column":6},"end":{"line":130,"column":14}},"46":{"start":{"line":131,"column":6},"end":{"line":131,"column":28}},"47":{"start":{"line":133,"column":6},"end":{"line":133,"column":41}},"48":{"start":{"line":134,"column":6},"end":{"line":134,"column":26}},"49":{"start":{"line":135,"column":6},"end":{"line":135,"column":22}},"50":{"start":{"line":137,"column":6},"end":{"line":137,"column":5054}},"51":{"start":{"line":138,"column":8},"end":{"line":138,"column":19}},"52":{"start":{"line":141,"column":6},"end":{"line":141,"column":112}},"53":{"start":{"line":143,"column":6},"end":{"line":143,"column":54}},"54":{"start":{"line":144,"column":6},"end":{"line":144,"column":21}},"55":{"start":{"line":146,"column":6},"end":{"line":146,"column":5319}},"56":{"start":{"line":147,"column":8},"end":{"line":147,"column":23}},"57":{"start":{"line":149,"column":6},"end":{"line":149,"column":5379}},"58":{"start":{"line":150,"column":8},"end":{"line":150,"column":53}},"59":{"start":{"line":153,"column":6},"end":{"line":153,"column":45}},"60":{"start":{"line":155,"column":6},"end":{"line":155,"column":67}},"61":{"start":{"line":156,"column":6},"end":{"line":156,"column":99}},"62":{"start":{"line":157,"column":6},"end":{"line":157,"column":44}},"63":{"start":{"line":158,"column":6},"end":{"line":158,"column":19}},"64":{"start":{"line":162,"column":6},"end":{"line":162,"column":49}},"65":{"start":{"line":163,"column":6},"end":{"line":163,"column":29}},"66":{"start":{"line":168,"column":6},"end":{"line":168,"column":34}},"67":{"start":{"line":169,"column":6},"end":{"line":169,"column":48}},"68":{"start":{"line":171,"column":6},"end":{"line":171,"column":14}},"69":{"start":{"line":172,"column":6},"end":{"line":172,"column":28}},"70":{"start":{"line":174,"column":6},"end":{"line":174,"column":73}},"71":{"start":{"line":176,"column":6},"end":{"line":176,"column":21}},"72":{"start":{"line":178,"column":6},"end":{"line":178,"column":67}},"73":{"start":{"line":179,"column":6},"end":{"line":179,"column":99}},"74":{"start":{"line":180,"column":6},"end":{"line":180,"column":25}},"75":{"start":{"line":185,"column":6},"end":{"line":185,"column":29}},"76":{"start":{"line":186,"column":6},"end":{"line":186,"column":39}},"77":{"start":{"line":190,"column":6},"end":{"line":190,"column":142}},"78":{"start":{"line":191,"column":6},"end":{"line":191,"column":52}},"79":{"start":{"line":192,"column":6},"end":{"line":192,"column":6896}},"80":{"start":{"line":193,"column":8},"end":{"line":193,"column":40}},"81":{"start":{"line":194,"column":8},"end":{"line":194,"column":51}},"82":{"start":{"line":195,"column":8},"end":{"line":195,"column":37}},"83":{"start":{"line":201,"column":6},"end":{"line":201,"column":47}},"84":{"start":{"line":202,"column":6},"end":{"line":202,"column":171}},"85":{"start":{"line":203,"column":6},"end":{"line":203,"column":50}},"86":{"start":{"line":208,"column":6},"end":{"line":208,"column":7580}},"87":{"start":{"line":209,"column":8},"end":{"line":209,"column":16}},"88":{"start":{"line":211,"column":8},"end":{"line":211,"column":60}},"89":{"start":{"line":217,"column":8},"end":{"line":217,"column":47}},"90":{"start":{"line":218,"column":8},"end":{"line":218,"column":41}},"91":{"start":{"line":219,"column":8},"end":{"line":219,"column":7962}},"92":{"start":{"line":220,"column":10},"end":{"line":220,"column":146}},"93":{"start":{"line":221,"column":10},"end":{"line":221,"column":116}},"94":{"start":{"line":222,"column":10},"end":{"line":222,"column":53}},"95":{"start":{"line":223,"column":10},"end":{"line":223,"column":87}},"96":{"start":{"line":225,"column":8},"end":{"line":225,"column":22}},"97":{"start":{"line":229,"column":6},"end":{"line":229,"column":50}},"98":{"start":{"line":230,"column":6},"end":{"line":230,"column":18}},"99":{"start":{"line":231,"column":6},"end":{"line":231,"column":18}},"100":{"start":{"line":232,"column":6},"end":{"line":232,"column":26}},"101":{"start":{"line":233,"column":6},"end":{"line":233,"column":22}},"102":{"start":{"line":234,"column":6},"end":{"line":234,"column":30}},"103":{"start":{"line":239,"column":6},"end":{"line":239,"column":112}},"104":{"start":{"line":240,"column":6},"end":{"line":240,"column":68}},"105":{"start":{"line":241,"column":6},"end":{"line":241,"column":35}},"106":{"start":{"line":246,"column":6},"end":{"line":246,"column":112}},"107":{"start":{"line":247,"column":6},"end":{"line":247,"column":33}},"108":{"start":{"line":248,"column":6},"end":{"line":248,"column":60}},"109":{"start":{"line":249,"column":6},"end":{"line":249,"column":42}},"110":{"start":{"line":250,"column":6},"end":{"line":250,"column":36}},"111":{"start":{"line":255,"column":6},"end":{"line":255,"column":45}},"112":{"start":{"line":256,"column":6},"end":{"line":256,"column":24}},"113":{"start":{"line":260,"column":6},"end":{"line":260,"column":34}},"114":{"start":{"line":261,"column":6},"end":{"line":261,"column":58}},"115":{"start":{"line":262,"column":6},"end":{"line":262,"column":9835}},"116":{"start":{"line":265,"column":6},"end":{"line":265,"column":61}},"117":{"start":{"line":266,"column":6},"end":{"line":266,"column":64}},"118":{"start":{"line":267,"column":6},"end":{"line":267,"column":21}},"119":{"start":{"line":271,"column":6},"end":{"line":271,"column":49}},"120":{"start":{"line":272,"column":6},"end":{"line":272,"column":69}},"121":{"start":{"line":273,"column":6},"end":{"line":273,"column":112}},"122":{"start":{"line":274,"column":6},"end":{"line":274,"column":43}},"123":{"start":{"line":275,"column":6},"end":{"line":275,"column":22}},"124":{"start":{"line":276,"column":6},"end":{"line":276,"column":48}},"125":{"start":{"line":277,"column":6},"end":{"line":277,"column":19}},"126":{"start":{"line":281,"column":6},"end":{"line":281,"column":112}},"127":{"start":{"line":282,"column":6},"end":{"line":282,"column":56}},"128":{"start":{"line":283,"column":6},"end":{"line":283,"column":33}},"129":{"start":{"line":288,"column":6},"end":{"line":288,"column":142}},"130":{"start":{"line":290,"column":6},"end":{"line":290,"column":11104}},"131":{"start":{"line":291,"column":10},"end":{"line":291,"column":60}},"132":{"start":{"line":292,"column":10},"end":{"line":292,"column":11279}},"133":{"start":{"line":293,"column":14},"end":{"line":293,"column":121}},"134":{"start":{"line":294,"column":14},"end":{"line":294,"column":125}},"135":{"start":{"line":295,"column":14},"end":{"line":295,"column":38}},"136":{"start":{"line":297,"column":10},"end":{"line":297,"column":115}},"137":{"start":{"line":299,"column":10},"end":{"line":299,"column":18}}},"branchMap":{"1":{"line":50,"type":"if","locations":[{"start":{"line":50,"column":6},"end":{"line":50,"column":6}},{"start":{"line":50,"column":6},"end":{"line":50,"column":6}}]},"2":{"line":56,"type":"if","locations":[{"start":{"line":56,"column":6},"end":{"line":56,"column":6}},{"start":{"line":56,"column":6},"end":{"line":56,"column":6}}]},"3":{"line":64,"type":"if","locations":[{"start":{"line":64,"column":6},"end":{"line":64,"column":6}},{"start":{"line":64,"column":6},"end":{"line":64,"column":6}}]},"4":{"line":65,"type":"if","locations":[{"start":{"line":65,"column":6},"end":{"line":65,"column":6}},{"start":{"line":65,"column":6},"end":{"line":65,"column":6}}]},"5":{"line":87,"type":"if","locations":[{"start":{"line":87,"column":6},"end":{"line":87,"column":6}},{"start":{"line":87,"column":6},"end":{"line":87,"column":6}}]},"6":{"line":94,"type":"if","locations":[{"start":{"line":94,"column":6},"end":{"line":94,"column":6}},{"start":{"line":94,"column":6},"end":{"line":94,"column":6}}]},"7":{"line":107,"type":"if","locations":[{"start":{"line":107,"column":6},"end":{"line":107,"column":6}},{"start":{"line":107,"column":6},"end":{"line":107,"column":6}}]},"8":{"line":108,"type":"if","locations":[{"start":{"line":108,"column":6},"end":{"line":108,"column":6}},{"start":{"line":108,"column":6},"end":{"line":108,"column":6}}]},"9":{"line":110,"type":"if","locations":[{"start":{"line":110,"column":6},"end":{"line":110,"column":6}},{"start":{"line":110,"column":6},"end":{"line":110,"column":6}}]},"10":{"line":114,"type":"if","locations":[{"start":{"line":114,"column":6},"end":{"line":114,"column":6}},{"start":{"line":114,"column":6},"end":{"line":114,"column":6}}]},"11":{"line":123,"type":"if","locations":[{"start":{"line":123,"column":6},"end":{"line":123,"column":6}},{"start":{"line":123,"column":6},"end":{"line":123,"column":6}}]},"12":{"line":128,"type":"if","locations":[{"start":{"line":128,"column":6},"end":{"line":128,"column":6}},{"start":{"line":128,"column":6},"end":{"line":128,"column":6}}]},"13":{"line":137,"type":"if","locations":[{"start":{"line":137,"column":6},"end":{"line":137,"column":6}},{"start":{"line":137,"column":6},"end":{"line":137,"column":6}}]},"14":{"line":146,"type":"if","locations":[{"start":{"line":146,"column":6},"end":{"line":146,"column":6}},{"start":{"line":146,"column":6},"end":{"line":146,"column":6}}]},"15":{"line":149,"type":"if","locations":[{"start":{"line":149,"column":6},"end":{"line":149,"column":6}},{"start":{"line":149,"column":6},"end":{"line":149,"column":6}}]},"16":{"line":174,"type":"if","locations":[{"start":{"line":174,"column":6},"end":{"line":174,"column":6}},{"start":{"line":174,"column":6},"end":{"line":174,"column":6}}]},"17":{"line":192,"type":"if","locations":[{"start":{"line":192,"column":6},"end":{"line":192,"column":6}},{"start":{"line":192,"column":6},"end":{"line":192,"column":6}}]},"18":{"line":208,"type":"if","locations":[{"start":{"line":208,"column":6},"end":{"line":208,"column":6}},{"start":{"line":208,"column":6},"end":{"line":208,"column":6}}]},"19":{"line":219,"type":"if","locations":[{"start":{"line":219,"column":8},"end":{"line":219,"column":8}},{"start":{"line":219,"column":8},"end":{"line":219,"column":8}}]},"20":{"line":248,"type":"if","locations":[{"start":{"line":248,"column":6},"end":{"line":248,"column":6}},{"start":{"line":248,"column":6},"end":{"line":248,"column":6}}]},"21":{"line":265,"type":"if","locations":[{"start":{"line":265,"column":6},"end":{"line":265,"column":6}},{"start":{"line":265,"column":6},"end":{"line":265,"column":6}}]},"22":{"line":272,"type":"if","locations":[{"start":{"line":272,"column":6},"end":{"line":272,"column":6}},{"start":{"line":272,"column":6},"end":{"line":272,"column":6}}]},"23":{"line":290,"type":"if","locations":[{"start":{"line":290,"column":6},"end":{"line":290,"column":6}},{"start":{"line":290,"column":6},"end":{"line":290,"column":6}}]},"24":{"line":292,"type":"if","locations":[{"start":{"line":292,"column":10},"end":{"line":292,"column":10}},{"start":{"line":292,"column":10},"end":{"line":292,"column":10}}]}}},"contracts\\erc20\\MonstropolyERC20.sol":{"l":{"25":63,"26":63,"27":63,"28":63,"29":63,"30":63,"34":259,"38":0,"42":3,"46":0,"47":0,"51":0,"55":63,"56":63,"60":9,"61":9,"65":9,"66":9,"70":3,"74":2,"78":6,"79":5,"80":5,"84":0,"85":0,"89":2,"90":2,"95":1,"96":1,"105":223,"106":217,"110":223,"111":6,"112":6,"113":6},"path":"C:\\Users\\Guillermo\\Documents\\_monstropolis\\monstropoly-contracts\\contracts\\erc20\\MonstropolyERC20.sol","s":{"1":63,"2":63,"3":63,"4":63,"5":63,"6":63,"7":259,"8":0,"9":3,"10":0,"11":0,"12":0,"13":63,"14":63,"15":9,"16":9,"17":9,"18":9,"19":3,"20":2,"21":6,"22":5,"23":5,"24":0,"25":0,"26":2,"27":2,"28":1,"29":1,"30":223,"31":217,"32":223,"33":6,"34":6,"35":6},"b":{"1":[63,0],"2":[9,0],"3":[5,1],"4":[0,0],"5":[6,217],"6":[0,6]},"f":{"1":63,"2":259,"3":0,"4":3,"5":0,"6":0,"7":63,"8":9,"9":9,"10":3,"11":2,"12":6,"13":0,"14":2,"15":1,"16":223,"17":223},"fnMap":{"1":{"name":"initialize","line":24,"loc":{"start":{"line":24,"column":4},"end":{"line":31,"column":4}}},"2":{"name":"_msgSender","line":33,"loc":{"start":{"line":33,"column":4},"end":{"line":35,"column":4}}},"3":{"name":"_msgData","line":37,"loc":{"start":{"line":37,"column":4},"end":{"line":39,"column":4}}},"4":{"name":"setTrustedForwarder","line":41,"loc":{"start":{"line":41,"column":4},"end":{"line":43,"column":4}}},"5":{"name":"approveAll","line":45,"loc":{"start":{"line":45,"column":4},"end":{"line":48,"column":4}}},"6":{"name":"mint","line":50,"loc":{"start":{"line":50,"column":4},"end":{"line":52,"column":4}}},"7":{"name":"_mint","line":54,"loc":{"start":{"line":54,"column":4},"end":{"line":57,"column":4}}},"8":{"name":"_burn","line":59,"loc":{"start":{"line":59,"column":4},"end":{"line":62,"column":4}}},"9":{"name":"burnFrom","line":64,"loc":{"start":{"line":64,"column":4},"end":{"line":67,"column":4}}},"10":{"name":"snapshot","line":69,"loc":{"start":{"line":69,"column":4},"end":{"line":71,"column":4}}},"11":{"name":"stopAntiBot","line":73,"loc":{"start":{"line":73,"column":4},"end":{"line":75,"column":4}}},"12":{"name":"startAntiBot","line":77,"loc":{"start":{"line":77,"column":4},"end":{"line":81,"column":4}}},"13":{"name":"setAntiBotMaxBalance","line":83,"loc":{"start":{"line":83,"column":4},"end":{"line":86,"column":4}}},"14":{"name":"whitelist","line":88,"loc":{"start":{"line":88,"column":4},"end":{"line":92,"column":4}}},"15":{"name":"unwhitelist","line":94,"loc":{"start":{"line":94,"column":4},"end":{"line":98,"column":4}}},"16":{"name":"_beforeTokenTransfer","line":102,"loc":{"start":{"line":100,"column":4},"end":{"line":107,"column":4}}},"17":{"name":"_antiBotMaxBalance","line":109,"loc":{"start":{"line":109,"column":4},"end":{"line":115,"column":4}}}},"statementMap":{"1":{"start":{"line":25,"column":8},"end":{"line":25,"column":28}},"2":{"start":{"line":26,"column":8},"end":{"line":26,"column":43}},"3":{"start":{"line":27,"column":8},"end":{"line":27,"column":43}},"4":{"start":{"line":28,"column":8},"end":{"line":28,"column":29}},"5":{"start":{"line":29,"column":8},"end":{"line":29,"column":52}},"6":{"start":{"line":30,"column":8},"end":{"line":30,"column":84}},"7":{"start":{"line":34,"column":8},"end":{"line":34,"column":46}},"8":{"start":{"line":38,"column":8},"end":{"line":38,"column":44}},"9":{"start":{"line":42,"column":8},"end":{"line":42,"column":39}},"10":{"start":{"line":46,"column":8},"end":{"line":46,"column":47}},"11":{"start":{"line":47,"column":8},"end":{"line":47,"column":40}},"12":{"start":{"line":51,"column":8},"end":{"line":51,"column":24}},"13":{"start":{"line":55,"column":8},"end":{"line":55,"column":105}},"14":{"start":{"line":56,"column":8},"end":{"line":56,"column":35}},"15":{"start":{"line":60,"column":8},"end":{"line":60,"column":23}},"16":{"start":{"line":61,"column":8},"end":{"line":61,"column":35}},"17":{"start":{"line":65,"column":8},"end":{"line":65,"column":131}},"18":{"start":{"line":66,"column":8},"end":{"line":66,"column":29}},"19":{"start":{"line":70,"column":8},"end":{"line":70,"column":18}},"20":{"start":{"line":74,"column":8},"end":{"line":74,"column":25}},"21":{"start":{"line":78,"column":8},"end":{"line":78,"column":89}},"22":{"start":{"line":79,"column":8},"end":{"line":79,"column":35}},"23":{"start":{"line":80,"column":8},"end":{"line":80,"column":24}},"24":{"start":{"line":84,"column":8},"end":{"line":84,"column":75}},"25":{"start":{"line":85,"column":8},"end":{"line":85,"column":36}},"26":{"start":{"line":89,"column":8},"end":{"line":89,"column":3482}},"27":{"start":{"line":90,"column":12},"end":{"line":90,"column":39}},"28":{"start":{"line":95,"column":8},"end":{"line":95,"column":3679}},"29":{"start":{"line":96,"column":12},"end":{"line":96,"column":40}},"30":{"start":{"line":105,"column":8},"end":{"line":105,"column":37}},"31":{"start":{"line":106,"column":8},"end":{"line":106,"column":51}},"32":{"start":{"line":110,"column":8},"end":{"line":110,"column":4164}},"33":{"start":{"line":111,"column":12},"end":{"line":111,"column":47}},"34":{"start":{"line":112,"column":12},"end":{"line":112,"column":53}},"35":{"start":{"line":113,"column":12},"end":{"line":113,"column":102}}},"branchMap":{"1":{"line":55,"type":"if","locations":[{"start":{"line":55,"column":8},"end":{"line":55,"column":8}},{"start":{"line":55,"column":8},"end":{"line":55,"column":8}}]},"2":{"line":65,"type":"if","locations":[{"start":{"line":65,"column":8},"end":{"line":65,"column":8}},{"start":{"line":65,"column":8},"end":{"line":65,"column":8}}]},"3":{"line":78,"type":"if","locations":[{"start":{"line":78,"column":8},"end":{"line":78,"column":8}},{"start":{"line":78,"column":8},"end":{"line":78,"column":8}}]},"4":{"line":84,"type":"if","locations":[{"start":{"line":84,"column":8},"end":{"line":84,"column":8}},{"start":{"line":84,"column":8},"end":{"line":84,"column":8}}]},"5":{"line":110,"type":"if","locations":[{"start":{"line":110,"column":8},"end":{"line":110,"column":8}},{"start":{"line":110,"column":8},"end":{"line":110,"column":8}}]},"6":{"line":113,"type":"if","locations":[{"start":{"line":113,"column":12},"end":{"line":113,"column":12}},{"start":{"line":113,"column":12},"end":{"line":113,"column":12}}]}}},"contracts\\erc20\\MonstropolyGLD.sol":{"l":{"17":0,"18":0,"22":0,"26":0,"30":0,"34":0,"35":0,"39":0,"43":0,"47":0,"48":0,"52":0,"53":0},"path":"C:\\Users\\Guillermo\\Documents\\_monstropolis\\monstropoly-contracts\\contracts\\erc20\\MonstropolyGLD.sol","s":{"1":0,"2":0,"3":0,"4":0,"5":0,"6":0,"7":0,"8":0,"9":0,"10":0,"11":0,"12":0,"13":0},"b":{"1":[0,0]},"f":{"1":0,"2":0,"3":0,"4":0,"5":0,"6":0,"7":0,"8":0,"9":0},"fnMap":{"1":{"name":"initialize","line":16,"loc":{"start":{"line":16,"column":4},"end":{"line":19,"column":4}}},"2":{"name":"_msgSender","line":21,"loc":{"start":{"line":21,"column":4},"end":{"line":23,"column":4}}},"3":{"name":"_msgData","line":25,"loc":{"start":{"line":25,"column":4},"end":{"line":27,"column":4}}},"4":{"name":"setTrustedForwarder","line":29,"loc":{"start":{"line":29,"column":4},"end":{"line":31,"column":4}}},"5":{"name":"approveAll","line":33,"loc":{"start":{"line":33,"column":4},"end":{"line":36,"column":4}}},"6":{"name":"mint","line":38,"loc":{"start":{"line":38,"column":4},"end":{"line":40,"column":4}}},"7":{"name":"_mint","line":42,"loc":{"start":{"line":42,"column":4},"end":{"line":44,"column":4}}},"8":{"name":"_burn","line":46,"loc":{"start":{"line":46,"column":4},"end":{"line":49,"column":4}}},"9":{"name":"burnFrom","line":51,"loc":{"start":{"line":51,"column":4},"end":{"line":54,"column":4}}}},"statementMap":{"1":{"start":{"line":17,"column":8},"end":{"line":17,"column":42}},"2":{"start":{"line":18,"column":8},"end":{"line":18,"column":52}},"3":{"start":{"line":22,"column":8},"end":{"line":22,"column":46}},"4":{"start":{"line":26,"column":8},"end":{"line":26,"column":44}},"5":{"start":{"line":30,"column":8},"end":{"line":30,"column":39}},"6":{"start":{"line":34,"column":8},"end":{"line":34,"column":47}},"7":{"start":{"line":35,"column":8},"end":{"line":35,"column":40}},"8":{"start":{"line":39,"column":8},"end":{"line":39,"column":24}},"9":{"start":{"line":43,"column":8},"end":{"line":43,"column":35}},"10":{"start":{"line":47,"column":8},"end":{"line":47,"column":23}},"11":{"start":{"line":48,"column":8},"end":{"line":48,"column":35}},"12":{"start":{"line":52,"column":8},"end":{"line":52,"column":131}},"13":{"start":{"line":53,"column":8},"end":{"line":53,"column":29}}},"branchMap":{"1":{"line":52,"type":"if","locations":[{"start":{"line":52,"column":8},"end":{"line":52,"column":8}},{"start":{"line":52,"column":8},"end":{"line":52,"column":8}}]}}},"contracts\\erc721\\MonstropolyFactory.sol":{"l":{"43":49,"44":49,"45":49,"46":49,"47":49,"48":49,"49":49,"50":49,"59":0,"63":0,"67":0,"71":87,"72":87,"76":0,"85":0,"96":0,"100":0,"104":0,"108":0,"112":0,"116":0,"120":0,"124":0,"128":72,"132":63,"133":63,"135":63,"136":63,"137":62,"138":62,"139":62,"140":62,"143":62,"145":62,"160":83,"161":83,"170":0,"174":49,"178":49,"182":150},"path":"C:\\Users\\Guillermo\\Documents\\_monstropolis\\monstropoly-contracts\\contracts\\erc721\\MonstropolyFactory.sol","s":{"1":49,"2":49,"3":49,"4":49,"5":49,"6":49,"7":49,"8":49,"9":0,"10":0,"11":0,"12":87,"13":87,"14":0,"15":0,"16":0,"17":0,"18":0,"19":0,"20":0,"21":0,"22":0,"23":0,"24":72,"25":63,"26":63,"27":63,"28":63,"29":62,"30":62,"31":62,"32":62,"33":62,"34":62,"35":83,"36":83,"37":0,"38":49,"39":49,"40":150},"b":{"1":[62,1],"2":[83,0]},"f":{"1":87,"2":49,"3":0,"4":0,"5":0,"6":87,"7":0,"8":0,"9":0,"10":0,"11":0,"12":0,"13":0,"14":0,"15":0,"16":0,"17":72,"18":63,"19":83,"20":0,"21":49,"22":49,"23":150},"fnMap":{"1":{"name":"constructor","line":40,"loc":{"start":{"line":40,"column":4},"end":{"line":40,"column":19}}},"2":{"name":"initialize","line":42,"loc":{"start":{"line":42,"column":4},"end":{"line":51,"column":4}}},"3":{"name":"supportsInterface","line":53,"loc":{"start":{"line":53,"column":4},"end":{"line":60,"column":4}}},"4":{"name":"isApproved","line":62,"loc":{"start":{"line":62,"column":4},"end":{"line":64,"column":4}}},"5":{"name":"exists","line":66,"loc":{"start":{"line":66,"column":4},"end":{"line":68,"column":4}}},"6":{"name":"freeGen","line":70,"loc":{"start":{"line":70,"column":4},"end":{"line":73,"column":4}}},"7":{"name":"baseURI","line":75,"loc":{"start":{"line":75,"column":4},"end":{"line":77,"column":4}}},"8":{"name":"tokenURI","line":79,"loc":{"start":{"line":79,"column":4},"end":{"line":86,"column":4}}},"9":{"name":"contractURI","line":95,"loc":{"start":{"line":95,"column":4},"end":{"line":97,"column":4}}},"10":{"name":"isLocked","line":99,"loc":{"start":{"line":99,"column":4},"end":{"line":101,"column":4}}},"11":{"name":"_baseURI","line":103,"loc":{"start":{"line":103,"column":4},"end":{"line":105,"column":4}}},"12":{"name":"setBaseURI","line":107,"loc":{"start":{"line":107,"column":4},"end":{"line":109,"column":4}}},"13":{"name":"setTokenURI","line":111,"loc":{"start":{"line":111,"column":4},"end":{"line":113,"column":4}}},"14":{"name":"setContractURI","line":115,"loc":{"start":{"line":115,"column":4},"end":{"line":117,"column":4}}},"15":{"name":"lockToken","line":119,"loc":{"start":{"line":119,"column":4},"end":{"line":121,"column":4}}},"16":{"name":"unlockToken","line":123,"loc":{"start":{"line":123,"column":4},"end":{"line":125,"column":4}}},"17":{"name":"tokenOfId","line":127,"loc":{"start":{"line":127,"column":4},"end":{"line":129,"column":4}}},"18":{"name":"mint","line":131,"loc":{"start":{"line":131,"column":4},"end":{"line":146,"column":4}}},"19":{"name":"_beforeTokenTransfer","line":157,"loc":{"start":{"line":155,"column":4},"end":{"line":162,"column":4}}},"20":{"name":"_burn","line":166,"loc":{"start":{"line":166,"column":4},"end":{"line":171,"column":4}}},"21":{"name":"_setBaseURI","line":173,"loc":{"start":{"line":173,"column":4},"end":{"line":175,"column":4}}},"22":{"name":"_setContractURI","line":177,"loc":{"start":{"line":177,"column":4},"end":{"line":179,"column":4}}},"23":{"name":"_hashGen","line":181,"loc":{"start":{"line":181,"column":4},"end":{"line":183,"column":4}}}},"statementMap":{"1":{"start":{"line":43,"column":8},"end":{"line":43,"column":49}},"2":{"start":{"line":44,"column":8},"end":{"line":44,"column":32}},"3":{"start":{"line":45,"column":8},"end":{"line":45,"column":32}},"4":{"start":{"line":46,"column":8},"end":{"line":46,"column":24}},"5":{"start":{"line":47,"column":8},"end":{"line":47,"column":52}},"6":{"start":{"line":48,"column":8},"end":{"line":48,"column":30}},"7":{"start":{"line":49,"column":8},"end":{"line":49,"column":50}},"8":{"start":{"line":50,"column":8},"end":{"line":50,"column":61}},"9":{"start":{"line":59,"column":8},"end":{"line":59,"column":51}},"10":{"start":{"line":63,"column":8},"end":{"line":63,"column":46}},"11":{"start":{"line":67,"column":8},"end":{"line":67,"column":31}},"12":{"start":{"line":71,"column":8},"end":{"line":71,"column":38}},"13":{"start":{"line":72,"column":8},"end":{"line":72,"column":33}},"14":{"start":{"line":76,"column":8},"end":{"line":76,"column":25}},"15":{"start":{"line":85,"column":8},"end":{"line":85,"column":38}},"16":{"start":{"line":96,"column":8},"end":{"line":96,"column":27}},"17":{"start":{"line":100,"column":8},"end":{"line":100,"column":37}},"18":{"start":{"line":104,"column":8},"end":{"line":104,"column":28}},"19":{"start":{"line":108,"column":8},"end":{"line":108,"column":35}},"20":{"start":{"line":112,"column":8},"end":{"line":112,"column":39}},"21":{"start":{"line":116,"column":8},"end":{"line":116,"column":35}},"22":{"start":{"line":120,"column":8},"end":{"line":120,"column":36}},"23":{"start":{"line":124,"column":8},"end":{"line":124,"column":37}},"24":{"start":{"line":128,"column":8},"end":{"line":128,"column":35}},"25":{"start":{"line":132,"column":8},"end":{"line":132,"column":51}},"26":{"start":{"line":133,"column":8},"end":{"line":133,"column":34}},"27":{"start":{"line":135,"column":8},"end":{"line":135,"column":43}},"28":{"start":{"line":136,"column":8},"end":{"line":136,"column":76}},"29":{"start":{"line":137,"column":8},"end":{"line":137,"column":31}},"30":{"start":{"line":138,"column":8},"end":{"line":138,"column":62}},"31":{"start":{"line":139,"column":8},"end":{"line":139,"column":36}},"32":{"start":{"line":140,"column":8},"end":{"line":140,"column":29}},"33":{"start":{"line":143,"column":8},"end":{"line":143,"column":52}},"34":{"start":{"line":145,"column":8},"end":{"line":145,"column":22}},"35":{"start":{"line":160,"column":8},"end":{"line":160,"column":76}},"36":{"start":{"line":161,"column":8},"end":{"line":161,"column":52}},"37":{"start":{"line":170,"column":8},"end":{"line":170,"column":27}},"38":{"start":{"line":174,"column":8},"end":{"line":174,"column":38}},"39":{"start":{"line":178,"column":8},"end":{"line":178,"column":33}},"40":{"start":{"line":182,"column":8},"end":{"line":182,"column":97}}},"branchMap":{"1":{"line":136,"type":"if","locations":[{"start":{"line":136,"column":8},"end":{"line":136,"column":8}},{"start":{"line":136,"column":8},"end":{"line":136,"column":8}}]},"2":{"line":160,"type":"if","locations":[{"start":{"line":160,"column":8},"end":{"line":160,"column":8}},{"start":{"line":160,"column":8},"end":{"line":160,"column":8}}]}}},"contracts\\erc721\\utils\\MonstropolyData.sol":{"l":{"45":49,"47":49,"48":49,"50":49,"51":49,"52":49,"53":49,"54":49,"55":49,"57":49,"58":49,"59":49,"60":49,"61":49,"62":49,"64":49,"65":49,"69":1,"73":382,"74":382,"75":382,"79":5,"83":54,"84":54,"85":54,"89":5,"91":5,"92":8,"97":1,"101":107,"102":103,"106":77,"107":76,"108":76,"109":456,"110":456,"111":76,"114":76,"118":7,"119":7,"120":7,"121":42,"122":42,"123":8,"126":7,"130":77,"131":77,"135":7,"136":7,"140":45,"141":45,"142":45,"144":45,"145":45,"146":45,"150":83,"154":100,"158":6,"162":11,"166":1,"167":1,"168":1,"169":1,"170":1,"171":1,"172":1,"173":1,"174":1,"175":1,"179":10,"180":10,"181":10,"182":10,"183":9,"184":9,"185":7,"189":200,"190":200,"191":200,"193":200,"194":200,"195":200,"199":46,"200":46,"201":46,"203":46,"204":46,"205":46,"209":186,"210":186,"211":186,"212":186,"213":186,"214":186,"215":186,"216":186,"217":186,"220":186,"221":186,"222":186,"223":186,"226":186,"227":186,"228":186,"229":186,"232":186,"233":186,"234":186,"235":186,"239":186,"240":186,"241":744,"242":744,"243":744,"248":186,"249":186,"250":2418,"251":2418,"252":2418,"256":186,"260":207,"264":186,"265":186,"269":3091,"273":150,"279":150,"280":600,"283":150,"284":1950,"287":150,"291":150},"path":"C:\\Users\\Guillermo\\Documents\\_monstropolis\\monstropoly-contracts\\contracts\\erc721\\utils\\MonstropolyData.sol","s":{"1":49,"2":49,"3":49,"4":49,"5":49,"6":49,"7":49,"8":49,"9":49,"10":49,"11":49,"12":49,"13":49,"14":49,"15":49,"16":49,"17":49,"18":1,"19":382,"20":382,"21":382,"22":5,"23":54,"24":54,"25":5,"26":5,"27":8,"28":1,"29":107,"30":103,"31":77,"32":76,"33":76,"34":456,"35":456,"36":76,"37":76,"38":7,"39":7,"40":7,"41":42,"42":42,"43":8,"44":7,"45":77,"46":77,"47":7,"48":7,"49":45,"50":45,"51":45,"52":45,"53":45,"54":45,"55":83,"56":100,"57":6,"58":11,"59":1,"60":1,"61":1,"62":1,"63":1,"64":1,"65":1,"66":1,"67":1,"68":1,"69":10,"70":10,"71":10,"72":10,"73":9,"74":9,"75":7,"76":200,"77":200,"78":200,"79":200,"80":200,"81":200,"82":46,"83":46,"84":46,"85":46,"86":46,"87":46,"88":186,"89":186,"90":186,"91":186,"92":186,"93":186,"94":186,"95":186,"96":186,"97":186,"98":186,"99":186,"100":186,"101":186,"102":186,"103":186,"104":186,"105":186,"106":186,"107":744,"108":744,"109":744,"110":186,"111":2418,"112":2418,"113":2418,"114":186,"115":207,"116":186,"117":186,"118":3091,"119":150,"120":150,"121":600,"122":150,"123":1950,"124":150,"125":150},"b":{"1":[5,0],"2":[103,4],"3":[76,1],"4":[76,380],"5":[7,0],"6":[8,34],"7":[9,1],"8":[7,2],"9":[186,0]},"f":{"1":49,"2":1,"3":382,"4":5,"5":54,"6":5,"7":1,"8":107,"9":77,"10":7,"11":77,"12":7,"13":45,"14":83,"15":100,"16":6,"17":11,"18":1,"19":10,"20":200,"21":46,"22":186,"23":207,"24":186,"25":3091,"26":150,"27":150},"fnMap":{"1":{"name":"initialize","line":44,"loc":{"start":{"line":44,"column":4},"end":{"line":66,"column":4}}},"2":{"name":"getLengths","line":68,"loc":{"start":{"line":68,"column":4},"end":{"line":70,"column":4}}},"3":{"name":"decodeLengths","line":72,"loc":{"start":{"line":72,"column":4},"end":{"line":76,"column":4}}},"4":{"name":"updateLengths","line":78,"loc":{"start":{"line":78,"column":4},"end":{"line":80,"column":4}}},"5":{"name":"_updateLengths","line":82,"loc":{"start":{"line":82,"column":4},"end":{"line":86,"column":4}}},"6":{"name":"setModules","line":88,"loc":{"start":{"line":88,"column":4},"end":{"line":94,"column":4}}},"7":{"name":"setModulesByAsset","line":96,"loc":{"start":{"line":96,"column":4},"end":{"line":98,"column":4}}},"8":{"name":"_setModulesByAsset","line":100,"loc":{"start":{"line":100,"column":4},"end":{"line":103,"column":4}}},"9":{"name":"getRarityByRange","line":105,"loc":{"start":{"line":105,"column":4},"end":{"line":115,"column":4}}},"10":{"name":"getRarityByRangeVIP","line":117,"loc":{"start":{"line":117,"column":4},"end":{"line":127,"column":4}}},"11":{"name":"getRarityByRange","line":129,"loc":{"start":{"line":129,"column":4},"end":{"line":132,"column":4}}},"12":{"name":"getRarityByRangeVIP","line":134,"loc":{"start":{"line":134,"column":4},"end":{"line":137,"column":4}}},"13":{"name":"getRarityByGen","line":139,"loc":{"start":{"line":139,"column":4},"end":{"line":147,"column":4}}},"14":{"name":"setAssetInGen","line":149,"loc":{"start":{"line":149,"column":4},"end":{"line":151,"column":4}}},"15":{"name":"setRarityInGen","line":153,"loc":{"start":{"line":153,"column":4},"end":{"line":155,"column":4}}},"16":{"name":"setTypeInGen","line":157,"loc":{"start":{"line":157,"column":4},"end":{"line":159,"column":4}}},"17":{"name":"setStatInGen","line":161,"loc":{"start":{"line":161,"column":4},"end":{"line":163,"column":4}}},"18":{"name":"cloneAttributesFrom","line":165,"loc":{"start":{"line":165,"column":4},"end":{"line":176,"column":4}}},"19":{"name":"incrementStatInGen","line":178,"loc":{"start":{"line":178,"column":4},"end":{"line":186,"column":4}}},"20":{"name":"_replaceInString","line":188,"loc":{"start":{"line":188,"column":4},"end":{"line":196,"column":4}}},"21":{"name":"getAssetByGen","line":198,"loc":{"start":{"line":198,"column":4},"end":{"line":206,"column":4}}},"22":{"name":"deconstructGen","line":208,"loc":{"start":{"line":208,"column":4},"end":{"line":257,"column":4}}},"23":{"name":"getCurrentStringsLength","line":259,"loc":{"start":{"line":259,"column":4},"end":{"line":261,"column":4}}},"24":{"name":"_getStringsLength","line":263,"loc":{"start":{"line":263,"column":4},"end":{"line":266,"column":4}}},"25":{"name":"getValue","line":268,"loc":{"start":{"line":268,"column":4},"end":{"line":270,"column":4}}},"26":{"name":"hashGen","line":272,"loc":{"start":{"line":272,"column":4},"end":{"line":288,"column":4}}},"27":{"name":"hashGen","line":290,"loc":{"start":{"line":290,"column":4},"end":{"line":292,"column":4}}}},"statementMap":{"1":{"start":{"line":45,"column":8},"end":{"line":45,"column":52}},"2":{"start":{"line":47,"column":8},"end":{"line":47,"column":21}},"3":{"start":{"line":48,"column":8},"end":{"line":48,"column":28}},"4":{"start":{"line":50,"column":8},"end":{"line":50,"column":42}},"5":{"start":{"line":51,"column":8},"end":{"line":51,"column":44}},"6":{"start":{"line":52,"column":8},"end":{"line":52,"column":44}},"7":{"start":{"line":53,"column":8},"end":{"line":53,"column":44}},"8":{"start":{"line":54,"column":8},"end":{"line":54,"column":44}},"9":{"start":{"line":55,"column":8},"end":{"line":55,"column":44}},"10":{"start":{"line":57,"column":8},"end":{"line":57,"column":40}},"11":{"start":{"line":58,"column":8},"end":{"line":58,"column":45}},"12":{"start":{"line":59,"column":8},"end":{"line":59,"column":47}},"13":{"start":{"line":60,"column":8},"end":{"line":60,"column":47}},"14":{"start":{"line":61,"column":8},"end":{"line":61,"column":47}},"15":{"start":{"line":62,"column":8},"end":{"line":62,"column":47}},"16":{"start":{"line":64,"column":8},"end":{"line":64,"column":132}},"17":{"start":{"line":65,"column":8},"end":{"line":65,"column":132}},"18":{"start":{"line":69,"column":8},"end":{"line":69,"column":84}},"19":{"start":{"line":73,"column":8},"end":{"line":73,"column":41}},"20":{"start":{"line":74,"column":8},"end":{"line":74,"column":89}},"21":{"start":{"line":75,"column":8},"end":{"line":75,"column":46}},"22":{"start":{"line":79,"column":8},"end":{"line":79,"column":44}},"23":{"start":{"line":83,"column":8},"end":{"line":83,"column":71}},"24":{"start":{"line":85,"column":8},"end":{"line":85,"column":76}},"25":{"start":{"line":89,"column":8},"end":{"line":89,"column":90}},"26":{"start":{"line":91,"column":8},"end":{"line":91,"column":3270}},"27":{"start":{"line":92,"column":12},"end":{"line":92,"column":54}},"28":{"start":{"line":97,"column":8},"end":{"line":97,"column":43}},"29":{"start":{"line":101,"column":8},"end":{"line":101,"column":102}},"30":{"start":{"line":102,"column":8},"end":{"line":102,"column":39}},"31":{"start":{"line":106,"column":8},"end":{"line":106,"column":65}},"32":{"start":{"line":107,"column":8},"end":{"line":107,"column":19}},"33":{"start":{"line":108,"column":8},"end":{"line":108,"column":3966}},"34":{"start":{"line":109,"column":12},"end":{"line":109,"column":47}},"35":{"start":{"line":110,"column":12},"end":{"line":110,"column":4096}},"36":{"start":{"line":111,"column":16},"end":{"line":111,"column":22}},"37":{"start":{"line":114,"column":8},"end":{"line":114,"column":18}},"38":{"start":{"line":118,"column":8},"end":{"line":118,"column":65}},"39":{"start":{"line":119,"column":8},"end":{"line":119,"column":19}},"40":{"start":{"line":120,"column":8},"end":{"line":120,"column":4405}},"41":{"start":{"line":121,"column":12},"end":{"line":121,"column":50}},"42":{"start":{"line":122,"column":12},"end":{"line":122,"column":4541}},"43":{"start":{"line":123,"column":16},"end":{"line":123,"column":22}},"44":{"start":{"line":126,"column":8},"end":{"line":126,"column":18}},"45":{"start":{"line":130,"column":8},"end":{"line":130,"column":40}},"46":{"start":{"line":131,"column":8},"end":{"line":131,"column":83}},"47":{"start":{"line":135,"column":8},"end":{"line":135,"column":40}},"48":{"start":{"line":136,"column":8},"end":{"line":136,"column":86}},"49":{"start":{"line":140,"column":8},"end":{"line":140,"column":29}},"50":{"start":{"line":141,"column":8},"end":{"line":141,"column":30}},"51":{"start":{"line":142,"column":8},"end":{"line":142,"column":40}},"52":{"start":{"line":144,"column":8},"end":{"line":144,"column":59}},"53":{"start":{"line":145,"column":8},"end":{"line":145,"column":61}},"54":{"start":{"line":146,"column":8},"end":{"line":146,"column":69}},"55":{"start":{"line":150,"column":8},"end":{"line":150,"column":47}},"56":{"start":{"line":154,"column":8},"end":{"line":154,"column":59}},"57":{"start":{"line":158,"column":8},"end":{"line":158,"column":55}},"58":{"start":{"line":162,"column":8},"end":{"line":162,"column":70}},"59":{"start":{"line":166,"column":8},"end":{"line":166,"column":41}},"60":{"start":{"line":167,"column":8},"end":{"line":167,"column":47}},"61":{"start":{"line":168,"column":8},"end":{"line":168,"column":113}},"62":{"start":{"line":169,"column":8},"end":{"line":169,"column":128}},"63":{"start":{"line":170,"column":8},"end":{"line":170,"column":83}},"64":{"start":{"line":171,"column":8},"end":{"line":171,"column":131}},"65":{"start":{"line":172,"column":8},"end":{"line":172,"column":105}},"66":{"start":{"line":173,"column":8},"end":{"line":173,"column":164}},"67":{"start":{"line":174,"column":8},"end":{"line":174,"column":104}},"68":{"start":{"line":175,"column":8},"end":{"line":175,"column":86}},"69":{"start":{"line":179,"column":8},"end":{"line":179,"column":40}},"70":{"start":{"line":180,"column":8},"end":{"line":180,"column":55}},"71":{"start":{"line":181,"column":8},"end":{"line":181,"column":86}},"72":{"start":{"line":182,"column":8},"end":{"line":182,"column":79}},"73":{"start":{"line":183,"column":8},"end":{"line":183,"column":121}},"74":{"start":{"line":184,"column":8},"end":{"line":184,"column":109}},"75":{"start":{"line":185,"column":8},"end":{"line":185,"column":85}},"76":{"start":{"line":189,"column":8},"end":{"line":189,"column":46}},"77":{"start":{"line":190,"column":8},"end":{"line":190,"column":50}},"78":{"start":{"line":191,"column":8},"end":{"line":191,"column":45}},"79":{"start":{"line":193,"column":8},"end":{"line":193,"column":56}},"80":{"start":{"line":194,"column":8},"end":{"line":194,"column":103}},"81":{"start":{"line":195,"column":8},"end":{"line":195,"column":62}},"82":{"start":{"line":199,"column":8},"end":{"line":199,"column":29}},"83":{"start":{"line":200,"column":8},"end":{"line":200,"column":30}},"84":{"start":{"line":201,"column":8},"end":{"line":201,"column":40}},"85":{"start":{"line":203,"column":8},"end":{"line":203,"column":48}},"86":{"start":{"line":204,"column":8},"end":{"line":204,"column":60}},"87":{"start":{"line":205,"column":8},"end":{"line":205,"column":69}},"88":{"start":{"line":209,"column":8},"end":{"line":209,"column":39}},"89":{"start":{"line":210,"column":8},"end":{"line":210,"column":82}},"90":{"start":{"line":211,"column":8},"end":{"line":211,"column":29}},"91":{"start":{"line":212,"column":8},"end":{"line":212,"column":30}},"92":{"start":{"line":213,"column":8},"end":{"line":213,"column":40}},"93":{"start":{"line":214,"column":8},"end":{"line":214,"column":38}},"94":{"start":{"line":215,"column":8},"end":{"line":215,"column":55}},"95":{"start":{"line":216,"column":8},"end":{"line":216,"column":51}},"96":{"start":{"line":217,"column":8},"end":{"line":217,"column":61}},"97":{"start":{"line":221,"column":12},"end":{"line":221,"column":52}},"98":{"start":{"line":222,"column":12},"end":{"line":222,"column":74}},"99":{"start":{"line":223,"column":12},"end":{"line":223,"column":71}},"100":{"start":{"line":227,"column":12},"end":{"line":227,"column":61}},"101":{"start":{"line":228,"column":12},"end":{"line":228,"column":89}},"102":{"start":{"line":229,"column":12},"end":{"line":229,"column":70}},"103":{"start":{"line":233,"column":12},"end":{"line":233,"column":63}},"104":{"start":{"line":234,"column":12},"end":{"line":234,"column":91}},"105":{"start":{"line":235,"column":12},"end":{"line":235,"column":72}},"106":{"start":{"line":240,"column":12},"end":{"line":240,"column":10470}},"107":{"start":{"line":241,"column":16},"end":{"line":241,"column":75}},"108":{"start":{"line":242,"column":16},"end":{"line":242,"column":99}},"109":{"start":{"line":243,"column":16},"end":{"line":243,"column":78}},"110":{"start":{"line":249,"column":12},"end":{"line":249,"column":10853}},"111":{"start":{"line":250,"column":16},"end":{"line":250,"column":91}},"112":{"start":{"line":251,"column":16},"end":{"line":251,"column":117}},"113":{"start":{"line":252,"column":16},"end":{"line":252,"column":83}},"114":{"start":{"line":256,"column":8},"end":{"line":256,"column":21}},"115":{"start":{"line":260,"column":8},"end":{"line":260,"column":90}},"116":{"start":{"line":264,"column":8},"end":{"line":264,"column":56}},"117":{"start":{"line":265,"column":8},"end":{"line":265,"column":72}},"118":{"start":{"line":269,"column":8},"end":{"line":269,"column":66}},"119":{"start":{"line":273,"column":8},"end":{"line":273,"column":11900}},"120":{"start":{"line":279,"column":8},"end":{"line":279,"column":12066}},"121":{"start":{"line":280,"column":12},"end":{"line":280,"column":69}},"122":{"start":{"line":283,"column":8},"end":{"line":283,"column":12208}},"123":{"start":{"line":284,"column":12},"end":{"line":284,"column":74}},"124":{"start":{"line":287,"column":8},"end":{"line":287,"column":32}},"125":{"start":{"line":291,"column":8},"end":{"line":291,"column":43}}},"branchMap":{"1":{"line":89,"type":"if","locations":[{"start":{"line":89,"column":8},"end":{"line":89,"column":8}},{"start":{"line":89,"column":8},"end":{"line":89,"column":8}}]},"2":{"line":101,"type":"if","locations":[{"start":{"line":101,"column":8},"end":{"line":101,"column":8}},{"start":{"line":101,"column":8},"end":{"line":101,"column":8}}]},"3":{"line":106,"type":"if","locations":[{"start":{"line":106,"column":8},"end":{"line":106,"column":8}},{"start":{"line":106,"column":8},"end":{"line":106,"column":8}}]},"4":{"line":110,"type":"if","locations":[{"start":{"line":110,"column":12},"end":{"line":110,"column":12}},{"start":{"line":110,"column":12},"end":{"line":110,"column":12}}]},"5":{"line":118,"type":"if","locations":[{"start":{"line":118,"column":8},"end":{"line":118,"column":8}},{"start":{"line":118,"column":8},"end":{"line":118,"column":8}}]},"6":{"line":122,"type":"if","locations":[{"start":{"line":122,"column":12},"end":{"line":122,"column":12}},{"start":{"line":122,"column":12},"end":{"line":122,"column":12}}]},"7":{"line":182,"type":"if","locations":[{"start":{"line":182,"column":8},"end":{"line":182,"column":8}},{"start":{"line":182,"column":8},"end":{"line":182,"column":8}}]},"8":{"line":184,"type":"if","locations":[{"start":{"line":184,"column":8},"end":{"line":184,"column":8}},{"start":{"line":184,"column":8},"end":{"line":184,"column":8}}]},"9":{"line":210,"type":"if","locations":[{"start":{"line":210,"column":8},"end":{"line":210,"column":8}},{"start":{"line":210,"column":8},"end":{"line":210,"column":8}}]}}},"contracts\\erc721\\utils\\MonstropolyGenScience.sol":{"l":{"17":13,"18":13,"22":49,"26":8,"27":8,"31":76,"32":75,"36":84,"37":84,"38":83,"39":83,"43":5,"44":5,"48":12,"49":12,"53":17,"54":17,"55":17,"59":87,"63":83,"64":83,"68":100,"69":100,"73":84,"74":84,"75":83,"79":6,"80":6,"84":84,"85":84,"86":84,"90":84,"91":84,"92":84,"93":84,"97":16,"98":16,"99":16,"100":16,"104":100,"108":13,"109":13},"path":"C:\\Users\\Guillermo\\Documents\\_monstropolis\\monstropoly-contracts\\contracts\\erc721\\utils\\MonstropolyGenScience.sol","s":{"1":13,"2":49,"3":8,"4":8,"5":76,"6":75,"7":84,"8":84,"9":84,"10":83,"11":83,"12":5,"13":5,"14":12,"15":12,"16":17,"17":17,"18":6,"19":17,"20":17,"21":87,"22":83,"23":83,"24":100,"25":100,"26":84,"27":84,"28":83,"29":6,"30":6,"31":84,"32":84,"33":84,"34":84,"35":84,"36":84,"37":84,"38":16,"39":16,"40":16,"41":16,"42":100,"43":13,"44":13},"b":{"1":[13,0],"2":[84,0],"3":[6,11],"4":[17,0],"5":[84,0],"6":[16,0]},"f":{"1":13,"2":49,"3":8,"4":76,"5":84,"6":5,"7":12,"8":17,"9":87,"10":83,"11":100,"12":84,"13":6,"14":84,"15":84,"16":16,"17":100,"18":13},"fnMap":{"1":{"name":"newRandom","line":16,"loc":{"start":{"line":16,"column":4},"end":{"line":19,"column":4}}},"2":{"name":"initialize","line":21,"loc":{"start":{"line":21,"column":4},"end":{"line":23,"column":4}}},"3":{"name":"generateAsset","line":25,"loc":{"start":{"line":25,"column":4},"end":{"line":28,"column":4}}},"4":{"name":"generateAssetView","line":30,"loc":{"start":{"line":30,"column":4},"end":{"line":33,"column":4}}},"5":{"name":"_generateAssetView","line":35,"loc":{"start":{"line":35,"column":4},"end":{"line":40,"column":4}}},"6":{"name":"generateFromRoot","line":42,"loc":{"start":{"line":42,"column":4},"end":{"line":45,"column":4}}},"7":{"name":"generateFromRootView","line":47,"loc":{"start":{"line":47,"column":4},"end":{"line":50,"column":4}}},"8":{"name":"_generateFromRootView","line":52,"loc":{"start":{"line":52,"column":4},"end":{"line":56,"column":4}}},"9":{"name":"_isGenFree","line":58,"loc":{"start":{"line":58,"column":4},"end":{"line":60,"column":4}}},"10":{"name":"_setGenAsset","line":62,"loc":{"start":{"line":62,"column":4},"end":{"line":65,"column":4}}},"11":{"name":"_setGenRarity","line":67,"loc":{"start":{"line":67,"column":4},"end":{"line":70,"column":4}}},"12":{"name":"_getGenRarity","line":72,"loc":{"start":{"line":72,"column":4},"end":{"line":76,"column":4}}},"13":{"name":"_setGenType","line":78,"loc":{"start":{"line":78,"column":4},"end":{"line":81,"column":4}}},"14":{"name":"_generateGenRaw","line":83,"loc":{"start":{"line":83,"column":4},"end":{"line":87,"column":4}}},"15":{"name":"_buildGen","line":89,"loc":{"start":{"line":89,"column":4},"end":{"line":94,"column":4}}},"16":{"name":"setRandom","line":96,"loc":{"start":{"line":96,"column":4},"end":{"line":101,"column":4}}},"17":{"name":"_getStringsLength","line":103,"loc":{"start":{"line":103,"column":4},"end":{"line":105,"column":4}}},"18":{"name":"_resetRandom","line":107,"loc":{"start":{"line":107,"column":4},"end":{"line":110,"column":4}}}},"statementMap":{"1":{"start":{"line":17,"column":8},"end":{"line":17,"column":102}},"2":{"start":{"line":22,"column":8},"end":{"line":22,"column":52}},"3":{"start":{"line":26,"column":8},"end":{"line":26,"column":61}},"4":{"start":{"line":27,"column":8},"end":{"line":27,"column":21}},"5":{"start":{"line":31,"column":8},"end":{"line":31,"column":62}},"6":{"start":{"line":32,"column":8},"end":{"line":32,"column":31}},"7":{"start":{"line":36,"column":8},"end":{"line":36,"column":46}},"8":{"start":{"line":37,"column":8},"end":{"line":37,"column":83}},"9":{"start":{"line":37,"column":30},"end":{"line":37,"column":82}},"10":{"start":{"line":38,"column":8},"end":{"line":38,"column":102}},"11":{"start":{"line":39,"column":8},"end":{"line":39,"column":70}},"12":{"start":{"line":43,"column":8},"end":{"line":43,"column":73}},"13":{"start":{"line":44,"column":8},"end":{"line":44,"column":21}},"14":{"start":{"line":48,"column":8},"end":{"line":48,"column":74}},"15":{"start":{"line":49,"column":8},"end":{"line":49,"column":31}},"16":{"start":{"line":53,"column":8},"end":{"line":53,"column":65}},"17":{"start":{"line":54,"column":8},"end":{"line":54,"column":66}},"18":{"start":{"line":54,"column":26},"end":{"line":54,"column":65}},"19":{"start":{"line":55,"column":8},"end":{"line":55,"column":68}},"20":{"start":{"line":55,"column":26},"end":{"line":55,"column":67}},"21":{"start":{"line":59,"column":8},"end":{"line":59,"column":104}},"22":{"start":{"line":63,"column":8},"end":{"line":63,"column":102}},"23":{"start":{"line":64,"column":8},"end":{"line":64,"column":57}},"24":{"start":{"line":68,"column":8},"end":{"line":68,"column":102}},"25":{"start":{"line":69,"column":8},"end":{"line":69,"column":83}},"26":{"start":{"line":73,"column":8},"end":{"line":73,"column":102}},"27":{"start":{"line":74,"column":8},"end":{"line":74,"column":98}},"28":{"start":{"line":75,"column":8},"end":{"line":75,"column":22}},"29":{"start":{"line":79,"column":8},"end":{"line":79,"column":102}},"30":{"start":{"line":80,"column":8},"end":{"line":80,"column":79}},"31":{"start":{"line":84,"column":8},"end":{"line":84,"column":39}},"32":{"start":{"line":85,"column":8},"end":{"line":85,"column":93}},"33":{"start":{"line":86,"column":8},"end":{"line":86,"column":40}},"34":{"start":{"line":90,"column":8},"end":{"line":90,"column":102}},"35":{"start":{"line":91,"column":8},"end":{"line":91,"column":45}},"36":{"start":{"line":92,"column":8},"end":{"line":92,"column":39}},"37":{"start":{"line":93,"column":8},"end":{"line":93,"column":112}},"38":{"start":{"line":97,"column":8},"end":{"line":97,"column":39}},"39":{"start":{"line":98,"column":8},"end":{"line":98,"column":93}},"40":{"start":{"line":99,"column":8},"end":{"line":99,"column":23}},"41":{"start":{"line":100,"column":8},"end":{"line":100,"column":33}},"42":{"start":{"line":104,"column":8},"end":{"line":104,"column":110}},"43":{"start":{"line":108,"column":8},"end":{"line":108,"column":26}},"44":{"start":{"line":109,"column":8},"end":{"line":109,"column":22}}},"branchMap":{"1":{"line":17,"type":"if","locations":[{"start":{"line":17,"column":8},"end":{"line":17,"column":8}},{"start":{"line":17,"column":8},"end":{"line":17,"column":8}}]},"2":{"line":37,"type":"if","locations":[{"start":{"line":37,"column":8},"end":{"line":37,"column":8}},{"start":{"line":37,"column":8},"end":{"line":37,"column":8}}]},"3":{"line":54,"type":"if","locations":[{"start":{"line":54,"column":8},"end":{"line":54,"column":8}},{"start":{"line":54,"column":8},"end":{"line":54,"column":8}}]},"4":{"line":55,"type":"if","locations":[{"start":{"line":55,"column":8},"end":{"line":55,"column":8}},{"start":{"line":55,"column":8},"end":{"line":55,"column":8}}]},"5":{"line":85,"type":"if","locations":[{"start":{"line":85,"column":8},"end":{"line":85,"column":8}},{"start":{"line":85,"column":8},"end":{"line":85,"column":8}}]},"6":{"line":98,"type":"if","locations":[{"start":{"line":98,"column":8},"end":{"line":98,"column":8}},{"start":{"line":98,"column":8},"end":{"line":98,"column":8}}]}}},"contracts\\erc721\\utils\\MonstropolyTrainer.sol":{"l":{"26":10,"28":10,"29":10,"30":10,"31":10,"32":10,"33":10,"34":10,"35":10,"36":10,"40":7,"44":0,"48":10,"52":2,"53":4,"58":94,"59":94,"64":7,"66":7,"67":7,"68":7,"69":7,"70":7,"71":6,"74":6,"75":6,"76":6,"77":5,"83":5,"85":4,"86":4},"path":"C:\\Users\\Guillermo\\Documents\\_monstropolis\\monstropoly-contracts\\contracts\\erc721\\utils\\MonstropolyTrainer.sol","s":{"1":10,"2":10,"3":10,"4":10,"5":10,"6":10,"7":10,"8":10,"9":10,"10":10,"11":7,"12":0,"13":10,"14":2,"15":4,"16":94,"17":94,"18":7,"19":7,"20":7,"21":7,"22":7,"23":7,"24":6,"25":6,"26":6,"27":6,"28":5,"29":5,"30":4,"31":4},"b":{"1":[5,1]},"f":{"1":10,"2":7,"3":0,"4":10,"5":2,"6":94,"7":7},"fnMap":{"1":{"name":"initialize","line":25,"loc":{"start":{"line":25,"column":4},"end":{"line":37,"column":4}}},"2":{"name":"_msgSender","line":39,"loc":{"start":{"line":39,"column":4},"end":{"line":41,"column":4}}},"3":{"name":"_msgData","line":43,"loc":{"start":{"line":43,"column":4},"end":{"line":45,"column":4}}},"4":{"name":"setTrustedForwarder","line":47,"loc":{"start":{"line":47,"column":4},"end":{"line":49,"column":4}}},"5":{"name":"updatePrice","line":51,"loc":{"start":{"line":51,"column":4},"end":{"line":55,"column":4}}},"6":{"name":"_updatePrice","line":57,"loc":{"start":{"line":57,"column":4},"end":{"line":60,"column":4}}},"7":{"name":"trainStat","line":63,"loc":{"start":{"line":63,"column":4},"end":{"line":87,"column":4}}}},"statementMap":{"1":{"start":{"line":26,"column":8},"end":{"line":26,"column":52}},"2":{"start":{"line":28,"column":8},"end":{"line":28,"column":39}},"3":{"start":{"line":29,"column":8},"end":{"line":29,"column":39}},"4":{"start":{"line":30,"column":8},"end":{"line":30,"column":39}},"5":{"start":{"line":31,"column":8},"end":{"line":31,"column":39}},"6":{"start":{"line":32,"column":8},"end":{"line":32,"column":39}},"7":{"start":{"line":33,"column":8},"end":{"line":33,"column":39}},"8":{"start":{"line":34,"column":8},"end":{"line":34,"column":39}},"9":{"start":{"line":35,"column":8},"end":{"line":35,"column":39}},"10":{"start":{"line":36,"column":8},"end":{"line":36,"column":39}},"11":{"start":{"line":40,"column":8},"end":{"line":40,"column":46}},"12":{"start":{"line":44,"column":8},"end":{"line":44,"column":44}},"13":{"start":{"line":48,"column":8},"end":{"line":48,"column":39}},"14":{"start":{"line":52,"column":8},"end":{"line":52,"column":2226}},"15":{"start":{"line":53,"column":12},"end":{"line":53,"column":75}},"16":{"start":{"line":58,"column":8},"end":{"line":58,"column":54}},"17":{"start":{"line":59,"column":8},"end":{"line":59,"column":64}},"18":{"start":{"line":64,"column":8},"end":{"line":64,"column":39}},"19":{"start":{"line":66,"column":8},"end":{"line":66,"column":114}},"20":{"start":{"line":67,"column":8},"end":{"line":67,"column":78}},"21":{"start":{"line":68,"column":8},"end":{"line":68,"column":43}},"22":{"start":{"line":69,"column":8},"end":{"line":69,"column":102}},"23":{"start":{"line":70,"column":8},"end":{"line":70,"column":68}},"24":{"start":{"line":71,"column":8},"end":{"line":71,"column":47}},"25":{"start":{"line":74,"column":8},"end":{"line":74,"column":101}},"26":{"start":{"line":75,"column":8},"end":{"line":75,"column":60}},"27":{"start":{"line":76,"column":8},"end":{"line":76,"column":67}},"28":{"start":{"line":7
[...]
{"line":27,"column":8},"end":{"line":27,"column":45}},"14":{"start":{"line":28,"column":8},"end":{"line":28,"column":23}},"15":{"start":{"line":29,"column":8},"end":{"line":29,"column":885}},"16":{"start":{"line":30,"column":12},"end":{"line":30,"column":34}},"17":{"start":{"line":31,"column":12},"end":{"line":31,"column":983}},"18":{"start":{"line":34,"column":12},"end":{"line":34,"column":21}},"19":{"start":{"line":36,"column":8},"end":{"line":36,"column":27}},"20":{"start":{"line":40,"column":8},"end":{"line":40,"column":41}},"21":{"start":{"line":41,"column":8},"end":{"line":41,"column":22}},"22":{"start":{"line":42,"column":8},"end":{"line":42,"column":1304}},"23":{"start":{"line":43,"column":12},"end":{"line":43,"column":1359}},"24":{"start":{"line":44,"column":16},"end":{"line":44,"column":83}},"25":{"start":{"line":45,"column":19},"end":{"line":45,"column":1539}},"26":{"start":{"line":46,"column":16},"end":{"line":46,"column":83}},"27":{"start":{"line":47,"column":19},"end":{"line":47,"column":1704}},"28":{"start":{"line":48,"column":16},"end":{"line":48,"column":83}},"29":{"start":{"line":51,"column":8},"end":{"line":51,"column":20}},"30":{"start":{"line":55,"column":8},"end":{"line":55,"column":45}},"31":{"start":{"line":63,"column":8},"end":{"line":63,"column":30}},"32":{"start":{"line":116,"column":8},"end":{"line":116,"column":32}}},"branchMap":{"1":{"line":19,"type":"if","locations":[{"start":{"line":19,"column":8},"end":{"line":19,"column":8}},{"start":{"line":19,"column":8},"end":{"line":19,"column":8}}]},"2":{"line":43,"type":"if","locations":[{"start":{"line":43,"column":12},"end":{"line":43,"column":12}},{"start":{"line":43,"column":12},"end":{"line":43,"column":12}}]},"3":{"line":45,"type":"if","locations":[{"start":{"line":45,"column":19},"end":{"line":45,"column":19}},{"start":{"line":45,"column":19},"end":{"line":45,"column":19}}]},"4":{"line":47,"type":"if","locations":[{"start":{"line":47,"column":19},"end":{"line":47,"column":19}},{"start":{"line":47,"column":19},"end":{"line":47,"column":19}}]}}},"contracts\\utils\\ERC20Charger.sol":{"l":{"8":16,"9":1,"11":15,"16":1,"17":1,"22":1,"24":1,"29":1,"33":0,"37":15,"41":5},"path":"C:\\Users\\Guillermo\\Documents\\_monstropolis\\monstropoly-contracts\\contracts\\utils\\ERC20Charger.sol","s":{"1":16,"2":1,"3":15,"4":1,"5":1,"6":1,"7":1,"8":0,"9":15,"10":5},"b":{"1":[1,15],"2":[1,0],"3":[1,0]},"f":{"1":16,"2":1,"3":1,"4":0,"5":15,"6":5},"fnMap":{"1":{"name":"_transferFrom","line":7,"loc":{"start":{"line":7,"column":4},"end":{"line":13,"column":4}}},"2":{"name":"_transferETH","line":15,"loc":{"start":{"line":15,"column":4},"end":{"line":18,"column":4}}},"3":{"name":"_safeTransferETH","line":21,"loc":{"start":{"line":21,"column":4},"end":{"line":30,"column":4}}},"4":{"name":"_transferERC20","line":32,"loc":{"start":{"line":32,"column":4},"end":{"line":34,"column":4}}},"5":{"name":"_transferFromERC20","line":36,"loc":{"start":{"line":36,"column":4},"end":{"line":38,"column":4}}},"6":{"name":"_burnFromERC20","line":40,"loc":{"start":{"line":40,"column":4},"end":{"line":42,"column":4}}}},"statementMap":{"1":{"start":{"line":8,"column":8},"end":{"line":8,"column":250}},"2":{"start":{"line":9,"column":12},"end":{"line":9,"column":44}},"3":{"start":{"line":11,"column":12},"end":{"line":11,"column":58}},"4":{"start":{"line":16,"column":8},"end":{"line":16,"column":69}},"5":{"start":{"line":17,"column":8},"end":{"line":17,"column":37}},"6":{"start":{"line":22,"column":8},"end":{"line":22,"column":23}},"7":{"start":{"line":29,"column":8},"end":{"line":29,"column":63}},"8":{"start":{"line":33,"column":8},"end":{"line":33,"column":55}},"9":{"start":{"line":37,"column":8},"end":{"line":37,"column":75}},"10":{"start":{"line":41,"column":8},"end":{"line":41,"column":57}}},"branchMap":{"1":{"line":8,"type":"if","locations":[{"start":{"line":8,"column":8},"end":{"line":8,"column":8}},{"start":{"line":8,"column":8},"end":{"line":8,"column":8}}]},"2":{"line":16,"type":"if","locations":[{"start":{"line":16,"column":8},"end":{"line":16,"column":8}},{"start":{"line":16,"column":8},"end":{"line":16,"column":8}}]},"3":{"line":29,"type":"if","locations":[{"start":{"line":29,"column":8},"end":{"line":29,"column":8}},{"start":{"line":29,"column":8},"end":{"line":29,"column":8}}]}}},"contracts\\utils\\Token.sol":{"l":{"11":36,"12":36,"13":36,"17":2,"18":2,"22":0},"path":"C:\\Users\\Guillermo\\Documents\\_monstropolis\\monstropoly-contracts\\contracts\\utils\\Token.sol","s":{"1":36,"2":36,"3":36,"4":2,"5":2,"6":0},"b":{"1":[2,0]},"f":{"1":36,"2":2,"3":0},"fnMap":{"1":{"name":"constructor","line":10,"loc":{"start":{"line":10,"column":4},"end":{"line":14,"column":4}}},"2":{"name":"mint","line":16,"loc":{"start":{"line":16,"column":4},"end":{"line":19,"column":4}}},"3":{"name":"burn","line":21,"loc":{"start":{"line":21,"column":4},"end":{"line":23,"column":4}}}},"statementMap":{"1":{"start":{"line":11,"column":8},"end":{"line":11,"column":35}},"2":{"start":{"line":12,"column":8},"end":{"line":12,"column":25}},"3":{"start":{"line":13,"column":8},"end":{"line":13,"column":25}},"4":{"start":{"line":17,"column":8},"end":{"line":17,"column":65}},"5":{"start":{"line":18,"column":8},"end":{"line":18,"column":29}},"6":{"start":{"line":22,"column":8},"end":{"line":22,"column":32}}},"branchMap":{"1":{"line":17,"type":"if","locations":[{"start":{"line":17,"column":8},"end":{"line":17,"column":8}},{"start":{"line":17,"column":8},"end":{"line":17,"column":8}}]}}},"contracts\\utils\\UUPSNotUpgradeable.sol":{"l":{"25":5,"29":0},"path":"C:\\Users\\Guillermo\\Documents\\_monstropolis\\monstropoly-contracts\\contracts\\utils\\UUPSNotUpgradeable.sol","s":{"1":5,"2":0},"b":{"1":[3,2]},"f":{"1":5,"2":0},"fnMap":{"1":{"name":"_authorizeUpgrade","line":21,"loc":{"start":{"line":19,"column":4},"end":{"line":26,"column":4}}},"2":{"name":"implementation","line":28,"loc":{"start":{"line":28,"column":8},"end":{"line":30,"column":4}}}},"statementMap":{"1":{"start":{"line":25,"column":8},"end":{"line":25,"column":154}},"2":{"start":{"line":29,"column":8},"end":{"line":29,"column":35}}},"branchMap":{"1":{"line":25,"type":"if","locations":[{"start":{"line":25,"column":8},"end":{"line":25,"column":8}},{"start":{"line":25,"column":8},"end":{"line":25,"column":8}}]}}},"contracts\\utils\\UUPSUpgradeableByRole.sol":{"l":{},"path":"C:\\Users\\Guillermo\\Documents\\_monstropolis\\monstropoly-contracts\\contracts\\utils\\UUPSUpgradeableByRole.sol","s":{},"b":{},"f":{"1":3},"fnMap":{"1":{"name":"_authorizeUpgrade","line":13,"loc":{"start":{"line":11,"column":4},"end":{"line":15,"column":5}}}},"statementMap":{},"branchMap":{}},"contracts\\vaults\\MonstropolyDistributionVault.sol":{"l":{"22":26,"26":36,"30":34,"31":34,"32":34,"33":34,"37":68,"38":66,"39":66,"43":68,"44":68,"45":68,"46":68,"47":68,"51":2,"52":2,"54":2,"55":2,"56":2,"58":2,"60":2,"62":2,"63":1,"65":1,"68":2,"82":26,"83":26,"84":26,"85":26,"87":26,"91":26,"92":26,"93":26},"path":"C:\\Users\\Guillermo\\Documents\\_monstropolis\\monstropoly-contracts\\contracts\\vaults\\MonstropolyDistributionVault.sol","s":{"1":26,"2":36,"3":34,"4":34,"5":34,"6":34,"7":68,"8":66,"9":66,"10":68,"11":68,"12":68,"13":68,"14":68,"15":2,"16":2,"17":2,"18":2,"19":2,"20":2,"21":2,"22":2,"23":1,"24":1,"25":2,"26":26,"27":26,"28":26,"29":26,"30":26,"31":26,"32":26},"b":{"1":[34,0],"2":[66,2],"3":[2,0],"4":[1,1],"5":[26,0]},"f":{"1":26,"2":36,"3":34,"4":68,"5":68,"6":2,"7":26},"fnMap":{"1":{"name":"initialize","line":20,"loc":{"start":{"line":20,"column":4},"end":{"line":23,"column":4}}},"2":{"name":"available","line":25,"loc":{"start":{"line":25,"column":4},"end":{"line":27,"column":4}}},"3":{"name":"distribute","line":29,"loc":{"start":{"line":29,"column":4},"end":{"line":34,"column":4}}},"4":{"name":"createDistributor","line":36,"loc":{"start":{"line":36,"column":4},"end":{"line":40,"column":4}}},"5":{"name":"_createDistributor","line":42,"loc":{"start":{"line":42,"column":4},"end":{"line":48,"column":4}}},"6":{"name":"migrateDistributor","line":50,"loc":{"start":{"line":50,"column":4},"end":{"line":70,"column":4}}},"7":{"name":"createRewards","line":81,"loc":{"start":{"line":81,"column":4},"end":{"line":94,"column":4}}}},"statementMap":{"1":{"start":{"line":22,"column":6},"end":{"line":22,"column":50}},"2":{"start":{"line":26,"column":8},"end":{"line":26,"column":56}},"3":{"start":{"line":30,"column":8},"end":{"line":30,"column":100}},"4":{"start":{"line":31,"column":8},"end":{"line":31,"column":40}},"5":{"start":{"line":32,"column":8},"end":{"line":32,"column":104}},"6":{"start":{"line":33,"column":8},"end":{"line":33,"column":58}},"7":{"start":{"line":37,"column":8},"end":{"line":37,"column":170}},"8":{"start":{"line":38,"column":8},"end":{"line":38,"column":24}},"9":{"start":{"line":39,"column":8},"end":{"line":39,"column":91}},"10":{"start":{"line":43,"column":8},"end":{"line":43,"column":133}},"11":{"start":{"line":44,"column":8},"end":{"line":44,"column":57}},"12":{"start":{"line":45,"column":8},"end":{"line":45,"column":65}},"13":{"start":{"line":46,"column":8},"end":{"line":46,"column":44}},"14":{"start":{"line":47,"column":8},"end":{"line":47,"column":45}},"15":{"start":{"line":51,"column":8},"end":{"line":51,"column":67}},"16":{"start":{"line":52,"column":8},"end":{"line":52,"column":78}},"17":{"start":{"line":54,"column":8},"end":{"line":54,"column":46}},"18":{"start":{"line":55,"column":8},"end":{"line":55,"column":61}},"19":{"start":{"line":56,"column":8},"end":{"line":56,"column":41}},"20":{"start":{"line":58,"column":8},"end":{"line":58,"column":75}},"21":{"start":{"line":60,"column":8},"end":{"line":60,"column":121}},"22":{"start":{"line":62,"column":8},"end":{"line":62,"column":3018}},"23":{"start":{"line":63,"column":12},"end":{"line":63,"column":134}},"24":{"start":{"line":65,"column":12},"end":{"line":65,"column":104}},"25":{"start":{"line":68,"column":8},"end":{"line":68,"column":24}},"26":{"start":{"line":82,"column":8},"end":{"line":82,"column":182}},"27":{"start":{"line":83,"column":8},"end":{"line":83,"column":36}},"28":{"start":{"line":84,"column":8},"end":{"line":84,"column":30}},"29":{"start":{"line":85,"column":8},"end":{"line":85,"column":115}},"30":{"start":{"line":91,"column":8},"end":{"line":91,"column":79}},"31":{"start":{"line":92,"column":8},"end":{"line":92,"column":52}},"32":{"start":{"line":93,"column":8},"end":{"line":93,"column":59}}},"branchMap":{"1":{"line":30,"type":"if","locations":[{"start":{"line":30,"column":8},"end":{"line":30,"column":8}},{"start":{"line":30,"column":8},"end":{"line":30,"column":8}}]},"2":{"line":37,"type":"if","locations":[{"start":{"line":37,"column":8},"end":{"line":37,"column":8}},{"start":{"line":37,"column":8},"end":{"line":37,"column":8}}]},"3":{"line":60,"type":"if","locations":[{"start":{"line":60,"column":8},"end":{"line":60,"column":8}},{"start":{"line":60,"column":8},"end":{"line":60,"column":8}}]},"4":{"line":62,"type":"if","locations":[{"start":{"line":62,"column":8},"end":{"line":62,"column":8}},{"start":{"line":62,"column":8},"end":{"line":62,"column":8}}]},"5":{"line":82,"type":"if","locations":[{"start":{"line":82,"column":8},"end":{"line":82,"column":8}},{"start":{"line":82,"column":8},"end":{"line":82,"column":8}}]}}},"contracts\\vaults\\MonstropolyDistributor.sol":{"l":{"29":41,"30":41,"32":41,"33":40,"36":41,"37":37,"38":30,"40":7,"44":41,"48":31,"49":31,"51":31,"55":25,"56":25,"57":23,"58":23,"59":23,"60":23,"64":2,"65":2,"66":2,"67":2,"72":68,"74":68,"75":68,"76":68,"77":68,"79":68,"80":68,"82":68,"83":68,"85":68},"path":"C:\\Users\\Guillermo\\Documents\\_monstropolis\\monstropoly-contracts\\contracts\\vaults\\MonstropolyDistributor.sol","s":{"1":41,"2":41,"3":41,"4":40,"5":41,"6":37,"7":30,"8":7,"9":41,"10":31,"11":31,"12":31,"13":25,"14":25,"15":23,"16":23,"17":23,"18":23,"19":2,"20":2,"21":2,"22":2,"23":68,"24":68,"25":68,"26":68,"27":68,"28":68,"29":68,"30":68,"31":68,"32":68},"b":{"1":[40,1],"2":[37,4],"3":[30,7],"4":[31,0],"5":[23,2],"6":[2,0],"7":[68,0]},"f":{"1":41,"2":31,"3":25,"4":2,"5":68},"fnMap":{"1":{"name":"released","line":28,"loc":{"start":{"line":28,"column":4},"end":{"line":45,"column":4}}},"2":{"name":"pending","line":47,"loc":{"start":{"line":47,"column":4},"end":{"line":52,"column":4}}},"3":{"name":"claim","line":54,"loc":{"start":{"line":54,"column":4},"end":{"line":61,"column":4}}},"4":{"name":"finish","line":63,"loc":{"start":{"line":63,"column":4},"end":{"line":68,"column":4}}},"5":{"name":"constructor","line":70,"loc":{"start":{"line":70,"column":4},"end":{"line":86,"column":4}}}},"statementMap":{"1":{"start":{"line":29,"column":8},"end":{"line":29,"column":26}},"2":{"start":{"line":30,"column":8},"end":{"line":30,"column":35}},"3":{"start":{"line":32,"column":8},"end":{"line":32,"column":890}},"4":{"start":{"line":33,"column":12},"end":{"line":33,"column":28}},"5":{"start":{"line":36,"column":8},"end":{"line":36,"column":972}},"6":{"start":{"line":37,"column":12},"end":{"line":37,"column":1025}},"7":{"start":{"line":38,"column":16},"end":{"line":38,"column":67}},"8":{"start":{"line":40,"column":16},"end":{"line":40,"column":66}},"9":{"start":{"line":44,"column":8},"end":{"line":44,"column":21}},"10":{"start":{"line":48,"column":8},"end":{"line":48,"column":74}},"11":{"start":{"line":49,"column":8},"end":{"line":49,"column":118}},"12":{"start":{"line":51,"column":8},"end":{"line":51,"column":67}},"13":{"start":{"line":55,"column":8},"end":{"line":55,"column":71}},"14":{"start":{"line":56,"column":8},"end":{"line":56,"column":72}},"15":{"start":{"line":57,"column":8},"end":{"line":57,"column":35}},"16":{"start":{"line":58,"column":8},"end":{"line":58,"column":30}},"17":{"start":{"line":59,"column":8},"end":{"line":59,"column":73}},"18":{"start":{"line":60,"column":8},"end":{"line":60,"column":37}},"19":{"start":{"line":64,"column":8},"end":{"line":64,"column":35}},"20":{"start":{"line":65,"column":8},"end":{"line":65,"column":27}},"21":{"start":{"line":66,"column":8},"end":{"line":66,"column":28}},"22":{"start":{"line":67,"column":8},"end":{"line":67,"column":16}},"23":{"start":{"line":72,"column":8},"end":{"line":72,"column":25}},"24":{"start":{"line":74,"column":8},"end":{"line":74,"column":98}},"25":{"start":{"line":75,"column":8},"end":{"line":75,"column":31}},"26":{"start":{"line":76,"column":8},"end":{"line":76,"column":27}},"27":{"start":{"line":77,"column":8},"end":{"line":77,"column":21}},"28":{"start":{"line":79,"column":8},"end":{"line":79,"column":25}},"29":{"start":{"line":80,"column":8},"end":{"line":80,"column":71}},"30":{"start":{"line":82,"column":8},"end":{"line":82,"column":31}},"31":{"start":{"line":83,"column":8},"end":{"line":83,"column":17}},"32":{"start":{"line":85,"column":8},"end":{"line":85,"column":82}}},"branchMap":{"1":{"line":32,"type":"if","locations":[{"start":{"line":32,"column":8},"end":{"line":32,"column":8}},{"start":{"line":32,"column":8},"end":{"line":32,"column":8}}]},"2":{"line":36,"type":"if","locations":[{"start":{"line":36,"column":8},"end":{"line":36,"column":8}},{"start":{"line":36,"column":8},"end":{"line":36,"column":8}}]},"3":{"line":37,"type":"if","locations":[{"start":{"line":37,"column":12},"end":{"line":37,"column":12}},{"start":{"line":37,"column":12},"end":{"line":37,"column":12}}]},"4":{"line":49,"type":"if","locations":[{"start":{"line":49,"column":8},"end":{"line":49,"column":8}},{"start":{"line":49,"column":8},"end":{"line":49,"column":8}}]},"5":{"line":56,"type":"if","locations":[{"start":{"line":56,"column":8},"end":{"line":56,"column":8}},{"start":{"line":56,"column":8},"end":{"line":56,"column":8}}]},"6":{"line":64,"type":"if","locations":[{"start":{"line":64,"column":8},"end":{"line":64,"column":8}},{"start":{"line":64,"column":8},"end":{"line":64,"column":8}}]},"7":{"line":74,"type":"if","locations":[{"start":{"line":74,"column":8},"end":{"line":74,"column":8}},{"start":{"line":74,"column":8},"end":{"line":74,"column":8}}]}}},"contracts\\vaults\\MonstropolyRewardsDistributor.sol":{"l":{"25":43,"27":43,"28":43,"29":1,"30":1,"32":42,"33":42,"34":11,"38":0,"41":43,"45":5,"49":38,"53":12,"57":11,"58":11,"59":11,"60":11,"61":11,"66":26,"67":26,"68":26,"69":26,"71":26,"72":26,"74":26,"75":26,"76":26,"77":26,"79":26},"path":"C:\\Users\\Guillermo\\Documents\\_monstropolis\\monstropoly-contracts\\contracts\\vaults\\MonstropolyRewardsDistributor.sol","s":{"1":43,"2":43,"3":43,"4":1,"5":1,"6":42,"7":42,"8":11,"9":0,"10":43,"11":5,"12":38,"13":12,"14":11,"15":11,"16":11,"17":11,"18":11,"19":26,"20":26,"21":26,"22":26,"23":26,"24":26,"25":26,"26":26,"27":26,"28":26,"29":26},"b":{"1":[43,0],"2":[1,42],"3":[11,31],"4":[11,0]},"f":{"1":43,"2":5,"3":38,"4":12,"5":11,"6":26},"fnMap":{"1":{"name":"_released","line":23,"loc":{"start":{"line":23,"column":4},"end":{"line":42,"column":4}}},"2":{"name":"released","line":44,"loc":{"start":{"line":44,"column":4},"end":{"line":46,"column":4}}},"3":{"name":"released","line":48,"loc":{"start":{"line":48,"column":4},"end":{"line":50,"column":4}}},"4":{"name":"available","line":52,"loc":{"start":{"line":52,"column":4},"end":{"line":54,"column":4}}},"5":{"name":"distribute","line":56,"loc":{"start":{"line":56,"column":4},"end":{"line":62,"column":4}}},"6":{"name":"constructor","line":64,"loc":{"start":{"line":64,"column":4},"end":{"line":80,"column":4}}}},"statementMap":{"1":{"start":{"line":25,"column":8},"end":{"line":25,"column":26}},"2":{"start":{"line":27,"column":8},"end":{"line":27,"column":804}},"3":{"start":{"line":28,"column":12},"end":{"line":28,"column":853}},"4":{"start":{"line":29,"column":16},"end":{"line":29,"column":65}},"5":{"start":{"line":30,"column":16},"end":{"line":30,"column":74}},"6":{"start":{"line":32,"column":16},"end":{"line":32,"column":69}},"7":{"start":{"line":33,"column":16},"end":{"line":33,"column":1146}},"8":{"start":{"line":34,"column":20},"end":{"line":34,"column":82}},"9":{"start":{"line":38,"column":12},"end":{"line":38,"column":20}},"10":{"start":{"line":41,"column":8},"end":{"line":41,"column":21}},"11":{"start":{"line":45,"column":8},"end":{"line":45,"column":26}},"12":{"start":{"line":49,"column":8},"end":{"line":49,"column":59}},"13":{"start":{"line":53,"column":6},"end":{"line":53,"column":43}},"14":{"start":{"line":57,"column":8},"end":{"line":57,"column":105}},"15":{"start":{"line":58,"column":8},"end":{"line":58,"column":98}},"16":{"start":{"line":59,"column":8},"end":{"line":59,"column":32}},"17":{"start":{"line":60,"column":8},"end":{"line":60,"column":170}},"18":{"start":{"line":61,"column":8},"end":{"line":61,"column":58}},"19":{"start":{"line":66,"column":8},"end":{"line":66,"column":25}},"20":{"start":{"line":67,"column":8},"end":{"line":67,"column":31}},"21":{"start":{"line":68,"column":8},"end":{"line":68,"column":27}},"22":{"start":{"line":69,"column":8},"end":{"line":69,"column":33}},"23":{"start":{"line":71,"column":8},"end":{"line":71,"column":57}},"24":{"start":{"line":72,"column":8},"end":{"line":72,"column":66}},"25":{"start":{"line":74,"column":8},"end":{"line":74,"column":50}},"26":{"start":{"line":75,"column":8},"end":{"line":75,"column":50}},"27":{"start":{"line":76,"column":8},"end":{"line":76,"column":54}},"28":{"start":{"line":77,"column":8},"end":{"line":77,"column":46}},"29":{"start":{"line":79,"column":8},"end":{"line":79,"column":79}}},"branchMap":{"1":{"line":27,"type":"if","locations":[{"start":{"line":27,"column":8},"end":{"line":27,"column":8}},{"start":{"line":27,"column":8},"end":{"line":27,"column":8}}]},"2":{"line":28,"type":"if","locations":[{"start":{"line":28,"column":12},"end":{"line":28,"column":12}},{"start":{"line":28,"column":12},"end":{"line":28,"column":12}}]},"3":{"line":33,"type":"if","locations":[{"start":{"line":33,"column":16},"end":{"line":33,"column":16}},{"start":{"line":33,"column":16},"end":{"line":33,"column":16}}]},"4":{"line":58,"type":"if","locations":[{"start":{"line":58,"column":8},"end":{"line":58,"column":8}},{"start":{"line":58,"column":8},"end":{"line":58,"column":8}}]}}}}